[10, 206, 250]
14 required to align
[206, 250, 186, 186, 5, 72, 69, 76, 76, 79, 222, 250, 254, 202]
1 required to align
HELLO
[0]telemetry initialized
[0]program start
[0]SPI, I2C, RF communication pins set
[0]TVC initialized
[0]testing TVC...
[0]TVC test completed
[0]sensors initialized
[0]timing set, starting PL_COUNTDOWN
[50, 53, 56]
16 required to align
[46, 51, 55]
15 required to align
[46, 52, 55]
15 required to align
[57, 46, 52]
16 required to align
[44, 13, 10]
15 required to align
[49, 55, 46]
15 required to align
[48, 46, 48]
16 required to align
[57, 46, 52]
15 required to align
[56, 57, 46]
16 required to align
[50, 44, 13]
15 required to align
[45, 49, 55]
15 required to align
[44, 48, 46]
16 required to align
[44, 13, 10]
9 required to align
[54, 54, 55]
10 required to align
[46, 52, 54]
15 required to align
[44, 13, 10]
14 required to align
[51, 44, 56]
21 required to align
[49, 54, 56]
15 required to align
[55, 46, 52]
19 required to align
[46, 48, 48]
16 required to align
[44, 13, 10]
7 required to align
[56, 44, 45]
12 required to align
[53, 56, 49]
15 required to align
[44, 13, 10]
12 required to align
[44, 56, 57]
22 required to align
[49, 53, 44]
15 required to align
[46, 52, 53]
19 required to align
[46, 48, 48]
15 required to align
[44, 13, 10]
7 required to align
[53, 56, 50]
10 required to align
[52, 53, 53]
16 required to align
[44, 13, 10]
13 required to align
[57, 46, 52]
7 required to align
[44, 56, 57]
15 required to align
[57, 44, 13]
16 required to align
[46, 52, 52]
18 required to align
[46, 48, 48]
15 required to align
[44, 13, 10]
7 required to align
[50, 50, 44]
11 required to align
[52, 54, 51]
15 required to align
[44, 13, 10]
13 required to align
[57, 46, 52]
7 required to align
[44, 56, 57]
15 required to align
[54, 51, 44]
15 required to align
[46, 52, 52]
19 required to align
[46, 48, 48]
15 required to align
[44, 13, 10]
7 required to align
[52, 44, 45]
12 required to align
[53, 56, 48]
15 required to align
[44, 13, 10]
12 required to align
[54, 48, 49]
10 required to align
[52, 53, 55]
16 required to align
[44, 13, 10]
13 required to align
[51, 44, 56]
21 required to align
[53, 56, 57]
15 required to align
[46, 52, 53]
20 required to align
[46, 48, 48]
15 required to align
[44, 13, 10]
7 required to align
[57, 44, 45]
12 required to align
[53, 54, 49]
15 required to align
[44, 13, 10]
12 required to align
[46, 52, 54]
8 required to align
[56, 57, 46]
15 required to align
[52, 44, 13]
15 required to align
[52, 55, 51]
20 required to align
[48, 50, 49]
15 required to align
[45, 49, 55]
19 required to align
[44, 48, 46]
16 required to align
[44, 13, 10]
9 required to align
[54, 48, 55]
10 required to align
[46, 52, 52]
15 required to align
[44, 13, 10]
14 required to align
[57, 44, 56]
21 required to align
[49, 54, 51]
15 required to align
[49, 55, 46]
18 required to align
[44, 48, 46]
15 required to align
[44, 13, 10]
9 required to align
[57, 53, 44]
11 required to align
[52, 54, 57]
15 required to align
[44, 13, 10]
13 required to align
[44, 56, 57]
22 required to align
[54, 50, 44]
15 required to align
[52, 52, 50]
20 required to align
[48, 50, 49]
16 required to align
[55, 46, 52]
21 required to align
[48, 46, 48]
15 required to align
[44, 13, 10]
8 required to align
[52, 55, 53]
9 required to align
[46, 52, 56]
16 required to align
[44, 13, 10]
14 required to align
[49, 52, 44]
20 required to align
[49, 49, 54]
15 required to align
[49, 55, 46]
19 required to align
[48, 46, 48]
16 required to align
[44, 13, 10]
8 required to align
[55, 54, 56]
10 required to align
[52, 56, 51]
16 required to align
[44, 13, 10]
13 required to align
[57, 56, 44]
20 required to align
[49, 54, 52]
16 required to align
[52, 53, 49]
21 required to align
[48, 50, 49]
16 required to align
[55, 44, 45]
17 required to align
[57, 57, 54]
15 required to align
[44, 13, 10]
12 required to align
[52, 56, 53]
9 required to align
[57, 46, 53]
15 required to align
[44, 13, 10]
15 required to align
[52, 51, 50]
18 required to align
[48, 49, 53]
16 required to align
[45, 49, 55]
19 required to align
[55, 44, 48]
15 required to align
[44, 13, 10]
10 required to align
[46, 52, 56]
8 required to align
[56, 57, 46]
15 required to align
[44, 13, 10]
16 required to align
[53, 49, 53]
19 required to align
[48, 49, 49]
15 required to align
[44, 45, 49]
18 required to align
[51, 53, 44]
15 required to align
[44, 13, 10]
11 required to align
[57, 46, 52]
7 required to align
[44, 56, 57]
15 required to align
[54, 50, 44]
15 required to align
[52, 53, 57]
20 required to align
[48, 48, 49]
15 required to align
[45, 49, 55]
20 required to align
[44, 48, 46]
16 required to align
[44, 13, 10]
9 required to align
[53, 48, 51]
9 required to align
[57, 46, 53]
15 required to align
[44, 13, 10]
15 required to align
[52, 53, 55]
18 required to align
[48, 48, 50]
15 required to align
[49, 55, 46]
21 required to align
[44, 48, 46]
15 required to align
[44, 13, 10]
9 required to align
[48, 57, 51]
10 required to align
[53, 53, 52]
16 required to align
[44, 13, 10]
13 required to align
[44, 56, 57]
22 required to align
[53, 56, 44]
15 required to align
[56, 57, 46]
8 required to align
[52, 44, 56]
15 required to align
[49, 56, 44]
16 required to align
[55, 46, 52]
18 required to align
[48, 46, 48]
15 required to align
[44, 13, 10]
8 required to align
[57, 44, 45]
12 required to align
[54, 49, 44]
16 required to align
[44, 13, 10]
11 required to align
[57, 46, 53]
7 required to align
[56, 57, 46]
16 required to align
[57, 44, 13]
15 required to align
[53, 49, 51]
20 required to align
[48, 49, 49]
15 required to align
[46, 52, 54]
22 required to align
[48, 48, 49]
16 required to align
[49, 56, 44]
17 required to align
[54, 54, 51]
16 required to align
[44, 13, 10]
12 required to align
[57, 46, 53]
7 required to align
[44, 56, 57]
15 required to align
[54, 49, 44]
15 required to align
[52, 55, 48]
20 required to align
[48, 49, 49]
16 required to align
[49, 55, 46]
20 required to align
[44, 48, 46]
15 required to align
[44, 13, 10]
9 required to align
[53, 49, 48]
9 required to align
[57, 46, 53]
15 required to align
[44, 13, 10]
15 required to align
[57, 46, 53]
7 required to align
[44, 56, 57]
15 required to align
[52, 55, 44]
15 required to align
[45, 49, 55]
16 required to align
[44, 48, 46]
16 required to align
[44, 13, 10]
9 required to align
[48, 54, 44]
11 required to align
[54, 52, 50]
16 required to align
[44, 13, 10]
12 required to align
[44, 56, 57]
22 required to align
[54, 52, 44]
15 required to align
[55, 46, 52]
18 required to align
[48, 46, 48]
15 required to align
[44, 13, 10]
8 required to align
[49, 49, 57]
10 required to align
[53, 54, 55]
16 required to align
[44, 13, 10]
13 required to align
[49, 54, 44]
20 required to align
[49, 49, 54]
15 required to align
[49, 55, 46]
19 required to align
[48, 46, 48]
16 required to align
[44, 13, 10]
8 required to align
[49, 51, 55]
10 required to align
[46, 53, 54]
15 required to align
[44, 13, 10]
14 required to align
[46, 52, 52]
17 required to align
[46, 48, 48]
15 required to align
[44, 13, 10]
7 required to align
[46, 53, 49]
8 required to align
[57, 46, 53]
16 required to align
[44, 13, 10]
15 required to align
[44, 45, 49]
13 required to align
[49, 44, 48]
16 required to align
[44, 13, 10]
10 required to align
[50, 49, 44]
20 required to align
[52, 51, 48]
15 required to align
[53, 48, 53]
13 required to align
[46, 53, 53]
16 required to align
[44, 13, 10]
14 required to align
[46, 52, 50]
17 required to align
[48, 48, 52]
16 required to align
[46, 53, 48]
14 required to align
[57, 46, 53]
16 required to align
[44, 13, 10]
15 required to align
[49, 55, 46]
15 required to align
[44, 48, 46]
15 required to align
[44, 13, 10]
9 required to align
[51, 51, 44]
20 required to align
[56, 49, 55]
16 required to align
[49, 54, 44]
14 required to align
[53, 53, 51]
16 required to align
[44, 13, 10]
12 required to align
[46, 52, 49]
17 required to align
[46, 48, 48]
15 required to align
[44, 13, 10]
7 required to align
[46, 53, 50]
8 required to align
[56, 57, 46]
15 required to align
[44, 13, 10]
16 required to align
[49, 55, 46]
15 required to align
[48, 46, 48]
16 required to align
[44, 13, 10]
8 required to align
[55, 55, 44]
20 required to align
[48, 57, 50]
16 required to align
[56, 57, 46]
9 required to align
[44, 56, 57]
16 required to align
[51, 54, 44]
15 required to align
[46, 53, 49]
10 required to align
[56, 57, 46]
15 required to align
[56, 44, 13]
15 required to align
[49, 55, 46]
16 required to align
[44, 48, 46]
15 required to align
[44, 13, 10]
9 required to align
[52, 44, 56]
21 required to align
[54, 54, 44]
16 required to align
[50, 51, 50]
12 required to align
[46, 53, 55]
15 required to align
[44, 13, 10]
14 required to align
[45, 49, 55]
14 required to align
[57, 44, 48]
15 required to align
[44, 13, 10]
10 required to align
[56, 55, 57]
19 required to align
[51, 56, 53]
16 required to align
[57, 46, 53]
11 required to align
[56, 57, 46]
16 required to align
[57, 44, 13]
15 required to align
[55, 44, 45]
13 required to align
[53, 53, 44]
16 required to align
[44, 13, 10]
11 required to align
[55, 46, 52]
16 required to align
[46, 48, 48]
16 required to align
[44, 13, 10]
7 required to align
[46, 53, 50]
8 required to align
[57, 46, 53]
16 required to align
[44, 13, 10]
15 required to align
[44, 45, 49]
13 required to align
[53, 57, 44]
15 required to align
[44, 13, 10]
11 required to align
[52, 54, 55]
18 required to align
[48, 51, 55]
16 required to align
[53, 50, 52]
14 required to align
[57, 46, 53]
15 required to align
[44, 13, 10]
15 required to align
[44, 45, 49]
13 required to align
[56, 52, 44]
15 required to align
[44, 13, 10]
11 required to align
[52, 55, 49]
18 required to align
[48, 48, 52]
15 required to align
[53, 50, 48]
15 required to align
[57, 46, 53]
15 required to align
[44, 13, 10]
15 required to align
[44, 45, 49]
13 required to align
[56, 44, 48]
16 required to align
[44, 13, 10]
10 required to align
[55, 46, 52]
16 required to align
[46, 48, 48]
16 required to align
[44, 13, 10]
7 required to align
[56, 44, 56]
21 required to align
[52, 56, 44]
16 required to align
[53, 49, 53]
11 required to align
[46, 53, 57]
16 required to align
[44, 13, 10]
14 required to align
[44, 45, 49]
13 required to align
[56, 53, 44]
15 required to align
[44, 13, 10]
11 required to align
[206, 250, 186, 186, 22, 91, 48, 93, 83, 68, 32, 116, 114, 97, 110, 115, 102, 101]
3 required to align
[0]SD transfer started
