[0]flash started
[0]transferring data to SD card...
[0]SD transfer started
run_29_data.csv
[270]File writing complete; code: 1 erase_flash: 1
[0]Erasing flash...
[0]flash started
[0]transferring data to SD card...
[0]SD transfer started
run_30_data.csv
[270]File writing complete; code: 1 erase_flash: 1
[0]Erasing flash...
[0]SD transfer done
[0]telemetry initialized
[0]program start
[0]SPI, I2C, RF communication pins set
[0]TVC initialized
[0]testing TVC...
[0]TVC test completed
[0]sensors initialized
[0]timing set, starting PL_COUNTDOWN
[0]SD transfer started
run_31_data.csv
[421]File writing complete; code: 1 erase_flash: 1
[0]Erasing flash...
