aligned: [0, 248, 128, 248, 0, 120, 254, 128, 120, 60, 240, 0, 128, 0, 248] 12 byes
aligned: [128, 0, 248, 0, 248, 0, 248, 128, 248, 120, 60, 0, 120, 60, 15, 248, 0, 248] 15 byes
aligned: [248, 0, 248, 0, 248, 0, 120, 30, 240, 60, 30, 120, 0, 128] 11 byes
aligned: [120, 0, 128, 0, 248, 248, 128, 0, 0, 0, 0, 120] 9 byes
aligned: [0, 0, 120, 252, 248, 248, 120, 0, 255, 0, 128, 128, 0] 10 byes
aligned: [128, 128, 0, 248, 248, 248, 120, 30, 0, 0] 7 byes
aligned: [30, 0, 0, 0, 120, 252, 0, 248, 0, 0, 0, 0, 120, 60, 15] 12 byes
aligned: [120, 60, 15, 0, 0, 120, 0, 120, 60, 15, 192, 128, 0, 120, 0, 248] 13 byes
aligned: [120, 0, 248, 0, 128, 0, 128, 0, 128, 0, 0] 8 byes
aligned: [128, 0, 0, 0, 0, 0, 248, 120, 60, 255, 120, 0, 120, 252, 248] 12 byes
aligned: [120, 252, 248, 0, 120, 252, 248, 120, 60, 15] 7 byes
aligned: [120, 60, 15, 0, 120, 0, 135, 120, 28, 15, 120, 192, 0, 120, 0, 248, 0] 14 byes
aligned: [0, 248, 0, 0, 0, 128, 0, 248, 248, 0] 7 byes
aligned: [248, 248, 0, 0, 248, 0, 248, 128, 0, 248] 7 byes
aligned: [128, 0, 248, 120, 60, 255, 252, 0, 248, 120, 252, 128, 120, 252, 120, 254, 248, 0, 248, 120, 28, 15, 128, 0, 248, 0, 120, 224, 120, 60, 0, 0, 0, 128, 128, 120, 224, 0, 0, 120, 0] 38 byes
aligned: [0, 120, 0, 255, 0, 120, 224, 128, 0, 128, 120, 60, 240, 248, 0, 0, 0, 0, 248, 248] 17 byes
aligned: [0, 248, 248, 0, 120, 0, 135, 248, 248, 248, 0, 0, 0, 120] 11 byes
aligned: [0, 0, 120, 60, 0, 0, 128, 128, 0, 0, 0, 0, 128, 120] 11 byes
aligned: [0, 128, 120, 252, 0, 128, 0, 0, 0, 0, 120] 8 byes
aligned: [0, 0, 120, 192, 248, 0, 120, 60, 15, 252, 248, 128, 120, 30, 0, 248, 128] 14 byes
aligned: [0, 248, 128, 128, 248, 248, 120, 60, 0, 120, 192, 128, 0, 120, 30, 240, 192, 120, 224, 120, 252, 120, 60, 240, 248] 22 byes
aligned: [60, 240, 248, 120, 224, 128, 0, 128, 0, 120, 224, 248, 128, 248, 128, 120, 224, 120, 192, 248, 248, 120, 192, 0] 21 byes
aligned: [120, 192, 0, 120, 0, 120, 254, 248, 120, 60, 15, 0, 120] 10 byes
