[48, 81, 255]
28 required to align
[0, 3, 0]
15 required to align
[31, 3, 0]
16 required to align
[255, 31, 232]
15 required to align
[255, 31, 8]
16 required to align
[0, 0, 0]
15 required to align
[4, 0, 0]
15 required to align
[80, 82, 255]
16 required to align
[31, 120, 82]
15 required to align
[0, 0, 128]
15 required to align
[0, 0, 3]
16 required to align
[82, 255, 31]
15 required to align
[8, 83, 255]
15 required to align
[16, 83, 255]
16 required to align
[0, 1, 0]
15 required to align
[31, 4, 0]
16 required to align
[255, 31, 120]
15 required to align
[78, 255, 31]
15 required to align
[0, 0, 0]
16 required to align
[2, 0, 0]
15 required to align
[144, 51, 255]
16 required to align
[31, 176, 83]
15 required to align
[0, 0, 6]
15 required to align
[255, 31, 232]
16 required to align
[83, 255, 31]
15 required to align
[0, 0, 0]
15 required to align
[4, 53, 1]
16 required to align
[0, 0, 0]
15 required to align
[0, 0, 0]
15 required to align
[198, 63, 0]
16 required to align
[7, 255, 31]
15 required to align
[0, 0, 0]
16 required to align
[20, 8, 1]
15 required to align
[64, 211, 8]
15 required to align
[0, 13, 144]
16 required to align
[255, 31, 4]
15 required to align
[222, 250, 254]
16 required to align
[239, 190, 173, 222, 3, 0, 9, 0, 0, 0, 0, 0, 0, 0, 0, 0]
4 required to align
invalid frame
(3735928559, 3, 2304, 7.418412301374843e-68, 1.2524823144786693e-293, -3.105036196168579e+231, 1.5141804576046382e-269, 31604817, 16777216, 268435456, 673185617, -3.145092172654907e-235, 1.7272337174533605e-77, 2.722032138097092e+39, 3.1315130989695084e-294, -1.7533014214309752e-192, 1.2525010544121312e-293, -1.491668162910732e-154, -3.6496494964442887e+193, 7.291122104435946e-304, 1.514181111635052e-269, 1.2525013157259445e-293, 1.2882297587184565e-231, 2.0301851638500344e-115, 7.291122131597494e-304, 9.262599388721679e+77, 8.208393723664111e-289, 7.880401268635678e+115, 4.2260065353691155e+270, 7.291122104435947e-304, -1.7533024143103094e-192, 1.2525016517008472e-293, -1.491668162910732e-154, -3.649651236877264e+193, 7.291122104435947e-304, 1.5141818337128024e-269, 8.208396537132879e-289, 1.2882297587184565e-231, 6.9083655258146396e-77, 7.291122104435949e-304, 9.262603943874268e+77, 8.20839763805544e-289, 7.880401268635678e+115, 4.2260085506528194e+270, 7.291122077274403e-304, 4.449771991134665e-308, 1.9111625750648868e-298, -2.681561595978115e+154, -1.2418930281911106e+232, 7.29112207727435e-304, -5.15241653806106e-231, 3.52542656212097e-279, -8.289046e-317, -6.908367173033068e-77, 1.0360453e-317, 7.291122182525674e-304, -3.6496526501293057e+193, 3.525480939024526e-279, -3.105036196168579e+231, 4.449783000023876e-308, 4.4496741140788067e-308, -5.486124068793689e+303, 1.3449745614296119e-284, 6.062958234019079e-269, 1.036015e-317, 0.0, 0.0, 7.291121707198617e-304, 1.7676055178365101e-307, 7.299243892240048e-304, 9.262268864089131e+77, 7.183744293995832e-189, 7.253026e-317, -5.9800820883583664e+197, 1.4290940579991246e-101, 3.689348814741911e+19, -2.7516652124765065e-135, -3.787182153299698e+190, 7.299243892240053e-304, 6.587283303051722e+77, 1.8231925192309593e-304, 1.7817432899985824e-307, 4277853696)
[239, 190, 173, 222, 3, 0, 10, 0, 0, 0, 0, 0, 0, 0, 0, 0, 52, 64]
1 required to align
invalid frame
(3735928559, 3, 2560, 3.1861838222649046e-58, 1.2524823144786693e-293, -3.105036196168579e+231, 1.5141804576046382e-269, 31604817, 16777216, 268435456, 673185617, -1.7033780434004807e-208, 1.7272337174533605e-77, 2.722032138097092e+39, 3.1315130989695084e-294, -1.7533014214309752e-192, 1.2525010544121312e-293, -1.491668162910732e-154, -3.6496494964442887e+193, 7.291122104435946e-304, 1.514181111635052e-269, 1.2525013157259445e-293, 1.2882297587184565e-231, 2.0301851638500344e-115, 7.291122131597494e-304, 9.262599388721679e+77, 8.208393723664111e-289, 7.880401268635678e+115, 4.2260065353691155e+270, 7.291122104435947e-304, -1.7533024143103094e-192, 1.2525016517008472e-293, -1.491668162910732e-154, -3.649651236877264e+193, 7.291122104435947e-304, 1.5141818337128024e-269, 8.208396537132879e-289, 1.2882297587184565e-231, 6.9083655258146396e-77, 7.291122104435949e-304, 9.262603943874268e+77, 8.20839763805544e-289, 7.880401268635678e+115, 4.2260085506528194e+270, 7.291122077274403e-304, 4.449771991134665e-308, 1.9111625750648868e-298, -2.681561595978115e+154, -1.2418930281911106e+232, 7.29112207727435e-304, -5.15241653806106e-231, 3.52542656212097e-279, -8.289046e-317, -6.908367173033068e-77, 1.0360453e-317, 7.291122182525674e-304, -3.6496526501293057e+193, 3.525480939024526e-279, -3.105036196168579e+231, 4.449783000023876e-308, 4.4496741140788067e-308, -5.486124068793689e+303, 1.3449745614296119e-284, 6.062958234019079e-269, 1.036015e-317, 0.0, 0.0, 7.291121707198617e-304, 1.7676055178365101e-307, 7.299243892240048e-304, 9.262268864089131e+77, 7.183744293995832e-189, 7.253026e-317, -5.9800820883583664e+197, 1.4290940579991246e-101, 3.689348814741911e+19, -2.7516652124765065e-135, -3.787182153299698e+190, 7.299243892240053e-304, 6.587283303051722e+77, 1.8231925192309593e-304, 1.7817432899985824e-307, 4277853696)
[239, 190, 173, 222, 3, 0, 11, 0, 0, 0, 0, 0, 0, 0, 0, 0, 54, 64, 255, 31, 56]
1 required to align
invalid frame
(3735928559, 3, 2816, 1.3684555315672042e-48, 1.2524823144786693e-293, -3.105036196168579e+231, 1.5141804576046382e-269, 31604817, 16777216, 268435456, 673185617, -1.2338789709326989e-178, 1.7272337174533605e-77, 2.722032138097092e+39, 3.1315130989695084e-294, -1.7533014214309752e-192, 1.2525010544121312e-293, -1.491668162910732e-154, -3.6496494964442887e+193, 7.291122104435946e-304, 1.514181111635052e-269, 1.2525013157259445e-293, 1.2882297587184565e-231, 2.0301851638500344e-115, 7.291122131597494e-304, 9.262599388721679e+77, 8.208393723664111e-289, 7.880401268635678e+115, 4.2260065353691155e+270, 7.291122104435947e-304, -1.7533024143103094e-192, 1.2525016517008472e-293, -1.491668162910732e-154, -3.649651236877264e+193, 7.291122104435947e-304, 1.5141818337128024e-269, 8.208396537132879e-289, 1.2882297587184565e-231, 6.9083655258146396e-77, 7.291122104435949e-304, 9.262603943874268e+77, 8.20839763805544e-289, 7.880401268635678e+115, 4.2260085506528194e+270, 7.291122077274403e-304, 4.449771991134665e-308, 1.9111625750648868e-298, -2.681561595978115e+154, -1.2418930281911106e+232, 7.29112207727435e-304, -5.15241653806106e-231, 3.52542656212097e-279, -8.289046e-317, -6.908367173033068e-77, 1.0360453e-317, 7.291122182525674e-304, -3.6496526501293057e+193, 3.525480939024526e-279, -3.105036196168579e+231, 4.449783000023876e-308, 4.4496741140788067e-308, -5.486124068793689e+303, 1.3449745614296119e-284, 6.062958234019079e-269, 1.036015e-317, 0.0, 0.0, 7.291121707198617e-304, 1.7676055178365101e-307, 7.299243892240048e-304, 9.262268864089131e+77, 7.183744293995832e-189, 7.253026e-317, -5.9800820883583664e+197, 1.4290940579991246e-101, 3.689348814741911e+19, -2.7516652124765065e-135, -3.787182153299698e+190, 7.299243892240053e-304, 6.587283303051722e+77, 1.8231925192309593e-304, 1.7817432899985824e-307, 4277853696)
[239, 190, 173, 222, 3, 0, 12, 0, 0, 0, 0, 0, 0, 0, 0, 0, 56, 64, 255, 31, 56, 50, 255]
1 required to align
invalid frame
(3735928559, 3, 3072, 5.877471754111438e-39, 1.2524823144786693e-293, -3.105036196168579e+231, 1.5141804576046382e-269, 31604817, 16777216, 268435456, 673185617, -6.354267636079248e-149, 1.7272337174533605e-77, 2.722032138097092e+39, 3.1315130989695084e-294, -1.7533014214309752e-192, 1.2525010544121312e-293, -1.491668162910732e-154, -3.6496494964442887e+193, 7.291122104435946e-304, 1.514181111635052e-269, 1.2525013157259445e-293, 1.2882297587184565e-231, 2.0301851638500344e-115, 7.291122131597494e-304, 9.262599388721679e+77, 8.208393723664111e-289, 7.880401268635678e+115, 4.2260065353691155e+270, 7.291122104435947e-304, -1.7533024143103094e-192, 1.2525016517008472e-293, -1.491668162910732e-154, -3.649651236877264e+193, 7.291122104435947e-304, 1.5141818337128024e-269, 8.208396537132879e-289, 1.2882297587184565e-231, 6.9083655258146396e-77, 7.291122104435949e-304, 9.262603943874268e+77, 8.20839763805544e-289, 7.880401268635678e+115, 4.2260085506528194e+270, 7.291122077274403e-304, 4.449771991134665e-308, 1.9111625750648868e-298, -2.681561595978115e+154, -1.2418930281911106e+232, 7.29112207727435e-304, -5.15241653806106e-231, 3.52542656212097e-279, -8.289046e-317, -6.908367173033068e-77, 1.0360453e-317, 7.291122182525674e-304, -3.6496526501293057e+193, 3.525480939024526e-279, -3.105036196168579e+231, 4.449783000023876e-308, 4.4496741140788067e-308, -5.486124068793689e+303, 1.3449745614296119e-284, 6.062958234019079e-269, 1.036015e-317, 0.0, 0.0, 7.291121707198617e-304, 1.7676055178365101e-307, 7.299243892240048e-304, 9.262268864089131e+77, 7.183744293995832e-189, 7.253026e-317, -5.9800820883583664e+197, 1.4290940579991246e-101, 3.689348814741911e+19, -2.7516652124765065e-135, -3.787182153299698e+190, 7.299243892240053e-304, 6.587283303051722e+77, 1.8231925192309593e-304, 1.7817432899985824e-307, 4277853696)
[239, 190, 173, 222, 3, 0, 13, 0, 0, 0]
1 required to align
invalid frame
(3735928559, 3, 3328, 2.524354896707238e-29, 1.2524823144786693e-293, -3.105036196168579e+231, 1.5141804576046382e-269, 31604817, 16777216, 268435456, 673185617, -2.3082446544464755e-128, 1.7272337174533605e-77, 2.722032138097092e+39, 3.1315130989695084e-294, -1.7533014214309752e-192, 1.2525010544121312e-293, -1.491668162910732e-154, -3.6496494964442887e+193, 7.291122104435946e-304, 1.514181111635052e-269, 1.2525013157259445e-293, 1.2882297587184565e-231, 2.0301851638500344e-115, 7.291122131597494e-304, 9.262599388721679e+77, 8.208393723664111e-289, 7.880401268635678e+115, 4.2260065353691155e+270, 7.291122104435947e-304, -1.7533024143103094e-192, 1.2525016517008472e-293, -1.491668162910732e-154, -3.649651236877264e+193, 7.291122104435947e-304, 1.5141818337128024e-269, 8.208396537132879e-289, 1.2882297587184565e-231, 6.9083655258146396e-77, 7.291122104435949e-304, 9.262603943874268e+77, 8.20839763805544e-289, 7.880401268635678e+115, 4.2260085506528194e+270, 7.291122077274403e-304, 4.449771991134665e-308, 1.9111625750648868e-298, -2.681561595978115e+154, -1.2418930281911106e+232, 7.29112207727435e-304, -5.15241653806106e-231, 3.52542656212097e-279, -8.289046e-317, -6.908367173033068e-77, 1.0360453e-317, 7.291122182525674e-304, -3.6496526501293057e+193, 3.525480939024526e-279, -3.105036196168579e+231, 4.449783000023876e-308, 4.4496741140788067e-308, -5.486124068793689e+303, 1.3449745614296119e-284, 6.062958234019079e-269, 1.036015e-317, 0.0, 0.0, 7.291121707198617e-304, 1.7676055178365101e-307, 7.299243892240048e-304, 9.262268864089131e+77, 7.183744293995832e-189, 7.253026e-317, -5.9800820883583664e+197, 1.4290940579991246e-101, 3.689348814741911e+19, -2.7516652124765065e-135, -3.787182153299698e+190, 7.299243892240053e-304, 6.587283303051722e+77, 1.8231925192309593e-304, 1.7817432899985824e-307, 4277853696)
[239, 190, 173, 222, 3, 0, 14, 0, 0, 0, 0, 0]
1 required to align
invalid frame
(3735928559, 3, 3584, 1.0842021724855044e-19, 1.2524823144786693e-293, -3.105036196168579e+231, 1.5141804576046382e-269, 31604817, 16777216, 268435456, 673185617, -1.3080452628505164e-104, 1.7272337174533605e-77, 2.722032138097092e+39, 3.1315130989695084e-294, -1.7533014214309752e-192, 1.2525010544121312e-293, -1.491668162910732e-154, -3.6496494964442887e+193, 7.291122104435946e-304, 1.514181111635052e-269, 1.2525013157259445e-293, 1.2882297587184565e-231, 2.0301851638500344e-115, 7.291122131597494e-304, 9.262599388721679e+77, 8.208393723664111e-289, 7.880401268635678e+115, 4.2260065353691155e+270, 7.291122104435947e-304, -1.7533024143103094e-192, 1.2525016517008472e-293, -1.491668162910732e-154, -3.649651236877264e+193, 7.291122104435947e-304, 1.5141818337128024e-269, 8.208396537132879e-289, 1.2882297587184565e-231, 6.9083655258146396e-77, 7.291122104435949e-304, 9.262603943874268e+77, 8.20839763805544e-289, 7.880401268635678e+115, 4.2260085506528194e+270, 7.291122077274403e-304, 4.449771991134665e-308, 1.9111625750648868e-298, -2.681561595978115e+154, -1.2418930281911106e+232, 7.29112207727435e-304, -5.15241653806106e-231, 3.52542656212097e-279, -8.289046e-317, -6.908367173033068e-77, 1.0360453e-317, 7.291122182525674e-304, -3.6496526501293057e+193, 3.525480939024526e-279, -3.105036196168579e+231, 4.449783000023876e-308, 4.4496741140788067e-308, -5.486124068793689e+303, 1.3449745614296119e-284, 6.062958234019079e-269, 1.036015e-317, 0.0, 0.0, 7.291121707198617e-304, 1.7676055178365101e-307, 7.299243892240048e-304, 9.262268864089131e+77, 7.183744293995832e-189, 7.253026e-317, -5.9800820883583664e+197, 1.4290940579991246e-101, 3.689348814741911e+19, -2.7516652124765065e-135, -3.787182153299698e+190, 7.299243892240053e-304, 6.587283303051722e+77, 1.8231925192309593e-304, 1.7817432899985824e-307, 4277853696)
[239, 190, 173, 222, 3, 0, 15, 0, 0, 0, 0, 0, 0, 0, 0, 0, 62, 64, 255, 31, 56, 50, 255, 31, 3, 0, 0, 0, 1, 0]
1 required to align
invalid frame
(3735928559, 3, 3840, 4.656612873077393e-10, 1.2524823144786693e-293, -3.105036196168579e+231, 1.5141804576046382e-269, 31604817, 16777216, 268435456, 673185617, -1.72723371101892e-77, 1.7272337174533605e-77, 2.722032138097092e+39, 3.1315130989695084e-294, -1.7533014214309752e-192, 1.2525010544121312e-293, -1.491668162910732e-154, -3.6496494964442887e+193, 7.291122104435946e-304, 1.514181111635052e-269, 1.2525013157259445e-293, 1.2882297587184565e-231, 2.0301851638500344e-115, 7.291122131597494e-304, 9.262599388721679e+77, 8.208393723664111e-289, 7.880401268635678e+115, 4.2260065353691155e+270, 7.291122104435947e-304, -1.7533024143103094e-192, 1.2525016517008472e-293, -1.491668162910732e-154, -3.649651236877264e+193, 7.291122104435947e-304, 1.5141818337128024e-269, 8.208396537132879e-289, 1.2882297587184565e-231, 6.9083655258146396e-77, 7.291122104435949e-304, 9.262603943874268e+77, 8.20839763805544e-289, 7.880401268635678e+115, 4.2260085506528194e+270, 7.291122077274403e-304, 4.449771991134665e-308, 1.9111625750648868e-298, -2.681561595978115e+154, -1.2418930281911106e+232, 7.29112207727435e-304, -5.15241653806106e-231, 3.52542656212097e-279, -8.289046e-317, -6.908367173033068e-77, 1.0360453e-317, 7.291122182525674e-304, -3.6496526501293057e+193, 3.525480939024526e-279, -3.105036196168579e+231, 4.449783000023876e-308, 4.4496741140788067e-308, -5.486124068793689e+303, 1.3449745614296119e-284, 6.062958234019079e-269, 1.036015e-317, 0.0, 0.0, 7.291121707198617e-304, 1.7676055178365101e-307, 7.299243892240048e-304, 9.262268864089131e+77, 7.183744293995832e-189, 7.253026e-317, -5.9800820883583664e+197, 1.4290940579991246e-101, 3.689348814741911e+19, -2.7516652124765065e-135, -3.787182153299698e+190, 7.299243892240053e-304, 6.587283303051722e+77, 1.8231925192309593e-304, 1.7817432899985824e-307, 4277853696)
[239, 190, 173, 222, 3, 0, 16, 0, 0, 0, 0, 0, 0, 0, 0, 0, 64]
1 required to align
invalid frame
(3735928559, 3, 4096, 2.0, 1.2524823144786693e-293, -3.105036196168579e+231, 1.5141804576046382e-269, 31604817, 16777216, 268435456, 673185617, -4.132471082954734e-62, 1.7272337174533605e-77, 2.722032138097092e+39, 3.1315130989695084e-294, -1.7533014214309752e-192, 1.2525010544121312e-293, -1.491668162910732e-154, -3.6496494964442887e+193, 7.291122104435946e-304, 1.514181111635052e-269, 1.2525013157259445e-293, 1.2882297587184565e-231, 2.0301851638500344e-115, 7.291122131597494e-304, 9.262599388721679e+77, 8.208393723664111e-289, 7.880401268635678e+115, 4.2260065353691155e+270, 7.291122104435947e-304, -1.7533024143103094e-192, 1.2525016517008472e-293, -1.491668162910732e-154, -3.649651236877264e+193, 7.291122104435947e-304, 1.5141818337128024e-269, 8.208396537132879e-289, 1.2882297587184565e-231, 6.9083655258146396e-77, 7.291122104435949e-304, 9.262603943874268e+77, 8.20839763805544e-289, 7.880401268635678e+115, 4.2260085506528194e+270, 7.291122077274403e-304, 4.449771991134665e-308, 1.9111625750648868e-298, -2.681561595978115e+154, -1.2418930281911106e+232, 7.29112207727435e-304, -5.15241653806106e-231, 3.52542656212097e-279, -8.289046e-317, -6.908367173033068e-77, 1.0360453e-317, 7.291122182525674e-304, -3.6496526501293057e+193, 3.525480939024526e-279, -3.105036196168579e+231, 4.449783000023876e-308, 4.4496741140788067e-308, -5.486124068793689e+303, 1.3449745614296119e-284, 6.062958234019079e-269, 1.036015e-317, 0.0, 0.0, 7.291121707198617e-304, 1.7676055178365101e-307, 7.299243892240048e-304, 9.262268864089131e+77, 7.183744293995832e-189, 7.253026e-317, -5.9800820883583664e+197, 1.4290940579991246e-101, 3.689348814741911e+19, -2.7516652124765065e-135, -3.787182153299698e+190, 7.299243892240053e-304, 6.587283303051722e+77, 1.8231925192309593e-304, 1.7817432899985824e-307, 4277853696)
[239, 190, 173, 222, 3, 0, 17, 0, 0, 0, 0, 0, 0, 0, 0, 0, 65, 64, 255]
1 required to align
invalid frame
(3735928559, 3, 4352, 131072.0, 1.2524823144786693e-293, -3.105036196168579e+231, 1.5141804576046382e-269, 31604817, 16777216, 268435456, 673185617, -8.407790785949003e-45, 1.7272337174533605e-77, 2.722032138097092e+39, 3.1315130989695084e-294, -1.7533014214309752e-192, 1.2525010544121312e-293, -1.491668162910732e-154, -3.6496494964442887e+193, 7.291122104435946e-304, 1.514181111635052e-269, 1.2525013157259445e-293, 1.2882297587184565e-231, 2.0301851638500344e-115, 7.291122131597494e-304, 9.262599388721679e+77, 8.208393723664111e-289, 7.880401268635678e+115, 4.2260065353691155e+270, 7.291122104435947e-304, -1.7533024143103094e-192, 1.2525016517008472e-293, -1.491668162910732e-154, -3.649651236877264e+193, 7.291122104435947e-304, 1.5141818337128024e-269, 8.208396537132879e-289, 1.2882297587184565e-231, 6.9083655258146396e-77, 7.291122104435949e-304, 9.262603943874268e+77, 8.20839763805544e-289, 7.880401268635678e+115, 4.2260085506528194e+270, 7.291122077274403e-304, 4.449771991134665e-308, 1.9111625750648868e-298, -2.681561595978115e+154, -1.2418930281911106e+232, 7.29112207727435e-304, -5.15241653806106e-231, 3.52542656212097e-279, -8.289046e-317, -6.908367173033068e-77, 1.0360453e-317, 7.291122182525674e-304, -3.6496526501293057e+193, 3.525480939024526e-279, -3.105036196168579e+231, 4.449783000023876e-308, 4.4496741140788067e-308, -5.486124068793689e+303, 1.3449745614296119e-284, 6.062958234019079e-269, 1.036015e-317, 0.0, 0.0, 7.291121707198617e-304, 1.7676055178365101e-307, 7.299243892240048e-304, 9.262268864089131e+77, 7.183744293995832e-189, 7.253026e-317, -5.9800820883583664e+197, 1.4290940579991246e-101, 3.689348814741911e+19, -2.7516652124765065e-135, -3.787182153299698e+190, 7.299243892240053e-304, 6.587283303051722e+77, 1.8231925192309593e-304, 1.7817432899985824e-307, 4277853696)
[239, 190, 173, 222, 3, 0, 18, 0, 0, 0, 0, 0, 0, 0, 0, 0, 66, 64, 255, 31, 56]
1 required to align
invalid frame
(3735928559, 3, 4608, 8589934592.0, 1.2524823144786693e-293, -3.105036196168579e+231, 1.5141804576046382e-269, 31604817, 16777216, 268435456, 673185617, -1.7448341046040613e-25, 1.7272337174533605e-77, 2.722032138097092e+39, 3.1315130989695084e-294, -1.7533014214309752e-192, 1.2525010544121312e-293, -1.491668162910732e-154, -3.6496494964442887e+193, 7.291122104435946e-304, 1.514181111635052e-269, 1.2525013157259445e-293, 1.2882297587184565e-231, 2.0301851638500344e-115, 7.291122131597494e-304, 9.262599388721679e+77, 8.208393723664111e-289, 7.880401268635678e+115, 4.2260065353691155e+270, 7.291122104435947e-304, -1.7533024143103094e-192, 1.2525016517008472e-293, -1.491668162910732e-154, -3.649651236877264e+193, 7.291122104435947e-304, 1.5141818337128024e-269, 8.208396537132879e-289, 1.2882297587184565e-231, 6.9083655258146396e-77, 7.291122104435949e-304, 9.262603943874268e+77, 8.20839763805544e-289, 7.880401268635678e+115, 4.2260085506528194e+270, 7.291122077274403e-304, 4.449771991134665e-308, 1.9111625750648868e-298, -2.681561595978115e+154, -1.2418930281911106e+232, 7.29112207727435e-304, -5.15241653806106e-231, 3.52542656212097e-279, -8.289046e-317, -6.908367173033068e-77, 1.0360453e-317, 7.291122182525674e-304, -3.6496526501293057e+193, 3.525480939024526e-279, -3.105036196168579e+231, 4.449783000023876e-308, 4.4496741140788067e-308, -5.486124068793689e+303, 1.3449745614296119e-284, 6.062958234019079e-269, 1.036015e-317, 0.0, 0.0, 7.291121707198617e-304, 1.7676055178365101e-307, 7.299243892240048e-304, 9.262268864089131e+77, 7.183744293995832e-189, 7.253026e-317, -5.9800820883583664e+197, 1.4290940579991246e-101, 3.689348814741911e+19, -2.7516652124765065e-135, -3.787182153299698e+190, 7.299243892240053e-304, 6.587283303051722e+77, 1.8231925192309593e-304, 1.7817432899985824e-307, 4277853696)
[239, 190, 173, 222, 3, 0, 19, 0, 0, 0, 0, 0, 0, 0, 0, 0, 67, 64, 255, 31, 56, 50, 255, 31]
1 required to align
invalid frame
(3735928559, 3, 4864, 562949953421312.0, 1.2524823144786693e-293, -3.105036196168579e+231, 1.5141804576046382e-269, 31604817, 16777216, 268435456, 673185617, -0.0004882812500000088, 1.7272337174533605e-77, 2.722032138097092e+39, 3.1315130989695084e-294, -1.7533014214309752e-192, 1.2525010544121312e-293, -1.491668162910732e-154, -3.6496494964442887e+193, 7.291122104435946e-304, 1.514181111635052e-269, 1.2525013157259445e-293, 1.2882297587184565e-231, 2.0301851638500344e-115, 7.291122131597494e-304, 9.262599388721679e+77, 8.208393723664111e-289, 7.880401268635678e+115, 4.2260065353691155e+270, 7.291122104435947e-304, -1.7533024143103094e-192, 1.2525016517008472e-293, -1.491668162910732e-154, -3.649651236877264e+193, 7.291122104435947e-304, 1.5141818337128024e-269, 8.208396537132879e-289, 1.2882297587184565e-231, 6.9083655258146396e-77, 7.291122104435949e-304, 9.262603943874268e+77, 8.20839763805544e-289, 7.880401268635678e+115, 4.2260085506528194e+270, 7.291122077274403e-304, 4.449771991134665e-308, 1.9111625750648868e-298, -2.681561595978115e+154, -1.2418930281911106e+232, 7.29112207727435e-304, -5.15241653806106e-231, 3.52542656212097e-279, -8.289046e-317, -6.908367173033068e-77, 1.0360453e-317, 7.291122182525674e-304, -3.6496526501293057e+193, 3.525480939024526e-279, -3.105036196168579e+231, 4.449783000023876e-308, 4.4496741140788067e-308, -5.486124068793689e+303, 1.3449745614296119e-284, 6.062958234019079e-269, 1.036015e-317, 0.0, 0.0, 7.291121707198617e-304, 1.7676055178365101e-307, 7.299243892240048e-304, 9.262268864089131e+77, 7.183744293995832e-189, 7.253026e-317, -5.9800820883583664e+197, 1.4290940579991246e-101, 3.689348814741911e+19, -2.7516652124765065e-135, -3.787182153299698e+190, 7.299243892240053e-304, 6.587283303051722e+77, 1.8231925192309593e-304, 1.7817432899985824e-307, 4277853696)
[239, 190, 173, 222, 3, 0, 20, 0, 0, 0, 0]
1 required to align
invalid frame
(3735928559, 3, 5120, 3.6893488147419103e+19, 1.2524823144786693e-293, -3.105036196168579e+231, 1.5141804576046382e-269, 31604817, 16777216, 268435456, 673185617, -24159191040.00031, 1.7272337174533605e-77, 2.722032138097092e+39, 3.1315130989695084e-294, -1.7533014214309752e-192, 1.2525010544121312e-293, -1.491668162910732e-154, -3.6496494964442887e+193, 7.291122104435946e-304, 1.514181111635052e-269, 1.2525013157259445e-293, 1.2882297587184565e-231, 2.0301851638500344e-115, 7.291122131597494e-304, 9.262599388721679e+77, 8.208393723664111e-289, 7.880401268635678e+115, 4.2260065353691155e+270, 7.291122104435947e-304, -1.7533024143103094e-192, 1.2525016517008472e-293, -1.491668162910732e-154, -3.649651236877264e+193, 7.291122104435947e-304, 1.5141818337128024e-269, 8.208396537132879e-289, 1.2882297587184565e-231, 6.9083655258146396e-77, 7.291122104435949e-304, 9.262603943874268e+77, 8.20839763805544e-289, 7.880401268635678e+115, 4.2260085506528194e+270, 7.291122077274403e-304, 4.449771991134665e-308, 1.9111625750648868e-298, -2.681561595978115e+154, -1.2418930281911106e+232, 7.29112207727435e-304, -5.15241653806106e-231, 3.52542656212097e-279, -8.289046e-317, -6.908367173033068e-77, 1.0360453e-317, 7.291122182525674e-304, -3.6496526501293057e+193, 3.525480939024526e-279, -3.105036196168579e+231, 4.449783000023876e-308, 4.4496741140788067e-308, -5.486124068793689e+303, 1.3449745614296119e-284, 6.062958234019079e-269, 1.036015e-317, 0.0, 0.0, 7.291121707198617e-304, 1.7676055178365101e-307, 7.299243892240048e-304, 9.262268864089131e+77, 7.183744293995832e-189, 7.253026e-317, -5.9800820883583664e+197, 1.4290940579991246e-101, 3.689348814741911e+19, -2.7516652124765065e-135, -3.787182153299698e+190, 7.299243892240053e-304, 6.587283303051722e+77, 1.8231925192309593e-304, 1.7817432899985824e-307, 4277853696)
[239, 190, 173, 222, 3, 0, 21, 0, 0, 0, 0, 0, 0, 0, 0, 0, 69, 64, 255, 31, 56, 50, 255, 31, 3, 0, 0, 0]
1 required to align
invalid frame
(3735928559, 3, 5376, 2.4178516392292583e+24, 1.2524823144786693e-293, -3.105036196168579e+231, 1.5141804576046382e-269, 31604817, 16777216, 268435456, 673185617, -2.6445252304070285e+23, 1.7272337174533605e-77, 2.722032138097092e+39, 3.1315130989695084e-294, -1.7533014214309752e-192, 1.2525010544121312e-293, -1.491668162910732e-154, -3.6496494964442887e+193, 7.291122104435946e-304, 1.514181111635052e-269, 1.2525013157259445e-293, 1.2882297587184565e-231, 2.0301851638500344e-115, 7.291122131597494e-304, 9.262599388721679e+77, 8.208393723664111e-289, 7.880401268635678e+115, 4.2260065353691155e+270, 7.291122104435947e-304, -1.7533024143103094e-192, 1.2525016517008472e-293, -1.491668162910732e-154, -3.649651236877264e+193, 7.291122104435947e-304, 1.5141818337128024e-269, 8.208396537132879e-289, 1.2882297587184565e-231, 6.9083655258146396e-77, 7.291122104435949e-304, 9.262603943874268e+77, 8.20839763805544e-289, 7.880401268635678e+115, 4.2260085506528194e+270, 7.291122077274403e-304, 4.449771991134665e-308, 1.9111625750648868e-298, -2.681561595978115e+154, -1.2418930281911106e+232, 7.29112207727435e-304, -5.15241653806106e-231, 3.52542656212097e-279, -8.289046e-317, -6.908367173033068e-77, 1.0360453e-317, 7.291122182525674e-304, -3.6496526501293057e+193, 3.525480939024526e-279, -3.105036196168579e+231, 4.449783000023876e-308, 4.4496741140788067e-308, -5.486124068793689e+303, 1.3449745614296119e-284, 6.062958234019079e-269, 1.036015e-317, 0.0, 0.0, 7.291121707198617e-304, 1.7676055178365101e-307, 7.299243892240048e-304, 9.262268864089131e+77, 7.183744293995832e-189, 7.253026e-317, -5.9800820883583664e+197, 1.4290940579991246e-101, 3.689348814741911e+19, -2.7516652124765065e-135, -3.787182153299698e+190, 7.299243892240053e-304, 6.587283303051722e+77, 1.8231925192309593e-304, 1.7817432899985824e-307, 4277853696)
[239, 190, 173, 222, 3, 0, 22, 0, 0, 0, 0, 0, 0, 0, 0, 0, 70, 64, 255, 31, 56, 50, 255, 31, 3, 0, 0, 0, 1, 0, 0]
1 required to align
invalid frame
(3735928559, 3, 5632, 1.5845632502852868e+29, 1.2524823144786693e-293, -3.105036196168579e+231, 1.5141804576046382e-269, 31604817, 16777216, 268435456, 673185617, -5.183989183561248e+37, 1.7272337174533605e-77, 2.722032138097092e+39, 3.1315130989695084e-294, -1.7533014214309752e-192, 1.2525010544121312e-293, -1.491668162910732e-154, -3.6496494964442887e+193, 7.291122104435946e-304, 1.514181111635052e-269, 1.2525013157259445e-293, 1.2882297587184565e-231, 2.0301851638500344e-115, 7.291122131597494e-304, 9.262599388721679e+77, 8.208393723664111e-289, 7.880401268635678e+115, 4.2260065353691155e+270, 7.291122104435947e-304, -1.7533024143103094e-192, 1.2525016517008472e-293, -1.491668162910732e-154, -3.649651236877264e+193, 7.291122104435947e-304, 1.5141818337128024e-269, 8.208396537132879e-289, 1.2882297587184565e-231, 6.9083655258146396e-77, 7.291122104435949e-304, 9.262603943874268e+77, 8.20839763805544e-289, 7.880401268635678e+115, 4.2260085506528194e+270, 7.291122077274403e-304, 4.449771991134665e-308, 1.9111625750648868e-298, -2.681561595978115e+154, -1.2418930281911106e+232, 7.29112207727435e-304, -5.15241653806106e-231, 3.52542656212097e-279, -8.289046e-317, -6.908367173033068e-77, 1.0360453e-317, 7.291122182525674e-304, -3.6496526501293057e+193, 3.525480939024526e-279, -3.105036196168579e+231, 4.449783000023876e-308, 4.4496741140788067e-308, -5.486124068793689e+303, 1.3449745614296119e-284, 6.062958234019079e-269, 1.036015e-317, 0.0, 0.0, 7.291121707198617e-304, 1.7676055178365101e-307, 7.299243892240048e-304, 9.262268864089131e+77, 7.183744293995832e-189, 7.253026e-317, -5.9800820883583664e+197, 1.4290940579991246e-101, 3.689348814741911e+19, -2.7516652124765065e-135, -3.787182153299698e+190, 7.299243892240053e-304, 6.587283303051722e+77, 1.8231925192309593e-304, 1.7817432899985824e-307, 4277853696)
[239, 190, 173, 222, 3, 0, 23, 0, 0, 0, 0, 0, 0, 0, 0, 0, 71, 64]
1 required to align
invalid frame
(3735928559, 3, 5888, 1.0384593717069655e+34, 1.2524823144786693e-293, -3.105036196168579e+231, 1.5141804576046382e-269, 31604817, 16777216, 268435456, 673185617, -1.9156194260823955e+53, 1.7272337174533605e-77, 2.722032138097092e+39, 3.1315130989695084e-294, -1.7533014214309752e-192, 1.2525010544121312e-293, -1.491668162910732e-154, -3.6496494964442887e+193, 7.291122104435946e-304, 1.514181111635052e-269, 1.2525013157259445e-293, 1.2882297587184565e-231, 2.0301851638500344e-115, 7.291122131597494e-304, 9.262599388721679e+77, 8.208393723664111e-289, 7.880401268635678e+115, 4.2260065353691155e+270, 7.291122104435947e-304, -1.7533024143103094e-192, 1.2525016517008472e-293, -1.491668162910732e-154, -3.649651236877264e+193, 7.291122104435947e-304, 1.5141818337128024e-269, 8.208396537132879e-289, 1.2882297587184565e-231, 6.9083655258146396e-77, 7.291122104435949e-304, 9.262603943874268e+77, 8.20839763805544e-289, 7.880401268635678e+115, 4.2260085506528194e+270, 7.291122077274403e-304, 4.449771991134665e-308, 1.9111625750648868e-298, -2.681561595978115e+154, -1.2418930281911106e+232, 7.29112207727435e-304, -5.15241653806106e-231, 3.52542656212097e-279, -8.289046e-317, -6.908367173033068e-77, 1.0360453e-317, 7.291122182525674e-304, -3.6496526501293057e+193, 3.525480939024526e-279, -3.105036196168579e+231, 4.449783000023876e-308, 4.4496741140788067e-308, -5.486124068793689e+303, 1.3449745614296119e-284, 6.062958234019079e-269, 1.036015e-317, 0.0, 0.0, 7.291121707198617e-304, 1.7676055178365101e-307, 7.299243892240048e-304, 9.262268864089131e+77, 7.183744293995832e-189, 7.253026e-317, -5.9800820883583664e+197, 1.4290940579991246e-101, 3.689348814741911e+19, -2.7516652124765065e-135, -3.787182153299698e+190, 7.299243892240053e-304, 6.587283303051722e+77, 1.8231925192309593e-304, 1.7817432899985824e-307, 4277853696)
[239, 190, 173, 222, 3, 0, 24, 0, 0, 0, 0, 0, 0, 0, 0, 0, 72, 64, 255, 31]
1 required to align
invalid frame
(3735928559, 3, 6144, 6.80564733841877e+38, 1.2524823144786693e-293, -3.105036196168579e+231, 1.5141804576046382e-269, 31604817, 16777216, 268435456, 673185617, -1.7685725013651068e+70, 1.7272337174533605e-77, 2.722032138097092e+39, 3.1315130989695084e-294, -1.7533014214309752e-192, 1.2525010544121312e-293, -1.491668162910732e-154, -3.6496494964442887e+193, 7.291122104435946e-304, 1.514181111635052e-269, 1.2525013157259445e-293, 1.2882297587184565e-231, 2.0301851638500344e-115, 7.291122131597494e-304, 9.262599388721679e+77, 8.208393723664111e-289, 7.880401268635678e+115, 4.2260065353691155e+270, 7.291122104435947e-304, -1.7533024143103094e-192, 1.2525016517008472e-293, -1.491668162910732e-154, -3.649651236877264e+193, 7.291122104435947e-304, 1.5141818337128024e-269, 8.208396537132879e-289, 1.2882297587184565e-231, 6.9083655258146396e-77, 7.291122104435949e-304, 9.262603943874268e+77, 8.20839763805544e-289, 7.880401268635678e+115, 4.2260085506528194e+270, 7.291122077274403e-304, 4.449771991134665e-308, 1.9111625750648868e-298, -2.681561595978115e+154, -1.2418930281911106e+232, 7.29112207727435e-304, -5.15241653806106e-231, 3.52542656212097e-279, -8.289046e-317, -6.908367173033068e-77, 1.0360453e-317, 7.291122182525674e-304, -3.6496526501293057e+193, 3.525480939024526e-279, -3.105036196168579e+231, 4.449783000023876e-308, 4.4496741140788067e-308, -5.486124068793689e+303, 1.3449745614296119e-284, 6.062958234019079e-269, 1.036015e-317, 0.0, 0.0, 7.291121707198617e-304, 1.7676055178365101e-307, 7.299243892240048e-304, 9.262268864089131e+77, 7.183744293995832e-189, 7.253026e-317, -5.9800820883583664e+197, 1.4290940579991246e-101, 3.689348814741911e+19, -2.7516652124765065e-135, -3.787182153299698e+190, 7.299243892240053e-304, 6.587283303051722e+77, 1.8231925192309593e-304, 1.7817432899985824e-307, 4277853696)
[239, 190, 173, 222, 3, 0, 25, 0, 0, 0, 0, 0, 0, 0, 0, 0, 73, 64, 255, 31, 56, 50]
1 required to align
invalid frame
(3735928559, 3, 6400, 4.460149039706125e+43, 1.2524823144786693e-293, -3.105036196168579e+231, 1.5141804576046382e-269, 31604817, 16777216, 268435456, 673185617, -9.86511546833389e+82, 1.7272337174533605e-77, 2.722032138097092e+39, 3.1315130989695084e-294, -1.7533014214309752e-192, 1.2525010544121312e-293, -1.491668162910732e-154, -3.6496494964442887e+193, 7.291122104435946e-304, 1.514181111635052e-269, 1.2525013157259445e-293, 1.2882297587184565e-231, 2.0301851638500344e-115, 7.291122131597494e-304, 9.262599388721679e+77, 8.208393723664111e-289, 7.880401268635678e+115, 4.2260065353691155e+270, 7.291122104435947e-304, -1.7533024143103094e-192, 1.2525016517008472e-293, -1.491668162910732e-154, -3.649651236877264e+193, 7.291122104435947e-304, 1.5141818337128024e-269, 8.208396537132879e-289, 1.2882297587184565e-231, 6.9083655258146396e-77, 7.291122104435949e-304, 9.262603943874268e+77, 8.20839763805544e-289, 7.880401268635678e+115, 4.2260085506528194e+270, 7.291122077274403e-304, 4.449771991134665e-308, 1.9111625750648868e-298, -2.681561595978115e+154, -1.2418930281911106e+232, 7.29112207727435e-304, -5.15241653806106e-231, 3.52542656212097e-279, -8.289046e-317, -6.908367173033068e-77, 1.0360453e-317, 7.291122182525674e-304, -3.6496526501293057e+193, 3.525480939024526e-279, -3.105036196168579e+231, 4.449783000023876e-308, 4.4496741140788067e-308, -5.486124068793689e+303, 1.3449745614296119e-284, 6.062958234019079e-269, 1.036015e-317, 0.0, 0.0, 7.291121707198617e-304, 1.7676055178365101e-307, 7.299243892240048e-304, 9.262268864089131e+77, 7.183744293995832e-189, 7.253026e-317, -5.9800820883583664e+197, 1.4290940579991246e-101, 3.689348814741911e+19, -2.7516652124765065e-135, -3.787182153299698e+190, 7.299243892240053e-304, 6.587283303051722e+77, 1.8231925192309593e-304, 1.7817432899985824e-307, 4277853696)
[239, 190, 173, 222, 3, 0, 26, 0, 0]
1 required to align
invalid frame
(3735928559, 3, 6656, 2.923003274661806e+48, 1.2524823144786693e-293, -3.105036196168579e+231, 1.5141804576046382e-269, 31604817, 16777216, 268435456, 673185617, -8.066662466284659e+92, 1.7272337174533605e-77, 2.722032138097092e+39, 3.1315130989695084e-294, -1.7533014214309752e-192, 1.2525010544121312e-293, -1.491668162910732e-154, -3.6496494964442887e+193, 7.291122104435946e-304, 1.514181111635052e-269, 1.2525013157259445e-293, 1.2882297587184565e-231, 2.0301851638500344e-115, 7.291122131597494e-304, 9.262599388721679e+77, 8.208393723664111e-289, 7.880401268635678e+115, 4.2260065353691155e+270, 7.291122104435947e-304, -1.7533024143103094e-192, 1.2525016517008472e-293, -1.491668162910732e-154, -3.649651236877264e+193, 7.291122104435947e-304, 1.5141818337128024e-269, 8.208396537132879e-289, 1.2882297587184565e-231, 6.9083655258146396e-77, 7.291122104435949e-304, 9.262603943874268e+77, 8.20839763805544e-289, 7.880401268635678e+115, 4.2260085506528194e+270, 7.291122077274403e-304, 4.449771991134665e-308, 1.9111625750648868e-298, -2.681561595978115e+154, -1.2418930281911106e+232, 7.29112207727435e-304, -5.15241653806106e-231, 3.52542656212097e-279, -8.289046e-317, -6.908367173033068e-77, 1.0360453e-317, 7.291122182525674e-304, -3.6496526501293057e+193, 3.525480939024526e-279, -3.105036196168579e+231, 4.449783000023876e-308, 4.4496741140788067e-308, -5.486124068793689e+303, 1.3449745614296119e-284, 6.062958234019079e-269, 1.036015e-317, 0.0, 0.0, 7.291121707198617e-304, 1.7676055178365101e-307, 7.299243892240048e-304, 9.262268864089131e+77, 7.183744293995832e-189, 7.253026e-317, -5.9800820883583664e+197, 1.4290940579991246e-101, 3.689348814741911e+19, -2.7516652124765065e-135, -3.787182153299698e+190, 7.299243892240053e-304, 6.587283303051722e+77, 1.8231925192309593e-304, 1.7817432899985824e-307, 4277853696)
[239, 190, 173, 222, 3, 0, 27, 0, 0, 0, 0, 0]
1 required to align
invalid frame
(3735928559, 3, 6912, 1.915619426082361e+53, 1.2524823144786693e-293, -3.105036196168579e+231, 1.5141804576046382e-269, 31604817, 16777216, 268435456, 673185617, -3.583591587484551e+103, 1.7272337174533605e-77, 2.722032138097092e+39, 3.1315130989695084e-294, -1.7533014214309752e-192, 1.2525010544121312e-293, -1.491668162910732e-154, -3.6496494964442887e+193, 7.291122104435946e-304, 1.514181111635052e-269, 1.2525013157259445e-293, 1.2882297587184565e-231, 2.0301851638500344e-115, 7.291122131597494e-304, 9.262599388721679e+77, 8.208393723664111e-289, 7.880401268635678e+115, 4.2260065353691155e+270, 7.291122104435947e-304, -1.7533024143103094e-192, 1.2525016517008472e-293, -1.491668162910732e-154, -3.649651236877264e+193, 7.291122104435947e-304, 1.5141818337128024e-269, 8.208396537132879e-289, 1.2882297587184565e-231, 6.9083655258146396e-77, 7.291122104435949e-304, 9.262603943874268e+77, 8.20839763805544e-289, 7.880401268635678e+115, 4.2260085506528194e+270, 7.291122077274403e-304, 4.449771991134665e-308, 1.9111625750648868e-298, -2.681561595978115e+154, -1.2418930281911106e+232, 7.29112207727435e-304, -5.15241653806106e-231, 3.52542656212097e-279, -8.289046e-317, -6.908367173033068e-77, 1.0360453e-317, 7.291122182525674e-304, -3.6496526501293057e+193, 3.525480939024526e-279, -3.105036196168579e+231, 4.449783000023876e-308, 4.4496741140788067e-308, -5.486124068793689e+303, 1.3449745614296119e-284, 6.062958234019079e-269, 1.036015e-317, 0.0, 0.0, 7.291121707198617e-304, 1.7676055178365101e-307, 7.299243892240048e-304, 9.262268864089131e+77, 7.183744293995832e-189, 7.253026e-317, -5.9800820883583664e+197, 1.4290940579991246e-101, 3.689348814741911e+19, -2.7516652124765065e-135, -3.787182153299698e+190, 7.299243892240053e-304, 6.587283303051722e+77, 1.8231925192309593e-304, 1.7817432899985824e-307, 4277853696)
[239, 190, 173, 222, 3, 0, 28, 0, 0, 0, 0, 0, 0, 0, 0, 0, 76, 64, 255, 31, 56, 50, 255, 31, 3, 0, 0, 0, 1]
1 required to align
invalid frame
(3735928559, 3, 7168, 1.2554203470773362e+58, 1.2524823144786693e-293, -3.105036196168579e+231, 1.5141804576046382e-269, 31604817, 16777216, 268435456, 673185617, -1.0620071982622127e+115, 1.7272337174533605e-77, 2.722032138097092e+39, 3.1315130989695084e-294, -1.7533014214309752e-192, 1.2525010544121312e-293, -1.491668162910732e-154, -3.6496494964442887e+193, 7.291122104435946e-304, 1.514181111635052e-269, 1.2525013157259445e-293, 1.2882297587184565e-231, 2.0301851638500344e-115, 7.291122131597494e-304, 9.262599388721679e+77, 8.208393723664111e-289, 7.880401268635678e+115, 4.2260065353691155e+270, 7.291122104435947e-304, -1.7533024143103094e-192, 1.2525016517008472e-293, -1.491668162910732e-154, -3.649651236877264e+193, 7.291122104435947e-304, 1.5141818337128024e-269, 8.208396537132879e-289, 1.2882297587184565e-231, 6.9083655258146396e-77, 7.291122104435949e-304, 9.262603943874268e+77, 8.20839763805544e-289, 7.880401268635678e+115, 4.2260085506528194e+270, 7.291122077274403e-304, 4.449771991134665e-308, 1.9111625750648868e-298, -2.681561595978115e+154, -1.2418930281911106e+232, 7.29112207727435e-304, -5.15241653806106e-231, 3.52542656212097e-279, -8.289046e-317, -6.908367173033068e-77, 1.0360453e-317, 7.291122182525674e-304, -3.6496526501293057e+193, 3.525480939024526e-279, -3.105036196168579e+231, 4.449783000023876e-308, 4.4496741140788067e-308, -5.486124068793689e+303, 1.3449745614296119e-284, 6.062958234019079e-269, 1.036015e-317, 0.0, 0.0, 7.291121707198617e-304, 1.7676055178365101e-307, 7.299243892240048e-304, 9.262268864089131e+77, 7.183744293995832e-189, 7.253026e-317, -5.9800820883583664e+197, 1.4290940579991246e-101, 3.689348814741911e+19, -2.7516652124765065e-135, -3.787182153299698e+190, 7.299243892240053e-304, 6.587283303051722e+77, 1.8231925192309593e-304, 1.7817432899985824e-307, 4277853696)
[239, 190, 173, 222, 3, 0, 29, 0, 0, 0, 0, 0, 0, 0, 0, 0]
1 required to align
invalid frame
(3735928559, 3, 7424, 8.22752278660603e+62, 1.2524823144786693e-293, -3.105036196168579e+231, 1.5141804576046382e-269, 31604817, 16777216, 268435456, 673185617, -2.0307639361236632e+127, 1.7272337174533605e-77, 2.722032138097092e+39, 3.1315130989695084e-294, -1.7533014214309752e-192, 1.2525010544121312e-293, -1.491668162910732e-154, -3.6496494964442887e+193, 7.291122104435946e-304, 1.514181111635052e-269, 1.2525013157259445e-293, 1.2882297587184565e-231, 2.0301851638500344e-115, 7.291122131597494e-304, 9.262599388721679e+77, 8.208393723664111e-289, 7.880401268635678e+115, 4.2260065353691155e+270, 7.291122104435947e-304, -1.7533024143103094e-192, 1.2525016517008472e-293, -1.491668162910732e-154, -3.649651236877264e+193, 7.291122104435947e-304, 1.5141818337128024e-269, 8.208396537132879e-289, 1.2882297587184565e-231, 6.9083655258146396e-77, 7.291122104435949e-304, 9.262603943874268e+77, 8.20839763805544e-289, 7.880401268635678e+115, 4.2260085506528194e+270, 7.291122077274403e-304, 4.449771991134665e-308, 1.9111625750648868e-298, -2.681561595978115e+154, -1.2418930281911106e+232, 7.29112207727435e-304, -5.15241653806106e-231, 3.52542656212097e-279, -8.289046e-317, -6.908367173033068e-77, 1.0360453e-317, 7.291122182525674e-304, -3.6496526501293057e+193, 3.525480939024526e-279, -3.105036196168579e+231, 4.449783000023876e-308, 4.4496741140788067e-308, -5.486124068793689e+303, 1.3449745614296119e-284, 6.062958234019079e-269, 1.036015e-317, 0.0, 0.0, 7.291121707198617e-304, 1.7676055178365101e-307, 7.299243892240048e-304, 9.262268864089131e+77, 7.183744293995832e-189, 7.253026e-317, -5.9800820883583664e+197, 1.4290940579991246e-101, 3.689348814741911e+19, -2.7516652124765065e-135, -3.787182153299698e+190, 7.299243892240053e-304, 6.587283303051722e+77, 1.8231925192309593e-304, 1.7817432899985824e-307, 4277853696)
[239, 190, 173, 222, 3, 0, 30, 0, 0, 0, 0, 0, 0, 0, 0, 0, 78, 64, 255]
1 required to align
invalid frame
(3735928559, 3, 7680, 5.391989333430128e+67, 1.2524823144786693e-293, -3.105036196168579e+231, 1.5141804576046382e-269, 31604817, 16777216, 268435456, 673185617, -2.8282748439791e+140, 1.7272337174533605e-77, 2.722032138097092e+39, 3.1315130989695084e-294, -1.7533014214309752e-192, 1.2525010544121312e-293, -1.491668162910732e-154, -3.6496494964442887e+193, 7.291122104435946e-304, 1.514181111635052e-269, 1.2525013157259445e-293, 1.2882297587184565e-231, 2.0301851638500344e-115, 7.291122131597494e-304, 9.262599388721679e+77, 8.208393723664111e-289, 7.880401268635678e+115, 4.2260065353691155e+270, 7.291122104435947e-304, -1.7533024143103094e-192, 1.2525016517008472e-293, -1.491668162910732e-154, -3.649651236877264e+193, 7.291122104435947e-304, 1.5141818337128024e-269, 8.208396537132879e-289, 1.2882297587184565e-231, 6.9083655258146396e-77, 7.291122104435949e-304, 9.262603943874268e+77, 8.20839763805544e-289, 7.880401268635678e+115, 4.2260085506528194e+270, 7.291122077274403e-304, 4.449771991134665e-308, 1.9111625750648868e-298, -2.681561595978115e+154, -1.2418930281911106e+232, 7.29112207727435e-304, -5.15241653806106e-231, 3.52542656212097e-279, -8.289046e-317, -6.908367173033068e-77, 1.0360453e-317, 7.291122182525674e-304, -3.6496526501293057e+193, 3.525480939024526e-279, -3.105036196168579e+231, 4.449783000023876e-308, 4.4496741140788067e-308, -5.486124068793689e+303, 1.3449745614296119e-284, 6.062958234019079e-269, 1.036015e-317, 0.0, 0.0, 7.291121707198617e-304, 1.7676055178365101e-307, 7.299243892240048e-304, 9.262268864089131e+77, 7.183744293995832e-189, 7.253026e-317, -5.9800820883583664e+197, 1.4290940579991246e-101, 3.689348814741911e+19, -2.7516652124765065e-135, -3.787182153299698e+190, 7.299243892240053e-304, 6.587283303051722e+77, 1.8231925192309593e-304, 1.7817432899985824e-307, 4277853696)
[239, 190, 173, 222, 3, 0, 31, 0, 0, 0, 0, 0, 0, 0, 0, 0, 79, 64, 255, 31, 56]
1 required to align
