[0]flash started
HELLO
[0]telemetry initialized
[0]program start
[0]SPI, I2C, RF communication pins set
[0]TVC initialized
[0]testing TVC...
[0]TVC test completed
[0]sensors initialized
[0]timing set, starting PL_COUNTDOWN
invalid frame
(3735928559, 1, 360, 19.933815, 0.003916, 4.360253843246028, 0.07089843647554517, 2438, 2183, 2492, 2184, nan, 0.0, nan, 0.0, 0.0, 0.0, 0.0, 0.0, 1.5889065163e-314, 5.28685719e-315, 5.27908621e-315, 0.0, 0.0, 1.1451199535261424e-288, -8.2958857269354985e-168, -4.245537157705074e+123, -3.2401770835625454e-167, 5.24970297e-315, 0.0, 0.0, -5.121613635270664e+300, 3.0197323620885362e+23, 1.5368834751286364e-93, 9.946341126321226e-79, -1.606286318251659e+194, -8.459375300583988e-104, -1.3126239917746209e+174, 4.368167383801377e+50, -3.136699643161793e-189, -1.944517091585334e+119, -1.5655229354845084e+206, -2.2932938046841106e-178, 4.6150625424204856e-303, 4.541682447245988e-109, 4.420390469866505e+69, -2.0628956372003073e-224, 5.9540783059129695e-120, -3.9619886077438707e+80, 5.0649781155095124e+290, 1.5981137547e-314, -1.5655223614774557e+206, 1.5901694776e-314, -1.9445167103276744e+119, -3.0036230482856234e+149, 1.207270095638542e-122, 1.913642811189536e-179, -8.695275651521527e+116, -6.64713619460202e-242, -2.6343963234819686e-153, 2.6539985274378763e+186, -2.259892913875618e+27, 8.264292412931478e-114, 5.867578316696138e-162, -3.1451082008556056e-135, -4.8995533738030065e-70, -1.0395838074248884e-187, -1.7928582477120523e+39, 5.38359053e-315, 5.33502108e-315, -1.8545562903071423e+53, 2.1186402755972e-309, 5.191636639611084e-55, 6.6601113511034425e+246, 1.1414273906295876e-224, -2.1175740377646105e-23, 6.605688020771275e-309, 6.61112033006034e-309, -1.0565890622713305e+270, 6.27e-322, -1.0565890622713305e+270, 6.27e-322, 0.0, 0)
[0, 0, 0]
17 required to align
[0, 0, 0]
15 required to align
[0, 0, 0]
16 required to align
[0, 0, 0]
15 required to align
[102, 102, 102]
15 required to align
[0, 0, 0]
16 required to align
[0, 0, 0]
15 required to align
[0, 0, 0]
16 required to align
[191, 0, 0]
15 required to align
[0, 0, 0]
15 required to align
[88, 191, 176]
16 required to align
[139, 70, 63]
15 required to align
[0, 0, 0]
15 required to align
[0, 0, 0]
16 required to align
[167, 3, 157]
15 required to align
[176, 235, 70]
15 required to align
[49, 105, 167]
16 required to align
[162, 187, 223]
15 required to align
[146, 198, 195]
16 required to align
[193, 182, 110]
15 required to align
[63, 239, 31]
15 required to align
[191, 253, 111]
16 required to align
[210, 192, 212]
15 required to align
[204, 192, 0]
16 required to align
[236, 214, 191]
15 required to align
[250, 20, 249]
15 required to align
[21, 254, 150]
15 required to align
[11, 164, 235]
16 required to align
[187, 151, 129]
15 required to align
[47, 218, 180]
16 required to align
[245, 78, 58]
15 required to align
[0, 162, 196]
15 required to align
[91, 162, 151]
16 required to align
[64, 0, 0]
15 required to align
[250, 254, 202]
10 required to align
[239, 190, 173, 222, 1, 164, 1, 0, 0, 127, 106, 188, 116, 147, 100, 53, 64, 18]
3 required to align
