[0]SD transfer done
[0]telemetry initialized
[0]program start
[0]SPI, I2C, RF communication pins set
[0]TVC initialized
[0]testing TVC...
[0]TVC test completed
[0]sensors initialized
[0]timing set, starting PL_COUNTDOWN
invalid frame
(3735928559, 1, 270, 63.777362, 0.004893, 4.3957030614838, 0.17724609118886292, 2403, 1539, 2454, 1540, nan, 0.0, nan, 0.0, 0.0, 0.0, 0.0, 0.0, 0.0, 0.0, 0.0, 0.0, 0.0, 0.0, 9.39, -2.91, -0.14, 0.0, 0.0, 0.0, 123456.1015625, 0.0625, -0.0625, 0.0, 0.0, 0.0, 0.0004953015989275562, 6.166471125218634e-05, -0.00038612567580106834, 5.4796076362683614e-05, -1.4916692076073442e-154, -1.7015833988768377e-79, -1.1105170110684036e+129, 2.3696512123611406e+185, 4.016024228092145e-152, 6.29234422822016e+77, 6.313464364717619e-249, 3.1621089239641478e-55, -4.2908079503318654e+247, 1.5970804154e-314, -1.5005126211495938e+162, 5.30264259e-315, -6.427669428983532e+136, -5.954294974703058e-62, 1.0147698207836973e-159, -6.227727245005089e-241, 8.415752782702147e+81, 2.5523891684970844e-160, 1.0495955198203495e+216, 1.72866700228724e+35, 5.769267117287096e-179, -4.232867947194879e-39, -3.41648017904803e+224, 1.818463093826406e-143, 1.9594493922374046e-226, -2.7794532397261386e+94, -2.6583537476816894e-11, 1.597063431e-314, 1.4916685037916246e-154, -1.854556293184694e+53, 1.6297324453588e-309, 9.570762714125436e+77, 9.75901446287083e+232, 5.72740327091648e-224, -48103489536.00049, 1.182070487676389e-308, 1.1826137186052956e-308, -1.0565890622713305e+270, 6.27e-322, -1.0565890622713305e+270, 6.27e-322, 0.0, 0)
[0, 0, 0]
16 required to align
[0, 0, 0]
15 required to align
[0, 0, 0]
16 required to align
[0, 0, 0]
15 required to align
[72, 225, 122]
15 required to align
[0, 0, 0]
16 required to align
[0, 0, 0]
15 required to align
[64, 0, 0]
16 required to align
[176, 63, 0]
15 required to align
[0, 0, 0]
15 required to align
[3, 69, 63]
16 required to align
[122, 15, 73]
15 required to align
[0, 0, 0]
15 required to align
[0, 0, 0]
16 required to align
[178, 92, 180]
15 required to align
[100, 116, 30]
16 required to align
[204, 44, 28]
15 required to align
[0, 243, 29]
15 required to align
[130, 140, 221]
16 required to align
[65, 199, 148]
15 required to align
[63, 111, 62]
16 required to align
[230, 63, 92]
15 required to align
[10, 131, 64]
15 required to align
[113, 172, 192]
16 required to align
[16, 194, 248]
15 required to align
[222, 80, 93]
15 required to align
[136, 82, 105]
16 required to align
[223, 65, 238]
15 required to align
[134, 16, 188]
16 required to align
[255, 173, 66]
15 required to align
[186, 68, 243]
15 required to align
[170, 133, 1]
16 required to align
[64, 153, 163]
15 required to align
[64, 0, 0]
16 required to align
[250, 254, 202]
10 required to align
[239, 190, 173, 222, 1, 74, 1, 0, 0, 111]
3 required to align
invalid frame
(3735928559, 1, 330, 65.24099, 0.003769, 4.431152279721573, 0.10634765471331775, 2677, 2172, 2727, 2173, nan, 0.0, nan, 0.0, 0.0, 0.0, 0.0, 0.0, 0.0, 0.0, 0.0, 0.0, 0.0, 0.0, 9.39, -2.9, -0.16, 0.0, 0.0, 0.0, -1.2978922171033932e-170, 7.842950448270914e-104, 2.175422698431565e+38, -8.728670285747522e+232, -6.252165473542248e-60, 1.1992484189328032e+244, 1.130161468096633e-125, 5.501345242480787e+226, 3.6281790782962406e-125, -2.697534643753488e-14, 2.388744347089858e-271, 6.071377074399015e+258, 1.5989635506e-314, 1.4916685037916246e-154, -1.854556293184694e+53, 1.95567099885107e-309, 5.598097314981367e+79, 1.3876282507536317e+231, 2.7556387917258438e-223, -2.4519832194746376e+54, 1.193478337008271e-308, 1.193478337014817e-308, -1.0565890622713305e+270, 6.27e-322, -1.0565890622713305e+270, 6.27e-322, 0.0, 0.0, 0.0, 0.0, 0.0, 0.0, 0.0, 0.0, 0.0, 0.0, 2.4142367261568897e-141, 2.2182228490627374e-274, -5404319552844736.0, 9.44e-322, -9.833505444723243e+95, 4.4527097475907485e+93, 4.4867019112865e-149, -7.104575389702632e+236, -1.5698112415408948e-172, -1.0350333671182119e-283, 7.46255618017174e+144, 1.5304040817560597e+92, 3.0963689682894318e+202, -9.240610263375597e-19, 2.8136070142991306e-101, -4.927790517617283e-245, 1882078093)
[0, 32, 71]
27 required to align
[250, 254, 202]
7 required to align
[239, 190, 173, 222, 1, 134, 1, 0]
3 required to align
[0]SD transfer started
run_14_data.csv
[421]File writing complete; code: 1 erase_flash: 1
[0]Erasing flash...
