[0]flash started
[0]transferring data to SD card...
[0]SD transfer started
run_14_data.csv
[510]File writing complete; code: 1 erase_flash: 1
[0]Erasing flash...
[0]SD transfer done
[0]telemetry initialized
[0]program start
[0]SPI, I2C, RF communication pins set
[0]TVC initialized
[0]testing TVC...
[0]TVC test completed
[0]sensors initialized
[0]timing set, starting PL_COUNTDOWN
[2361]Entering PL_FIRE
[6855]Entering IDLE
[0]SD transfer started
run_15_data.csv
[6855]File writing complete; code: 1 erase_flash: 1
