[0]SD transfer done time: 38.46
[0]telemetry initialized time: 38.46
[0]program start time: 38.47
[0]TVC initialized time: 38.47
[0]testing TVC... time: 38.47
[0]TVC test completed time: 42.42
[0]sensors initialized time: 44.14
[420]All values match time: 44.26
[0]timing set, starting PL_IDLE time: 44.26
sent: COMMAND: idle_to_standby time: 87.59
[8626]STANDBY START time: 87.76
sent: COMMAND: standby_to_countdown time: 103.36
sent: COMMAND: string_test time: 127.08
[1201]HELLO worLd time: 127.19
sent: COMMAND: standby_to_countdown time: 132.76
[17570]COUNTDOWN START time: 132.86
[148101040]FREE FALL TIME: time: 132.87
[149101040]IGNITION TIME: time: 132.87
[17770]IGNITION time: 133.88
[19752]SAFING time: 143.83
[19752]SD transfer start time: 143.96
[0]SD transfer started time: 143.97
run_63_data.csv time: 144.15
[19752]File writing complete; code: 1 erase_flash: 1 time: 152.92
[0]Erasing flash... time: 152.92
