[0]flash started
[0]telemetry initialized
[0]program start
[0]SPI, I2C, RF communication pins set
[0]TVC initialized
[0]testing TVC...
[0]TVC test completed
[0]sensors initialized
[0]timing set, starting PL_COUNTDOWN
invalid frame
(3735928559, 1, 360, 18.818453, 0.004852, 4.3957030614838, 0.10634765471331775, 2451, 1931, 2484, 1932, nan, 0.0, nan, 0.0, 0.0, 0.0, 0.0, -1.4916681462400413e-154, 5.387277894e-315, 1.5889065163e-314, 5.27908621e-315, 0.0, 0.0, -1.4063181606830315e-182, -1.479787532056093e+53, 9.784347340675273e+207, -1.406318338004915e-182, 1.58519255e-314, 0.0, 0.0, 1.3965996020000456e-180, -6.708796198057964e+161, 7.686848662989563e+303, -4.569211824197237e+256, -8.260982723311445e+161, -2.3248162501184318e-06, 8267486205.430034, -9.219444265542811e+112, 1.0468571673962722e-37, -4.611729344664729e-269, -1.4916692118029607e-154, 1.2126275917366674e+29, 2.0302388017835077e-122, -1.497987727470274e+29, -4.8027126480320384e-67, -5.339063754228294e-276, 4.572480327316246e+55, -8.383175237531249e+37, 6.193006577560112e-264, 1.59737416e-314, 0.0, 1.060738863e-314, -4.6117286278663794e-269, 1.5894662645e-314, 1.060738863e-314, 1.060738863e-314, 2.1217367583e-314, 1.060738863e-314, 1.060738863e-314, 1.060738863e-314, 1.060738863e-314, 1.060738863e-314, 1.060738863e-314, 1.060738863e-314, 1.060738863e-314, 1.060738863e-314, 1.060738863e-314, 1.060738863e-314, 1.4916681462400413e-154, -1.854556293184694e+53, 2.1186402755972e-309, 2.1815800631047953e-60, 3.861118400171195e+221, 2.7556387917258438e-223, -3.2451770257465202e+32, 1.173922023830861e-308, 1.174465254757491e-308, -1.0565890622713305e+270, 6.27e-322, -1.0565890622713305e+270, 6.27e-322, 0.0, 0)
[0, 0, 0]
25 required to align
[0, 0, 0]
15 required to align
[0, 0, 0]
16 required to align
[133, 235, 81]
15 required to align
[215, 163, 112]
15 required to align
[0, 0, 0]
16 required to align
[0, 0, 0]
15 required to align
[191, 0, 0]
15 required to align
[0, 0, 0]
16 required to align
[0, 0, 243]
15 required to align
[92, 191, 22]
16 required to align
[90, 92, 191]
15 required to align
[0, 0, 0]
15 required to align
[116, 180, 136]
16 required to align
[174, 108, 230]
15 required to align
[66, 116, 218]
15 required to align
[11, 57, 172]
16 required to align
[184, 14, 189]
15 required to align
[0, 0, 160]
16 required to align
[2, 154, 7]
15 required to align
[191, 3, 190]
15 required to align
[63, 114, 81]
16 required to align
[203, 192, 17]
15 required to align
[0, 0, 0]
16 required to align
[0, 0, 0]
15 required to align
[0, 0, 248]
15 required to align
[0, 0, 0]
15 required to align
[0, 0, 0]
16 required to align
[0, 0, 0]
15 required to align
[0, 0, 0]
16 required to align
[0, 0, 0]
15 required to align
[0, 0, 0]
15 required to align
[0, 0, 0]
16 required to align
[65, 222, 250]
15 required to align
[239, 190, 173, 222, 1, 164]
5 required to align
[0]SD transfer started
run_6_data.csv
[55]File writing complete; code: 1 erase_flash: 1
