[0]flash started
[0]telemetry initialized
[0]program start
[0]SPI, I2C, RF communication pins set
[0]TVC initialized
[0]testing TVC...
[0]TVC test completed
[0]sensors initialized
[0]timing set, starting PL_COUNTDOWN
invalid frame
(3735928559, 0, 210, 15.301306, 0.001162, 4.360253843246028, 0.14179687295109034, 92, 1706, 0, 93, nan, 0.0, nan, 0.0, 0.0, 0.0, 0.0, -1.4916681462400413e-154, 5.387277894e-315, 5.28426686e-315, 1.5894245817e-314, 0.0, 0.0, -2.5376590305728833e+35, -4.316544315512365e+69, 3.3219295140903743e+96, -3.6320902585657314e+82, 5.24073575e-315, 0.0, 0.0, 5.196017514767083e+19, -2.9659791039870488e-08, 5.532761133534684e-160, 23952.378902433134, 7.122857943954567e+242, -5.279602339513987e-115, -3.4460944786037436e-155, 1.458971761125303e-293, 7.2081327834521e-180, -5.950108163329496e+201, -1.4916692119194377e-154, -4.205398258485078e+288, -1.1169882316689327e-87, -1.8627659400492972e+267, -161412575.75131598, 5.448747767329671e+279, 1.571853283704735e+173, -1.1978888358898489e-237, -7.750107732486552e-209, 1.594729868e-314, -2.0786102748072695e-26, 5.302714503e-315, -5.950107004471036e+201, 1.5896400096e-314, -2.0786102748072695e-26, 2.779446008874844e-161, 1.5963203696e-314, -5.950107004471036e+201, -6.9004447786023416e+16, 5.33705928e-315, 0.0, 0.0, 0.0, 0.0, 0.0, 0.0, 0.0, 0.0, 1.4916681462400413e-154, -1.854556293184694e+53, 1.303793891866536e-309, 2.625450512227489e-77, 1.1143397514678607e+249, 1.1414273906295876e-224, -48103489536.00049, 6.58395878403242e-309, 6.589391093321487e-309, -1.0565890622713305e+270, 6.27e-322, -1.0565890622713305e+270, 6.27e-322, 0.0, 0)
aligned: [0, 0, 0, 0, 0, 0, 0, 0, 0, 0, 0, 0, 0, 0, 0, 0, 0, 0, 0, 0, 0, 0, 0, 0, 0] 22 byes
aligned: [0, 0, 0, 0, 0, 0, 0, 0, 0, 0, 0, 0, 0, 0, 0, 0, 0, 0] 15 byes
aligned: [0, 0, 0, 0, 0, 0, 0, 0, 0, 0, 0, 0, 0, 0, 0, 0, 0, 0, 0] 16 byes
aligned: [0, 0, 0, 0, 0, 0, 0, 0, 0, 0, 0, 0, 0, 0, 0, 0, 123, 20] 15 byes
aligned: [0, 123, 20, 174, 71, 225, 122, 35, 64, 41, 92, 143, 194, 245, 40, 204, 191, 41] 15 byes
aligned: [204, 191, 41, 92, 143, 194, 245, 40, 188, 191, 0, 0, 0, 0, 0, 0, 0, 0, 0] 16 byes
aligned: [0, 0, 0, 0, 0, 0, 0, 0, 0, 0, 0, 0, 0, 0, 0, 0, 0, 0] 15 byes
aligned: [0, 0, 0, 0, 0, 0, 160, 1, 36, 254, 64, 0, 0, 0, 0, 0, 0, 200, 63] 16 byes
aligned: [0, 200, 63, 0, 0, 0, 0, 0, 0, 0, 0, 0, 0, 0, 0, 0, 0, 0] 15 byes
aligned: [0, 0, 0, 0, 0, 0, 0, 0, 0, 0, 0, 0, 0, 0, 0, 0, 0, 0] 15 byes
aligned: [0, 0, 0, 0, 0, 110, 95, 193, 135, 242, 247, 82, 63, 230, 31, 118, 155, 4, 133] 16 byes
aligned: [155, 4, 133, 56, 191, 25, 56, 157, 8, 26, 20, 83, 191, 63, 248, 243, 145, 158] 15 byes
aligned: [243, 145, 158, 97, 56, 191, 0, 0, 0, 0, 0, 0, 0, 0, 0, 0, 0, 0] 15 byes
aligned: [0, 0, 0, 0, 0, 0, 0, 0, 0, 0, 0, 0, 0, 0, 0, 252, 37, 248, 6] 16 byes
aligned: [37, 248, 6, 185, 58, 115, 63, 178, 118, 30, 72, 222, 54, 150, 191, 196, 56, 127] 15 byes
aligned: [196, 56, 127, 53, 220, 253, 239, 63, 208, 7, 59, 50, 241, 87, 107, 191, 174, 128, 238] 16 byes
aligned: [174, 128, 238, 235, 230, 253, 239, 63, 174, 96, 236, 151, 1, 59, 150, 63, 158, 142] 15 byes
aligned: [63, 158, 142, 214, 18, 190, 255, 239, 191, 40, 235, 94, 205, 245, 43, 108, 191, 132] 15 byes
aligned: [108, 191, 132, 216, 25, 83, 155, 237, 114, 63, 47, 183, 20, 34, 28, 92, 228, 191, 0] 16 byes
aligned: [228, 191, 0, 0, 0, 160, 12, 36, 46, 65, 231, 93, 187, 226, 79, 170, 227, 191] 15 byes
aligned: [170, 227, 191, 18, 36, 1, 71, 198, 173, 230, 63, 129, 112, 250, 204, 208, 41, 130] 15 byes
aligned: [208, 41, 130, 191, 157, 241, 71, 130, 165, 146, 230, 63, 172, 247, 208, 57, 74, 136, 122] 16 byes
aligned: [74, 136, 122, 63, 188, 182, 12, 207, 230, 48, 128, 64, 37, 103, 167, 64, 228, 35] 15 byes
aligned: [64, 228, 35, 138, 192, 81, 245, 105, 86, 30, 164, 99, 192, 0, 0, 0, 0, 0, 0] 16 byes
aligned: [0, 0, 0, 0, 0, 180, 36, 251, 167, 116, 1, 249, 63, 0, 0, 0, 0, 0] 15 byes
aligned: [0, 0, 0, 0, 0, 0, 47, 183, 20, 34, 28, 92, 228] 10 byes
aligned: [28, 92, 228, 191, 66, 4, 84, 55, 23, 239, 128, 64, 132, 137, 61, 239, 206, 120, 87] 16 byes
aligned: [206, 120, 87, 192, 118, 141, 220, 180, 28, 64, 154, 64, 223, 188, 102, 154, 220, 161] 15 byes
aligned: [154, 220, 161, 141, 192, 92, 125, 20, 32, 60, 231, 82, 64, 53, 19, 72, 137, 148] 15 byes
aligned: [72, 137, 148, 196, 119, 192, 5, 77, 23, 16, 84, 119, 144, 192, 20, 247, 114, 190, 200] 16 byes
aligned: [114, 190, 200, 55, 155, 64, 145, 207, 106, 42, 4, 53, 154, 192, 88, 40, 132, 51] 15 byes
aligned: [40, 132, 51, 36, 218, 199, 64, 180, 213, 171, 76, 72, 109, 119, 192, 137, 172, 143, 145] 16 byes
aligned: [172, 143, 145, 208, 222, 186, 192, 60, 135, 171, 242, 145, 96, 61, 64, 208, 30, 239] 15 byes
aligned: [208, 30, 239, 7, 105, 148, 80, 64, 0, 0, 0, 0, 0, 0, 87, 64, 0, 0] 15 byes
aligned: [64, 0, 0, 0, 32, 71, 244, 32, 65, 222, 250, 254, 202] 10 byes
aligned: [250, 254, 202, 239, 190, 173, 222, 1, 14, 1, 0] 3 byes
aligned: [0, 0, 0, 0, 0, 0, 0, 0, 0, 0, 0, 0, 0, 0, 0, 0, 0, 0, 0, 0, 0, 0] 19 byes
aligned: [0, 0, 0, 0, 0, 0, 0, 0, 0, 0, 0, 0, 0, 0, 0, 0, 0, 0] 15 byes
aligned: [0, 0, 0, 0, 0, 0, 0, 0, 0, 0, 0, 0, 0, 0, 0, 0, 0, 0, 0] 16 byes
aligned: [0, 0, 0, 0, 0, 0, 0, 0, 0, 0, 0, 0, 0, 0, 0, 0, 0, 0] 15 byes
aligned: [0, 0, 0, 0, 246, 40, 92, 143, 194, 117, 35, 64, 82, 184, 30, 133, 235, 81, 200] 16 byes
aligned: [235, 81, 200, 191, 41, 92, 143, 194, 245, 40, 188, 191, 0, 0, 0, 0, 0, 0] 15 byes
aligned: [0, 0, 0, 0, 0, 0, 0, 0, 0, 0, 0, 0, 0, 0, 0, 0, 0, 0] 15 byes
aligned: [0, 0, 0, 0, 0, 0, 0, 0, 0, 160, 1, 36, 254, 64, 0, 0, 0, 0] 15 byes
aligned: [0, 0, 0, 0, 0, 208, 63, 0, 0, 0, 0, 0, 0, 0, 0, 0, 0, 0, 0] 16 byes
aligned: [0, 0, 0, 0, 0, 0, 0, 0, 0, 0, 0, 0, 0, 0, 0, 0, 0, 0] 15 byes
aligned: [0, 0, 0, 0, 0, 0, 0, 0, 89, 104, 221, 50, 232, 65, 89, 63, 189, 214, 61] 16 byes
aligned: [189, 214, 61, 231, 89, 87, 235, 62, 242, 198, 110, 213, 11, 74, 89, 191, 194, 197] 15 byes
aligned: [191, 194, 197, 186, 170, 7, 108, 245, 62, 0, 0, 0] 9 byes
aligned: [0, 0, 0, 0, 0, 0, 0, 0, 0, 0, 0, 0, 0, 0] 11 byes
aligned: [0, 0, 0, 0, 0, 0, 0, 0, 0, 0, 0, 0, 0, 56, 76, 9, 102, 238, 161] 16 byes
aligned: [102, 238, 161, 85, 63, 220, 176, 209, 82, 211, 53, 150, 191, 244, 162, 129, 196, 246] 15 byes
aligned: [129, 196, 246, 253, 239, 63, 106, 128, 150, 11, 93, 137, 115, 191, 76, 67, 129, 117, 224] 16 byes
aligned: [129, 117, 224, 253, 239, 63, 172, 156, 27, 145, 106, 55, 150, 63, 138, 4, 184, 69] 15 byes
aligned: [4, 184, 69, 204, 255, 239, 191, 14, 143, 91, 101, 56, 166, 115, 191, 200, 241, 207] 15 byes
aligned: [200, 241, 207, 157, 165, 238, 83, 63, 133, 68, 204, 155, 100, 34, 245, 191, 0, 0, 0] 16 byes
aligned: [0, 0, 0, 160, 12, 36, 46, 65, 224, 234, 32, 231, 135, 201, 244, 191, 216, 10] 15 byes
aligned: [191, 216, 10, 116, 95, 237, 163, 230, 63, 164, 175, 4, 209, 134, 45, 131, 191, 138, 122] 16 byes
aligned: [191, 138, 122, 13, 113, 133, 156, 230, 63, 169, 48, 211, 8, 63, 122, 120, 63, 30] 15 byes
aligned: [120, 63, 30, 85, 34, 230, 110, 62, 128, 64, 113, 244, 7, 90, 96, 30, 138, 192] 15 byes
aligned: [30, 138, 192, 162, 108, 233, 88, 91, 107, 99, 192, 0, 0, 0, 0, 0, 0, 0, 0] 16 byes
aligned: [0, 0, 0, 121, 130, 143, 90, 50, 5, 249, 63, 0, 0, 0, 0, 0, 0, 0] 15 byes
aligned: [0, 0, 0, 0, 133, 68, 204, 155, 100, 34, 245, 191, 117] 10 byes
aligned: [245, 191, 117, 142, 29, 155, 136, 182, 153, 192, 186, 81, 226, 212, 215, 190, 148, 192, 233] 16 byes
aligned: [148, 192, 233, 158, 180, 153, 157, 145, 219, 64, 205, 214, 85, 204, 89, 239, 163, 192] 15 byes
aligned: [239, 163, 192, 15, 51, 89, 192, 10, 174, 145, 64, 190, 181, 99, 12, 216, 110, 185] 15 byes
aligned: [216, 110, 185, 192, 8, 217, 19, 70, 107, 75, 196, 192, 156, 31, 135, 15, 83, 228, 219] 16 byes
aligned: [83, 228, 219, 64, 104, 44, 163, 173, 193, 58, 239, 192, 165, 223, 119, 8, 110, 80] 15 byes
aligned: [8, 110, 80, 213, 64, 231, 230, 246, 39, 126, 206, 183, 192, 72, 0, 111, 84, 25] 15 byes
aligned: [111, 84, 25, 74, 247, 192, 176, 12, 46, 138, 13, 233, 137, 64, 206, 201, 33, 124, 150] 16 byes
aligned: [33, 124, 150, 164, 140, 64, 0, 0, 0, 0, 0, 64, 86, 64, 0, 0, 0, 32] 15 byes
aligned: [0, 0, 32, 71, 244, 32, 65, 222, 250, 254, 202] 8 byes
aligned: [250, 254, 202, 239, 190, 173, 222, 1, 74, 1, 0, 0, 109, 3, 119, 160, 78, 57] 3 byes
[0]SD transfer started
run_22_data.csv
[421]File writing complete; code: 1 erase_flash: 1
