[51, 48, 44]
8 required to align
[48, 46, 48]
15 required to align
[44, 13, 10]
8 required to align
[46, 48, 51]
20 required to align
[44, 13, 10]
14 required to align
[46, 53, 54]
20 required to align
[44, 13, 10]
14 required to align
[50, 49, 54]
19 required to align
[44, 13, 10]
13 required to align
[52, 54, 52]
21 required to align
[44, 13, 10]
12 required to align
[46, 57, 57]
20 required to align
[44, 13, 10]
14 required to align
[51, 48, 46]
18 required to align
[44, 13, 10]
16 required to align
[52, 54, 46]
18 required to align
[52, 44, 13]
15 required to align
[51, 57, 56]
10 required to align
[46, 50, 54]
15 required to align
[44, 13, 10]
14 required to align
[46, 55, 48]
16 required to align
[48, 48, 50]
16 required to align
[46, 56, 55]
14 required to align
[48, 46, 55]
15 required to align
[44, 13, 10]
15 required to align
[53, 56, 57]
18 required to align
[48, 50, 49]
15 required to align
[50, 50, 49]
14 required to align
[46, 52, 52]
15 required to align
[44, 13, 10]
14 required to align
[51, 55, 44]
19 required to align
[50, 49, 51]
15 required to align
[56, 57, 46]
18 required to align
[44, 48, 46]
15 required to align
[44, 13, 10]
9 required to align
[50, 46, 54]
7 required to align
[53, 49, 46]
15 required to align
[51, 44, 13]
15 required to align
[46, 50, 52]
17 required to align
[48, 48, 49]
16 required to align
[46, 56, 57]
14 required to align
[46, 55, 54]
16 required to align
[44, 13, 10]
14 required to align
[49, 51, 55]
18 required to align
[48, 49, 49]
15 required to align
[50, 55, 51]
14 required to align
[51, 57, 48]
16 required to align
[44, 13, 10]
13 required to align
[54, 51, 55]
18 required to align
[49, 49, 56]
16 required to align
[53, 52, 44]
15 required to align
[57, 48, 55]
15 required to align
[44, 13, 10]
12 required to align
[56, 44, 54]
20 required to align
[54, 53, 44]
16 required to align
[51, 44, 56]
14 required to align
[57, 44, 48]
16 required to align
[44, 13, 10]
10 required to align
[53, 55, 46]
22 required to align
[50, 44, 13]
15 required to align
[56, 46, 57]
16 required to align
[46, 48, 48]
16 required to align
[44, 13, 10]
7 required to align
[56, 57, 44]
11 required to align
[50, 57, 55]
15 required to align
[44, 13, 10]
12 required to align
[46, 50, 53]
8 required to align
[57, 46, 52]
15 required to align
[44, 13, 10]
15 required to align
[50, 51, 44]
19 required to align
[49, 49, 55]
15 required to align
[55, 51, 44]
22 required to align
[48, 49, 49]
15 required to align
[44, 56, 54]
9 required to align
[51, 44, 45]
15 required to align
[49, 54, 54]
15 required to align
[53, 54, 49]
20 required to align
[48, 49, 50]
15 required to align
[56, 46, 52]
19 required to align
[44, 48, 46]
15 required to align
[44, 13, 10]
9 required to align
[44, 56, 56]
13 required to align
[44, 48, 46]
15 required to align
[44, 13, 10]
9 required to align
[56, 56, 51]
10 required to align
[49, 56, 49]
15 required to align
[44, 13, 10]
13 required to align
[50, 57, 55]
8 required to align
[49, 46, 48]
15 required to align
[44, 13, 10]
15 required to align
[45, 53, 53]
21 required to align
[49, 44, 13]
16 required to align
[52, 44, 45]
20 required to align
[49, 50, 52]
15 required to align
[48, 44, 55]
7 required to align
[54, 44, 45]
16 required to align
[49, 49, 55]
15 required to align
[55, 55, 52]
20 required to align
[48, 48, 49]
16 required to align
[56, 46, 56]
20 required to align
[44, 48, 46]
15 required to align
[44, 13, 10]
9 required to align
[44, 56, 56]
13 required to align
[44, 48, 46]
15 required to align
[44, 13, 10]
9 required to align
[55, 55, 55]
9 required to align
[48, 57, 56]
16 required to align
[44, 13, 10]
13 required to align
[46, 56, 57]
7 required to align
[55, 46, 52]
15 required to align
[44, 13, 10]
15 required to align
[56, 56, 46]
14 required to align
[44, 48, 46]
15 required to align
[44, 13, 10]
9 required to align
[56, 56, 46]
13 required to align
[48, 46, 48]
16 required to align
[44, 13, 10]
8 required to align
[44, 56, 55]
12 required to align
[48, 44, 48]
15 required to align
[44, 13, 10]
10 required to align
[56, 54, 46]
13 required to align
[44, 48, 46]
15 required to align
[44, 13, 10]
9 required to align
[56, 51, 46]
13 required to align
[44, 48, 46]
15 required to align
[44, 13, 10]
9 required to align
[51, 44, 56]
11 required to align
[53, 57, 44]
15 required to align
[44, 13, 10]
11 required to align
[51, 53, 49]
9 required to align
[51, 54, 51]
15 required to align
[44, 13, 10]
13 required to align
[53, 50, 44]
11 required to align
[56, 50, 53]
15 required to align
[44, 13, 10]
12 required to align
[51, 46, 56]
15 required to align
[48, 46, 48]
15 required to align
[44, 13, 10]
8 required to align
[56, 52, 46]
14 required to align
[48, 46, 48]
16 required to align
[44, 13, 10]
8 required to align
[57, 44, 45]
20 required to align
[48, 52, 44]
16 required to align
[57, 46, 56]
9 required to align
[45, 54, 46]
15 required to align
[44, 13, 10]
16 required to align
[57, 46, 56]
7 required to align
[45, 54, 46]
15 required to align
[44, 13, 10]
16 required to align
[46, 55, 55]
8 required to align
[46, 48, 55]
16 required to align
[44, 13, 10]
14 required to align
[53, 54, 44]
11 required to align
[56, 48, 55]
15 required to align
[44, 13, 10]
12 required to align
[52, 46, 51]
15 required to align
[46, 48, 48]
16 required to align
[44, 13, 10]
7 required to align
[49, 53, 55]
18 required to align
[49, 49, 55]
16 required to align
[46, 50, 48]
20 required to align
[48, 48, 49]
16 required to align
[53, 46, 52]
21 required to align
[46, 48, 48]
16 required to align
[44, 13, 10]
7 required to align
[44, 56, 53]
13 required to align
[54, 44, 48]
15 required to align
[44, 13, 10]
10 required to align
[53, 46, 50]
15 required to align
[46, 48, 48]
16 required to align
[44, 13, 10]
7 required to align
[48, 55, 51]
17 required to align
[48, 49, 49]
16 required to align
[45, 56, 57]
10 required to align
[56, 44, 45]
15 required to align
[51, 50, 44]
16 required to align
[52, 51, 52]
11 required to align
[55, 50, 51]
16 required to align
[44, 13, 10]
13 required to align
[44, 56, 52]
13 required to align
[52, 44, 48]
15 required to align
[44, 13, 10]
10 required to align
[49, 57, 56]
17 required to align
[48, 48, 49]
15 required to align
[44, 56, 52]
19 required to align
[51, 44, 48]
15 required to align
[44, 13, 10]
10 required to align
[50, 55, 56]
9 required to align
[46, 53, 53]
15 required to align
[44, 13, 10]
14 required to align
[52, 50, 44]
19 required to align
[49, 54, 53]
16 required to align
[46, 49, 53]
11 required to align
[53, 46, 52]
15 required to align
[44, 13, 10]
15 required to align
[57, 46, 48]
7 required to align
[53, 46, 51]
16 required to align
[44, 13, 10]
15 required to align
[56, 51, 46]
14 required to align
[44, 48, 46]
15 required to align
[44, 13, 10]
9 required to align
[51, 46, 57]
15 required to align
[48, 46, 48]
15 required to align
[44, 13, 10]
8 required to align
[51, 44, 45]
20 required to align
[51, 53, 44]
16 required to align
[56, 56, 44]
13 required to align
[55, 53, 57]
15 required to align
[44, 13, 10]
12 required to align
[54, 50, 44]
11 required to align
[50, 55, 44]
16 required to align
[44, 13, 10]
11 required to align
[53, 54, 56]
17 required to align
[48, 48, 49]
15 required to align
[56, 57, 46]
12 required to align
[45, 53, 46]
16 required to align
[53, 44, 13]
15 required to align
[239, 190, 173, 222]
19 required to align
