aligned: [32, 82, 70, 32, 99, 111, 109, 109, 117, 110, 105, 99, 97, 116, 105, 111, 110, 32, 112, 105, 110, 115, 32] 20 byes
aligned: [110, 115, 32, 115, 101, 116, 222, 250, 254, 202] 7 byes
aligned: [250, 254, 202, 206, 250, 186, 186, 18, 91, 48, 93, 84, 86, 67, 32, 105, 110, 105, 116, 105, 97, 108, 105] 3 byes
[0]TVC initialized
[0]testing TVC...
[0]TVC test completed
[0]sensors initialized
[0]timing set, starting PL_COUNTDOWN
invalid frame
(3735928559, 0, 180, 14.637998, 0.002142, 4.360253843246028, 0.17724609118886292, 94, 2018, 0, 95, nan, 0.0, nan, 0.0, 0.0, 0.0, 0.0, 0.0, 0.0, 0.0, 0.0, 0.0, 0.0, 0.0, 9.18, -3.48, 0.1, 0.0, 0.0, 0.0, 123456.1015625, 0.0625, 0.1875, 0.0, 0.0, 0.0, -0.0004468295490394761, -0.000314557627977723, -0.0007272749991075551, 0.00044393901976921455, 0.0, 0.0, 0.0, 0.004561720983385122, -0.0019213866557057369, -1.0003567863402263, 0.35377063496083533, 0.935726725586288, -0.00018402425778094034, 0.9357156242913941, -0.353765465102007, 0.004946429023399389, -1.5568563716831323, 987654.3125, 1.5579455129634678, 0.697420482255149, -0.12674826353260601, 4.9181341505974514e-29, 6.634661794043747e-268, 5.35310403e-315, 0.0, 0.0, 0.0, 0.0, 0.0, 0.0, 0.0, 0.0, 1.4916681462400413e-154, 5.39855021e-315, 0.0, 0.0, 0.0, 0.0, 0.0, 0.0, 0.0, 0.0, 5.109926198311326e-210, 3.942814167382485e+234, -2.3538504050923946e-185, 1.35224181779e-312, 0)
aligned: [0, 0, 0, 0, 0, 0, 0, 0, 0, 0, 0, 0, 0, 0, 0, 0, 0, 0, 0, 0] 17 byes
aligned: [0, 0, 0, 160, 1, 36, 254, 64, 0, 0, 0, 0, 0, 0, 192, 63, 0, 0] 15 byes
aligned: [63, 0, 0, 0, 0, 0, 0, 0, 0, 0, 0, 0, 0, 0, 0, 0, 0, 0] 15 byes
aligned: [0, 0, 0, 0, 0, 0, 0, 0, 0, 0, 0, 0, 0, 0, 0, 0, 0, 0, 178] 16 byes
aligned: [0, 0, 178, 175, 22, 17, 159, 66, 68, 191, 118, 209, 47, 6, 90, 92, 77, 63] 15 byes
aligned: [92, 77, 63, 90, 179, 7, 95, 114, 115, 77, 191, 64, 54, 120, 107, 231, 103, 68, 191] 16 byes
aligned: [103, 68, 191, 0, 0, 0, 0, 0, 0, 0, 0, 0, 0, 0, 0, 0, 0, 0] 15 byes
aligned: [0, 0, 0, 0, 0, 0, 0, 0, 0, 0, 0, 0, 160, 103, 22, 150, 135, 17] 15 byes
aligned: [150, 135, 17, 114, 63, 0, 24, 20, 85, 54, 101, 95, 191, 60, 123, 110, 117, 131, 1] 16 byes
aligned: [117, 131, 1, 240, 191, 21, 85, 184, 74, 42, 155, 214, 63, 79, 25, 43, 232, 71] 15 byes
aligned: [43, 232, 71, 243, 237, 63, 0, 120, 145, 42, 184, 213, 46, 191, 162, 41, 4, 43, 50] 16 byes
aligned: [4, 43, 50, 243, 237, 63, 249, 123, 194, 209, 20, 155, 214, 191, 32, 71, 216, 87] 15 byes
aligned: [71, 216, 87, 15, 173, 115, 63, 135, 107, 37, 186, 131, 234, 248, 191, 0, 0, 0] 15 byes
aligned: [0, 0, 0, 160, 12, 36, 46, 65, 180, 2, 76, 244, 20, 239, 248, 63, 191, 237, 80] 16 byes
aligned: [191, 237, 80, 121, 41, 81, 230, 63, 184, 94, 185, 121, 230, 49, 192, 191, 204, 83] 15 byes
aligned: [191, 204, 83, 63, 136, 41, 54, 230, 191, 107, 186, 210, 123, 82, 75, 192, 63, 86] 15 byes
aligned: [192, 63, 86, 32, 254, 44, 31, 81, 163, 192, 125, 150, 183, 233, 237, 224, 187, 192, 161] 16 byes
aligned: [187, 192, 161, 103, 26, 253, 239, 203, 227, 192, 0, 0, 0, 0, 0, 0, 0, 0] 15 byes
aligned: [0, 0, 0, 79, 30, 41, 251, 250, 95, 243, 191, 0, 0, 0, 0, 0, 0, 0, 0] 16 byes
aligned: [0, 0, 0, 135, 107, 37, 186, 131, 234, 248, 191, 0, 0, 0, 0, 0, 0, 0] 15 byes
aligned: [0, 0, 0, 0, 79, 30, 41, 251, 250, 95, 243, 191, 251, 66, 64, 6, 224, 155] 15 byes
aligned: [6, 224, 155, 129, 64, 0, 0, 0, 0, 0, 0, 0, 0, 135, 107, 37, 186, 131, 234] 16 byes
aligned: [186, 131, 234, 248, 191, 2, 220, 137, 16, 22, 165, 134, 64, 0, 0, 0, 0, 0] 15 byes
aligned: [0, 0, 0, 0, 0, 0, 0, 0, 0, 0, 0, 0, 0, 0, 0, 0, 0, 0, 0] 16 byes
aligned: [0, 0, 0, 0, 0, 0, 0, 0, 0, 0, 0, 0, 0, 0, 0, 0, 0, 0] 15 byes
aligned: [0, 0, 0, 0, 0, 0, 0, 0, 0, 0, 0, 0, 0, 0, 0, 0, 0, 0] 15 byes
aligned: [0, 0, 0, 0, 0, 0, 0, 0, 0, 0, 0, 0, 0, 0, 0, 0, 0, 0, 0] 16 byes
aligned: [0, 0, 0, 0, 0, 0, 0, 0, 0, 0, 0, 32, 71, 244, 32, 65, 222, 250] 15 byes
aligned: [65, 222, 250, 254, 202, 239, 190, 173, 222, 1, 240, 0, 0, 0, 184, 117, 55] 5 byes
invalid frame
(3735928559, 1, 270, 16.764545, 0.003915, 4.360253843246028, 0.14179687295109034, 2412, 2205, 2463, 2206, nan, 0.0, nan, 0.0, 0.0, 0.0, 0.0, -1.4916681462400413e-154, 5.387277894e-315, 1.5896836144e-314, 0.0, 0.0, 0.0, -5.5936402617645594e+159, -5.07835849233324e-68, 6.675005016140864e+70, 5.722018034972979e+71, 1.585384237e-314, 0.0, 0.0, -1.1113533195307587e+207, -1.6626381860290783e-219, 8.131397349446228e+268, 1.6632292782746504e+209, 1.7888688370195834e+236, 2.416691200396901e-20, -7.646934018469061e+148, -1.1038596294218506e+110, 2.8974884717945927e+203, 2.029765834303563e-20, -1.4916692130095827e-154, -1.0428915036371962e+58, -2.3405696161153906e-48, 2.2078404955533397e-42, 2.2708752578365358e+111, 9.531374199605165e+174, 7.395146305021074e+59, 3.0898007491517536e+221, -5.888009110687691e+250, 1.598872754e-314, 2.952470375517032e-97, 1.591089241e-314, 2.029765513885883e-20, -2.5949194031958323e+293, 2.8414534463023445e+197, -2.150318860006793e-278, -1.3022410873950666e-100, -8.285209779913263e-209, -2.2940975349892315e-266, -1.7824400783994423e-186, -1.063545260130848e-131, -3.0285352880754966e-18, -1.893373767062828e+241, -5.84620578424036e-176, 2.876402801925041e-64, 2.308024748782286e-106, 4.11695672210834e+166, 1.5966909425e-314, 1.491668503753638e-154, -1.854556293184694e+53, 1.6297324453588e-309, 2.7990365089240622e-70, 3.8893422734379884e+222, 5.72740327091648e-224, -3.2451770257465202e+32, 1.180984025819905e-308, 1.1809840258263245e-308, -1.0565890622713305e+270, 6.27e-322, -1.0565890622713305e+270, 6.27e-322, 0.0, 0)
aligned: [0, 0, 0, 0, 0, 0, 0, 0, 0, 0, 0, 0, 0, 0, 0, 0, 0, 0, 0, 0] 17 byes
aligned: [0, 0, 0, 0, 0, 0, 0, 0, 0, 0, 0, 0, 0, 0, 0, 0, 0, 0] 15 byes
aligned: [0, 0, 0, 0, 0, 0, 0, 0, 0, 0, 0, 0, 0, 0, 0, 0, 0, 0] 15 byes
aligned: [0, 0, 0, 0, 0, 0, 0, 0, 0, 0, 0, 0, 0, 0, 0, 0, 0, 0, 0] 16 byes
aligned: [0, 0, 0, 0, 0, 0, 205, 204, 204, 204, 204, 76, 34, 64, 215, 163, 112, 61] 15 byes
aligned: [163, 112, 61, 10, 215, 11, 192, 41, 92, 143, 194, 245, 40, 188, 63, 0, 0, 0, 0] 16 byes
aligned: [0, 0, 0, 0, 0, 0, 0, 0, 0, 0, 0, 0, 0, 0, 0, 0, 0, 0] 15 byes
aligned: [0, 0, 0, 0, 0, 0, 0, 0, 0, 0, 0, 160, 1, 36, 254, 64, 0, 0] 15 byes
aligned: [64, 0, 0, 0, 0, 0, 0, 176, 63, 0, 0, 0, 0, 0, 0, 0, 0, 0, 0] 16 byes
aligned: [0, 0, 0, 0, 0, 0, 0, 0, 0, 0, 0, 0, 0, 0, 0, 0, 0, 0] 15 byes
aligned: [0, 0, 0, 0, 0, 0, 0, 0, 0, 0, 177, 1, 61, 3, 234, 66, 52, 191] 15 byes
aligned: [66, 52, 191, 139, 244, 210, 223, 114, 85, 61, 63, 104, 54, 63, 49, 63, 119, 61, 191] 16 byes
aligned: [119, 61, 191, 148, 84, 97, 243, 35, 111, 52, 191, 0, 0, 0, 0, 0, 0, 0] 15 byes
aligned: [0, 0, 0, 0, 0, 0, 0, 0, 0, 0, 0, 0, 0, 0, 0, 0, 0, 0, 0] 16 byes
aligned: [0, 0, 0, 0, 104, 185, 4, 182, 129, 177, 119, 63, 0, 84, 43, 60, 179, 176] 15 byes
aligned: [60, 179, 176, 94, 191, 44, 67, 93, 101, 68, 2, 240, 191, 152, 158, 198, 82, 208] 15 byes
aligned: [198, 82, 208, 142, 214, 63, 72, 87, 163, 154, 71, 247, 237, 63, 0, 26, 162, 78, 104] 16 byes
aligned: [162, 78, 104, 166, 50, 63, 66, 117, 11, 58, 34, 247, 237, 63, 20, 45, 135, 237] 15 byes
aligned: [45, 135, 237, 187, 142, 214, 191, 24, 222, 210, 139, 158, 224, 120, 63, 7, 26, 220, 79] 16 byes
aligned: [26, 220, 79, 105, 219, 248, 191, 0, 0, 0, 160, 12, 36, 46, 65, 232, 56, 105] 15 byes
aligned: [232, 56, 105, 234, 196, 222, 248, 63, 125, 203, 122, 208, 25, 86, 230, 63, 83, 161] 15 byes
aligned: [63, 83, 161, 96, 85, 189, 43, 192, 191, 253, 249, 202, 147, 52, 51, 230, 191, 92, 69] 16 byes
aligned: [191, 92, 69, 24, 201, 110, 62, 192, 63, 101, 190, 52, 120, 94, 213, 162, 192, 10] 15 byes
aligned: [162, 192, 10, 246, 143, 59, 191, 225, 187, 192, 134, 165, 79, 176, 145, 205, 227, 192] 15 byes
aligned: [205, 227, 192, 0, 0, 0, 0, 0, 0, 0, 0, 64, 46, 79, 200, 147, 101, 243, 191] 16 byes
aligned: [101, 243, 191, 0, 0, 0, 0, 0, 0, 0, 0, 7, 26, 220, 79, 105, 219, 248] 15 byes
aligned: [105, 219, 248, 191, 22, 35, 59, 158, 194, 157, 204, 192, 157, 191, 209, 117, 109, 50, 148] 16 byes
aligned: [109, 50, 148, 192, 24, 174, 132, 142, 159, 168, 199, 192, 138, 208, 45, 104, 65, 140] 15 byes
aligned: [104, 65, 140, 212, 192, 102, 61, 111, 19, 0, 138, 194, 64, 86, 158, 105, 196, 202] 15 byes
aligned: [105, 196, 202, 146, 235, 192, 136, 130, 30, 89, 159, 109, 234, 192, 112, 202, 18, 73, 222] 16 byes
aligned: [18, 73, 222, 91, 202, 192, 226, 19, 37, 105, 161, 208, 16, 65, 204, 216, 144, 105] 15 byes
aligned: [216, 144, 105, 118, 4, 6, 65, 204, 76, 37, 162, 76, 176, 233, 192, 163, 109, 49, 200] 16 byes
aligned: [109, 49, 200, 192, 237, 39, 193, 74, 239, 169, 68, 21, 79, 166, 192, 209, 111, 165] 15 byes
aligned: [209, 111, 165, 52, 155, 93, 189, 64, 0, 0, 0, 0, 0, 64, 89, 64, 0, 0] 15 byes
aligned: [64, 0, 0, 0, 32, 71, 244, 32, 65, 222, 250, 254, 202] 10 byes
aligned: [250, 254, 202, 239, 190, 173, 222, 1, 74, 1, 0, 0] 3 byes
[0]SD transfer started
run_19_data.csv
[421]File writing complete; code: 1 erase_flash: 1
[0]Erasing flash...
