invalid frame
(3735928559, 92, 4264584772, -1.4840839977142696e+172, 6.131284015768195e+158, 8.394723625261577e-226, -8.983097947035797e+63, 42, 2010768982, 718625467, 1992848195, -2.6719051961295962e+138, 8.83908048278833e+255, -4.883925210813117e+105, -6.929850881751911e+187, 5.665827484354457e-240, -1.3485526907646949e+64, 1.9882611226653757e+17, -1.760206036870615e+208, 2.865184834080295e+242, -2.219371793401764e-228, 1.4421583515820498e+109, 1.7282422261451697e-92, 3.2657632589373846e-98, -7.100705613343557e-148, 1.4065522255780247e-96, 1.0734096728389064e+101, -4.42222182188703e+38, -2.2672650962021542e-303, 1.9964575397009872e+161, 8.422441890594243e+252, -1.1885954192937264e+148, 3.6822161645312687e+180, 7.266159000891614e+223, 6.849763551239186e+180, -2.429937739562078e-88, 6.988955060861366e+228, 2.875046824636033e+161, -1.516006144780034e-05, 8.968800912772828e+78, 1.0539562542869769e-153, 4.4185461593132124e+257, 9.083672027944592e+223, 4.960424623129987e+180, -2.4299377395620824e-88, 2.514083483040447e+16, 1.1723408837272657e+214, -1.8545564190239516e+53, 7.790910655789092e+140, 1.3980687513597739e-152, -7.012305226417211e+283, 6.063783884355379e+130, 5.219579024168597e+180, 2.2121160184304615e+214, -1.8545564190236241e+53, 7.790946997725307e+140, 2.320679199157589e-152, 6.78871255139125e+199, -3.2743595633291786e+230, 3.3437513504087042e+252, 4.960377135692263e+180, 8.42244189056924e+252, 3.5238525211097508e+16, 2.5137062137530264e+69, 4.286531180758829e-38, 2.7166867803629305e-33, 1.2171917563532326e-76, 7.482437017836154e-67, 4.080723348930963e-33, 1.6539569579363715e-47, 2.1210017559378242e+161, 3.124505771662044e-33, 9.72819635470864e-72, 4.324244530490511e-91, 1.1801474801356123e-95, 1.1340636739964997e-95, 8.52249419959173e-96, 5.394614485670594e-62, 1.6542202131387775e-47, 2.1210071149693218e+161, 4.765321456934158e-38, 9.72819635470863e-72, 4.1418034128680765e-38, 825699891)
[49, 52, 54]
21 required to align
[44, 45, 50]
20 required to align
[57, 44, 13]
16 required to align
[110, 44, 45]
17 required to align
[52, 56, 44]
16 required to align
[50, 54, 46]
20 required to align
[44, 13, 10]
16 required to align
[52, 51, 44]
11 required to align
[46, 48, 48]
15 required to align
[44, 13, 10]
7 required to align
[48, 51, 44]
11 required to align
[48, 46, 48]
15 required to align
[44, 13, 10]
8 required to align
[54, 55, 56]
10 required to align
[44, 48, 46]
15 required to align
[44, 13, 10]
9 required to align
[56, 44, 110]
12 required to align
[48, 49, 49]
16 required to align
[110, 97, 110]
19 required to align
[48, 49, 49]
15 required to align
[97, 110, 44]
20 required to align
[55, 54, 57]
16 required to align
[110, 97, 110]
16 required to align
[48, 49, 49]
16 required to align
[110, 44, 45]
21 required to align
[49, 52, 51]
15 required to align
[44, 45, 56]
7 required to align
[49, 46, 53]
15 required to align
[44, 13, 10]
15 required to align
[56, 51, 54]
21 required to align
[44, 13, 10]
13 required to align
[55, 49, 57]
9 required to align
[55, 44, 48]
15 required to align
[44, 13, 10]
10 required to align
[54, 46, 54]
7 required to align
[53, 54, 44]
16 required to align
[44, 13, 10]
11 required to align
[50, 53, 57]
21 required to align
[44, 13, 10]
13 required to align
[46, 54, 57]
20 required to align
[44, 13, 10]
14 required to align
[110, 97, 110]
14 required to align
[49, 49, 52]
16 required to align
[97, 110, 44]
19 required to align
[49, 52, 49]
15 required to align
[110, 97, 110]
18 required to align
[48, 49, 53]
15 required to align
[110, 97, 110]
18 required to align
[48, 49, 49]
15 required to align
[54, 44, 110]
17 required to align
[48, 49, 49]
16 required to align
[44, 110, 97]
18 required to align
[48, 48, 49]
15 required to align
[110, 97, 110]
20 required to align
[48, 49, 53]
15 required to align
[56, 44, 110]
17 required to align
[46, 48, 48]
15 required to align
[44, 13, 10]
7 required to align
[110, 97, 110]
14 required to align
[48, 49, 49]
15 required to align
[97, 110, 44]
20 required to align
[49, 53, 55]
15 required to align
[110, 44, 45]
20 required to align
[53, 55, 44]
16 required to align
[44, 45, 53]
19 required to align
[52, 54, 44]
15 required to align
[45, 52, 46]
20 required to align
[44, 13, 10]
16 required to align
[97, 110, 44]
15 required to align
[51, 53, 51]
16 required to align
[97, 110, 44]
18 required to align
[49, 52, 57]
16 required to align
[110, 97, 110]
17 required to align
[49, 49, 51]
16 required to align
[49, 56, 52]
14 required to align
[46, 48, 48]
16 required to align
[44, 13, 10]
7 required to align
[46, 57, 53]
8 required to align
[52, 53, 44]
15 required to align
[44, 13, 10]
11 required to align
[46, 57, 52]
8 required to align
[44, 48, 46]
16 required to align
[44, 13, 10]
9 required to align
[57, 57, 50]
20 required to align
[44, 13, 10]
13 required to align
[50, 46, 48]
19 required to align
[44, 13, 10]
15 required to align
[57, 55, 56]
20 required to align
[44, 13, 10]
13 required to align
[46, 53, 53]
19 required to align
[44, 13, 10]
14 required to align
[44, 49, 46]
17 required to align
[51, 44, 13]
15 required to align
[110, 97, 110]
15 required to align
[49, 55, 55]
16 required to align
[44, 110, 97]
16 required to align
[48, 49, 54]
15 required to align
[52, 55, 44]
16 required to align
[46, 48, 48]
15 required to align
[44, 13, 10]
7 required to align
[56, 48, 48]
10 required to align
[48, 46, 48]
15 required to align
[44, 13, 10]
8 required to align
[46, 54, 57]
8 required to align
[48, 44, 48]
16 required to align
[44, 13, 10]
10 required to align
[51, 54, 55]
10 required to align
[48, 46, 48]
15 required to align
[44, 13, 10]
8 required to align
[49, 54, 52]
21 required to align
[44, 13, 10]
12 required to align
[56, 52, 53]
21 required to align
[44, 13, 10]
13 required to align
[51, 55, 52]
20 required to align
[44, 13, 10]
13 required to align
[97, 110, 44]
15 required to align
[54, 54, 44]
16 required to align
[110, 44, 49]
18 required to align
[49, 52, 50]
15 required to align
[45, 56, 49]
8 required to align
[53, 50, 51]
15 required to align
[44, 13, 10]
13 required to align
[46, 49, 49]
20 required to align
[44, 13, 10]
14 required to align
[55, 54, 56]
21 required to align
[44, 13, 10]
12 required to align
[51, 46, 50]
7 required to align
[51, 57, 44]
15 required to align
[44, 13, 10]
11 required to align
[46, 53, 53]
8 required to align
[49, 44, 48]
16 required to align
[44, 13, 10]
10 required to align
[46, 53, 51]
8 required to align
[44, 48, 46]
16 required to align
[44, 13, 10]
9 required to align
[46, 53, 49]
8 required to align
[50, 44, 48]
15 required to align
[44, 13, 10]
10 required to align
[44, 110, 97]
13 required to align
[48, 48, 49]
15 required to align
[45, 56, 49]
11 required to align
[48, 51, 51]
15 required to align
[44, 13, 10]
13 required to align
[52, 44, 110]
12 required to align
[48, 49, 49]
16 required to align
[110, 97, 110]
19 required to align
[49, 49, 52]
15 required to align
[110, 97, 110]
18 required to align
[49, 52, 48]
16 required to align
[44, 110, 97]
16 required to align
[50, 49, 48]
16 required to align
[46, 50, 49]
12 required to align
[53, 44, 48]
15 required to align
[44, 13, 10]
10 required to align
[50, 46, 48]
7 required to align
[55, 49, 44]
15 required to align
[44, 13, 10]
11 required to align
[110, 97, 110]
14 required to align
[49, 52, 51]
16 required to align
[49, 46, 54]
21 required to align
[44, 13, 10]
15 required to align
[44, 110, 97]
13 required to align
[48, 49, 49]
16 required to align
[97, 110, 44]
20 required to align
[52, 56, 44]
16 required to align
[50, 55, 50]
12 required to align
[48, 46, 48]
15 required to align
[44, 13, 10]
8 required to align
[55, 57, 57]
21 required to align
[44, 13, 10]
12 required to align
[48, 44, 110]
12 required to align
[48, 52, 53]
16 required to align
[45, 56, 48]
10 required to align
[51, 56, 55]
15 required to align
[44, 13, 10]
13 required to align
[110, 97, 110]
14 required to align
[51, 56, 53]
15 required to align
[49, 49, 52]
14 required to align
[46, 48, 48]
16 required to align
[44, 13, 10]
7 required to align
[52, 50, 55]
20 required to align
[44, 13, 10]
13 required to align
[49, 55, 48]
21 required to align
[44, 13, 10]
12 required to align
[48, 46, 51]
19 required to align
[44, 13, 10]
15 required to align
[44, 51, 46]
17 required to align
[53, 44, 13]
15 required to align
[97, 110, 44]
16 required to align
[53, 56, 48]
15 required to align
[53, 49, 44]
14 required to align
[48, 46, 48]
15 required to align
[44, 13, 10]
8 required to align
[46, 56, 49]
8 required to align
[50, 44, 48]
15 required to align
[44, 13, 10]
10 required to align
[97, 110, 44]
15 required to align
[54, 52, 49]
16 required to align
[46, 56, 51]
11 required to align
[53, 44, 48]
16 required to align
[44, 13, 10]
10 required to align
[45, 48, 46]
18 required to align
[56, 44, 13]
15 required to align
[57, 55, 57]
10 required to align
[48, 46, 48]
16 required to align
[44, 13, 10]
8 required to align
[52, 44, 110]
12 required to align
[48, 48, 52]
16 required to align
[44, 45, 49]
23 required to align
[48, 57, 44]
15 required to align
[45, 56, 51]
7 required to align
[50, 49, 55]
15 required to align
[44, 13, 10]
13 required to align
[50, 44, 110]
12 required to align
[48, 48, 52]
15 required to align
[45, 56, 52]
11 required to align
[49, 57, 50]
16 required to align
[44, 13, 10]
13 required to align
[97, 110, 44]
15 required to align
[56, 55, 52]
16 required to align
[51, 51, 52]
13 required to align
[46, 48, 48]
16 required to align
[44, 13, 10]
7 required to align
[110, 44, 49]
16 required to align
[48, 50, 44]
15 required to align
[53, 51, 56]
11 required to align
[44, 48, 46]
15 required to align
[44, 13, 10]
9 required to align
[97, 110, 44]
15 required to align
[54, 57, 50]
15 required to align
[44, 45, 56]
7 required to align
[46, 55, 52]
15 required to align
[44, 13, 10]
14 required to align
[44, 110, 97]
13 required to align
[48, 52, 53]
15 required to align
[56, 51, 56]
25 required to align
[44, 13, 10]
13 required to align
[54, 53, 44]
11 required to align
[48, 48, 51]
16 required to align
[49, 46, 56]
13 required to align
[49, 56, 44]
15 required to align
[44, 13, 10]
11 required to align
[110, 44, 53]
16 required to align
[50, 52, 44]
15 required to align
[44, 110, 97]
15 required to align
[52, 56, 56]
16 required to align
[52, 52, 48]
14 required to align
[48, 46, 48]
15 required to align
[44, 13, 10]
8 required to align
[56, 46, 57]
7 required to align
[56, 44, 48]
16 required to align
[44, 13, 10]
10 required to align
[54, 54, 55]
20 required to align
[44, 13, 10]
13 required to align
[110, 97, 110]
14 required to align
[51, 57, 50]
15 required to align
[56, 46, 56]
11 required to align
[55, 44, 48]
16 required to align
[44, 13, 10]
10 required to align
[239, 190, 173, 222, 22, 91, 48, 93, 83, 68]
3 required to align
