[0]flash started
[0]telemetry initialized
[0]program start
[0]SPI, I2C, RF communication pins set
[0]TVC initialized
[0]testing TVC...
[0]TVC test completed
[0]sensors initialized
[0, 0, 0, 0]
29 required to align
[0, 0, 0, 0]
16 required to align
[0, 0, 0, 0]
15 required to align
[0, 0, 0, 0]
16 required to align
[0, 0, 0, 0]
15 required to align
[0, 0, 0, 0]
12 required to align
[0, 0, 0, 0]
16 required to align
[0, 0, 0, 0]
15 required to align
[0, 0, 0, 0]
16 required to align
[0, 0, 0, 0]
15 required to align
[214, 63, 0, 0]
15 required to align
[0, 0, 0, 0]
16 required to align
[0, 0, 0, 0]
12 required to align
[0, 0, 0, 0]
16 required to align
[0, 0, 0, 0]
15 required to align
[191, 232, 26, 68]
15 required to align
[191, 194, 71, 85]
16 required to align
[0, 0, 0, 0]
15 required to align
[0, 0, 0, 0]
11 required to align
[16, 194, 132, 245]
9 required to align
[215, 35, 80, 1]
16 required to align
[87, 165, 196, 192]
15 required to align
[221, 50, 249, 18]
16 required to align
[216, 5, 204, 224]
15 required to align
[191, 0, 0, 0]
15 required to align
[63, 118, 158, 108]
16 required to align
[191, 191, 162, 16]
15 required to align
[191, 63, 239, 161]
16 required to align
[224, 186, 192, 46]
15 required to align
[0, 0, 0, 0]
15 required to align
[0, 0, 0, 0]
16 required to align
[0, 0, 0, 0]
15 required to align
[25, 147, 152, 216]
6 required to align
[0, 0, 32, 71]
12 required to align
[239, 190, 173, 222, 0, 60, 0, 0]
11 required to align
invalid frame
(3735928559, 0, 60, 11.981949, 0.002151, 4.431152279721573, 0.14179687295109034, 92, 1951, 0, 93, nan, 0.0, nan, 0.00038238130948010853, 0.000691535706661099, 0.0, 0.0, 0.0, 0.013470671578796695, -0.0022892699343688983, -1.0001939171232728, 0.34635884959353114, 0.9384049147042249, 0.0025169360767844096, 0.9383116006505912, -0.34636042918055254, 0.013429995621800778, -1.5320194447252542, 987654.3125, 1.5319000590930347, 0.701000419008011, -0.12442993184329025, -0.6913339216597004, 0.12434681948543094, -1989.5783238205527, -6882.557361601894, -40748.9686495252, 0.0, -1.2176980251513658, 0.0, -1.5320194447252542, 0.0, -1.2176980251513658, 570.352040797993, 0.0, -1.5320194447252542, 717.5756796623892, 0.0, 0.0, 0.0, 0.0, 0.0, 0.0, 0.0, 0.0, 0.0, 555555.5625, -1.1885958788287322e+148, 1.2235771087217349e+306, 8.299014134348178e+45, -3.186376241835298e-58, 1.35954650723e-312, 5.0655770844422e-310, 1.34196e-318, 1.1889e-319, 2.71549148875e-312, 0.0, 2.71549148875e-312, 0.0, 0.0, 0.0, 0.0, 0.0, 0.0, 0.0, 0.0, 0.0, 0.0, -2.1067062818643184e-37, -9.256528733444174e+61, -1.1071937895553478e-234, 1.35245401737e-312, 0)
[0, 0, 160, 1]
18 required to align
[0, 0, 0, 0]
15 required to align
[0, 0, 0, 0]
7 required to align
[63, 14, 50, 78]
8 required to align
[192, 245, 76, 222]
16 required to align
[0, 0, 127, 185]
15 required to align
[0, 0, 51, 156]
16 required to align
[0, 0, 0, 127]
15 required to align
[247, 90, 130, 64]
15 required to align
[110, 132, 248, 191]
16 required to align
[0, 0, 0, 0]
15 required to align
[0, 0, 0, 0]
16 required to align
[0, 0, 0, 0]
15 required to align
[0, 0, 0, 0]
15 required to align
[0, 0, 0, 0]
16 required to align
[222, 250, 254, 202]
15 required to align
[239, 190, 173, 222, 0, 120, 0, 0, 0, 50, 0, 84, 113, 227, 158, 42]
4 required to align
invalid frame
(3735928559, 0, 120, 13.310329, 0.001181, 4.3957030614838, 0.14179687295109034, 93, 1066, 0, 94, nan, 0.0, nan, 0.0, 0.0, 0.0, 0.0, 0.0, 0.0, 0.0, 0.0, 0.0, 0.0, 0.0, 9.21, -3.38, 0.09, 0.0, 0.0, 0.0, 123456.1015625, 0.0625, 0.0625, 0.0, 0.0, 0.0, -0.0005126045962883043, -0.0006914929673988374, -0.00038256577418397156, 0.0008274959715280159, 0.0, 0.0, -1.2171166310556925, 1029.7110889490366, 0.0, -1.525662485619787, 1290.7428425731882, 0.0, 0.0, 0.0, 0.0, 0.0, 0.0, 0.0, 0.0, 0.0, 555555.5625, -1.1885958788287322e+148, -2.076998232235653e-211, 8.299014190837305e+45, -3.10522370351496e+231, 1.35953475362e-312, 5.0655713442777e-310, 2.563766e-318, 1.1889e-319, 2.71549148875e-312, 0.0, 2.71549148875e-312, 0.0, 0.0, 0.0, 0.0, 0.0, 0.0, 0.0, 0.0, 0.0, 0.0, 1.903465781757089e+185, -5.1646569110546785e-284, -2.3538503989553284e-185, 1.35224181779e-312, 0)
[160, 1, 36, 254]
20 required to align
[0, 0, 0, 0]
15 required to align
[0, 0, 0, 0]
16 required to align
[119, 33, 153, 108]
15 required to align
[114, 252, 110, 73]
16 required to align
[0, 0, 0, 0]
15 required to align
[0, 0, 0, 0]
15 required to align
[63, 128, 221, 29]
16 required to align
[240, 191, 15, 211]
15 required to align
[238, 63, 128, 218]
16 required to align
[196, 105, 63, 211]
7 required to align
[0, 0, 0, 0]
7 required to align
[0, 0, 0, 0]
16 required to align
[0, 0, 113, 61]
15 required to align
[10, 192, 154, 153]
16 required to align
[0, 0, 0, 0]
15 required to align
[0, 0, 0, 0]
15 required to align
[0, 0, 200, 63]
16 required to align
[0, 0, 0, 0]
20 required to align
[0, 225, 9, 90]
15 required to align
[63, 165, 83, 242]
16 required to align
[41, 63, 0, 0]
15 required to align
[0, 0, 0, 0]
16 required to align
[190, 144, 63, 0]
15 required to align
[0, 0, 0, 0]
20 required to align
[0, 0, 0, 0]
16 required to align
[0, 0, 0, 0]
15 required to align
[0, 0, 0, 0]
15 required to align
[10, 215, 163, 112]
16 required to align
[153, 153, 153, 153]
15 required to align
[63, 0, 0, 0]
6 required to align
[0, 0, 0, 0]
7 required to align
[0, 0, 0, 0]
15 required to align
[236, 10, 203, 175]
16 required to align
[77, 153, 202, 124]
15 required to align
[63, 224, 73, 87]
15 required to align
[63, 194, 122, 55]
16 required to align
[146, 63, 66, 136]
15 required to align
[239, 190, 173, 222, 1, 240, 0, 0, 0, 147, 24, 4, 86, 14, 9, 48]
5 required to align
invalid frame
(3735928559, 1, 240, 16.035375, 0.004343, 4.3957030614838, 0.14179687295109034, 2670, 2200, 2720, 2200, nan, 0.0, nan, 0.0, 0.0, 0.0, 0.0, 0.0, 0.0, 0.0, 0.0, 0.0, 0.0, 0.0, 9.24, -3.34, 0.11, -3.0517578125e-05, 987654.3125, 1.5115458735076626, 0.7034808762843056, -0.12485856868795664, -0.6889027191677111, 0.12387342126479105, -1702.8604759672621, -6882.616450896352, -40768.2493442307, 0.0, -1.2177577627581342, 0.0, -6.326674386928398e-55, 6.897787948609541e-239, 5.34700848e-315, 1.4916685038079045e-154, -1.854556293184694e+53, 1.46676316861267e-309, 8.848643615887161e-74, 3.2805328297550925e+230, 2.7556387917258438e-223, -2.1175740377646105e-23, 1.18695956593539e-308, 1.18750279686417e-308, -1.0565890622713305e+270, 6.27e-322, -1.0565890622713305e+270, 6.27e-322, 0.0, 0.0, 0.0, 0.0, 0.0, 0.0, 0.0, 0.0, 0.0, 0.0, 5.740372650508894e-143, 4.091898919511517e-255, -1.4495849609375233e-06, 3.1e-322, 0.0, 0.0, -4.186908928131383e+299, -2.0000000000000284, -2.000000000000028, 9.44e-322, 0.0, 0.0, 6828355754.317871, 1.3746085795312187e+101, 9.416516869115881e+33, 1.5586796728728635e+79, 191)
[120, 97, 150, 63]
25 required to align
[177, 0, 240, 191]
16 required to align
[138, 145, 14, 238]
15 required to align
[92, 157, 12, 238]
16 required to align
[190, 207, 151, 202]
15 required to align
[0, 0, 160, 12]
15 required to align
[151, 100, 110, 178]
16 required to align
[224, 240, 2, 117]
15 required to align
[39, 203, 167, 122]
16 required to align
[192, 249, 58, 228]
15 required to align
[0, 0, 115, 204]
15 required to align
[0, 0, 129, 32]
16 required to align
[127, 194, 192, 41]
15 required to align
[133, 26, 177, 64]
15 required to align
[218, 127, 162, 192]
16 required to align
[249, 199, 4, 190]
15 required to align
[10, 189, 49, 232]
16 required to align
[161, 82, 40, 90]
15 required to align
[235, 246, 215, 112]
15 required to align
[0, 0, 0, 0]
16 required to align
[222, 250, 254, 202]
15 required to align
[239, 190, 173, 222, 1, 44, 1, 0, 0, 202, 253, 14, 69, 129, 126]
4 required to align
invalid frame
(3735928559, 1, 360, 18.956868, 0.004917, 4.3957030614838, 0.14179687295109034, 2408, 1214, 2460, 1214, nan, 0.0, nan, 0.0, 0.0, 0.0, 0.0, 0.0, 0.0, 0.0, 0.0, 0.0, 0.0, 0.0, 9.19, -3.32, 0.11, 0.0, 0.0, 0.0, 123456.1015625, 0.0, 0.0, 0.0, 0.0, 0.0, 0.0, 0.0, 0.0, 0.0, -1.4916692076073442e-154, 2.084629320866231e-35, 3.824712247880406e-12, -2.6482031657509396e+142, -1.2083900890911835e-206, 3.804695442793798e+236, 3.1540873165584355e+218, -2.769847718890565e+265, -2.8420651288653688e-11, 1.5988767457e-314, 2.893758996897138e-70, 1.5910911546e-314, 1.5421964530720705e+259, -6.904606091628213e+56, 1.2905653217994927e+54, -1.7793759629033768e-201, 2.4001977777017844e+98, -3.8608224859418224e-156, -7.847328887393925e-114, 1.1278563065541183e+70, -7.802265453775172e-143, 3.931086776418121e-193, 2.0658127011866917e-69, -1083408644.8059793, -1.1875083060907458e+36, -2.1403739549309592e+181, -8.296346106184126e+33, 5.3850723e-315, 1.491668503818758e-154, -1.854556293184694e+53, 2.1186402755972e-309, 9.91994436683512e-60, 7.301562282735033e+222, 2.7556387917258438e-223, -48103489536.00049, 1.202713262719263e-308, 1.202713262725556e-308, -1.0565890622713305e+270, 6.27e-322, -1.0565890622713305e+270, 6.27e-322, 0.0, 0)
[0, 0, 0, 0]
14 required to align
[0, 0, 0, 0]
15 required to align
[0, 0, 0, 0]
16 required to align
[0, 0, 0, 0]
15 required to align
[64, 225, 122, 20]
16 required to align
[185, 63, 0, 0]
15 required to align
[0, 0, 0, 0]
15 required to align
[36, 254, 64, 0]
16 required to align
[0, 0, 176, 191]
15 required to align
[0, 0, 0, 0]
16 required to align
[21, 56, 189, 42]
15 required to align
[48, 14, 181, 52]
15 required to align
[0, 0, 0, 0]
16 required to align
[0, 0, 0, 0]
15 required to align
[0, 147, 114, 80]
15 required to align
[138, 81, 236, 123]
16 required to align
[63, 192, 118, 69]
15 required to align
[63, 107, 177, 6]
16 required to align
[152, 63, 205, 10]
15 required to align
[36, 46, 65, 205]
15 required to align
[142, 230, 63, 40]
16 required to align
[227, 1, 230, 191]
15 required to align
[57, 74, 152, 192]
16 required to align
[99, 221, 236, 227]
15 required to align
[19, 135, 112, 124]
15 required to align
[10, 194, 229, 98]
15 required to align
[94, 196, 181, 202]
16 required to align
[74, 211, 126, 23]
15 required to align
[182, 125, 106, 76]
16 required to align
[65, 3, 227, 94]
15 required to align
[105, 193, 84, 153]
15 required to align
[78, 65, 17, 123]
16 required to align
[22, 1, 65, 245]
15 required to align
[0, 64, 86, 64]
15 required to align
[222, 250, 254, 202]
12 required to align
[239, 190, 173, 222, 1, 164]
4 required to align
[0]SD transfer started
run_17_data.csv
[421]File writing complete; code: 1 erase_flash: 1
[0]Erasing flash...
