invalid frame
(3735928559, nan, 3405707998, 3735928559)
[239, 190, 173, 222, 255, 255, 255, 255, 255, 255]
12 required to align
invalid frame
(3735928559, nan, 3405707998, 3735928559)
[250, 254, 202]
9 required to align
[239, 190, 173, 222, 255, 255, 255, 255, 255, 255, 255, 255, 222, 250, 254, 202]
3 required to align
invalid frame
(3735928559, nan, 3405707998, 3735928559)
[239, 190, 173, 222, 255, 255, 255, 255, 255, 255, 255]
12 required to align
invalid frame
(3735928559, nan, 3405707998, 3735928559)
[250, 254, 202]
9 required to align
[239, 190, 173, 222, 255, 255, 255, 255, 255, 255, 255, 255, 222, 250, 254, 202]
3 required to align
