[100, 13, 10]
12 required to align
[239, 190, 173, 222, 24, 91, 48, 93, 116, 101, 108, 101, 109, 101, 116]
3 required to align
invalid frame
(3735928559, 24, 1952264283, 1.0223094479437893e+277, 1.1723408837272657e+214, -1.8545564190239516e+53, 7.79090338740185e+140, 1735357040, 544039282, 1918989427, 4277853812, 9.379513051736573e-76, 1.8639262211282102e-66, 3.6247039041948825e+228, 3.983861126139585e+252, 1.0631866965205473e+248, -1.8545564761134627e+53, 7.790917924176335e+140, 5.826594532296642e+252, -5.093794347262663e+146, 1.3261116642581701e-222, 9.78378127753345e+199, 3.0425922020721663e-86, -2.4299377395620628e-88, 2.5140834830407544e+16, 3.624837302375263e+228, -5.09377142335418e+146, 1.6031706306138283e-198, 7.365074387482239e+228, 9.765158899475312e+199, -7.061511840899817e+283, 1.1573033829886595e+131, 1.6937518191967413e+190, 8.76381542256622e+252, 9.497283661005135e+77, 1.4983175453318001e+21, 1.1936877553796599e-73, 1.1097801509008862e-47, 7.856306565013246e-67, 1.3980406504657652e-76, 3.671090711986553e-62, 2.9646201434235506e-260, 4.271820584159202e-33, 1.304228793698678e-76, 1.033988351609881e-47, 1.3973685649982623e-76, 2.8123095174966904e-77, 4.016446423468417e-57, 9.15782933946574e-72, 4.2718205841164666e-33, 6.004538872228358e-67, 7.509064067110208e-96, 8.171692388533367e-43, 4.8578426643928677e-33, 1.6566278269148803e-47, 9.728196354708639e-72, 4.324244530490373e-91, 7.584358639800975e-96, 4.015206577544497e-57, 7.117493906280683e-38, 1.1763340597448436e-47, 4.286529490928109e-38, 4.327337180410278e-91, 9.934326512647272e-96, 1.0867011283892473e-95, 4.274053931725143e-33, 4.656215959675338e-33, 8.255560584101621e-72, 4.1459179405880663e-38, 1.2180351322590691e-76, 1.0863303607136298e-95, 5.0710357837607184e-86, 2.7363673094765946e-57, 4.655496074455345e-33, 3.251934454333626e-86, 3.2270337534887576e-245, 1.0339883535772516e-47, 3.859078789383628e-86, 5.071032787730562e-86, 1.3035508192441257e-76, 2.964629441361195e-260, 4.271820584159202e-33, 3.671077693316473e-62, 741422387)
[54, 48, 44]
14 required to align
[57, 46, 54]
9 required to align
[44, 56, 57]
15 required to align
[51, 44, 13]
16 required to align
[57, 54, 49]
11 required to align
[46, 54, 56]
15 required to align
[44, 13, 10]
14 required to align
[46, 54, 57]
8 required to align
[56, 57, 46]
15 required to align
[44, 13, 10]
16 required to align
[46, 54, 57]
8 required to align
[56, 57, 46]
15 required to align
[44, 13, 10]
16 required to align
[55, 44, 45]
12 required to align
[48, 55, 50]
15 required to align
[44, 13, 10]
12 required to align
[44, 45, 49]
13 required to align
[57, 44, 48]
16 required to align
[44, 13, 10]
10 required to align
[46, 54, 57]
8 required to align
[56, 57, 46]
15 required to align
[44, 13, 10]
16 required to align
[51, 44, 56]
21 required to align
[54, 55, 44]
16 required to align
[56, 57, 46]
8 required to align
[44, 56, 57]
16 required to align
[52, 48, 44]
15 required to align
[52, 51, 51]
21 required to align
[49, 49, 54]
16 required to align
[44, 45, 56]
8 required to align
[48, 49, 51]
15 required to align
[50, 48, 56]
16 required to align
[45, 56, 57]
9 required to align
[57, 48, 44]
15 required to align
[49, 50, 54]
16 required to align
[52, 46, 52]
19 required to align
[48, 46, 48]
15 required to align
[44, 13, 10]
8 required to align
[55, 48, 48]
9 required to align
[46, 54, 56]
16 required to align
[44, 13, 10]
14 required to align
[56, 44, 56]
21 required to align
[49, 52, 56]
15 required to align
[44, 45, 49]
16 required to align
[55, 48, 44]
15 required to align
[44, 13, 10]
11 required to align
[57, 57, 53]
10 required to align
[46, 54, 55]
15 required to align
[44, 13, 10]
14 required to align
[54, 57, 55]
19 required to align
[48, 50, 48]
15 required to align
[44, 45, 49]
18 required to align
[49, 50, 44]
15 required to align
[44, 13, 10]
11 required to align
[46, 54, 57]
8 required to align
[57, 46, 54]
16 required to align
[44, 13, 10]
15 required to align
[52, 55, 53]
18 required to align
[48, 48, 49]
15 required to align
[44, 45, 49]
19 required to align
[54, 44, 48]
16 required to align
[44, 13, 10]
10 required to align
[57, 46, 54]
7 required to align
[56, 57, 46]
16 required to align
[52, 44, 13]
15 required to align
[55, 51, 49]
20 required to align
[48, 49, 49]
15 required to align
[44, 45, 49]
18 required to align
[54, 44, 48]
16 required to align
[44, 13, 10]
10 required to align
[55, 48, 48]
9 required to align
[57, 46, 54]
15 required to align
[44, 13, 10]
15 required to align
[52, 55, 56]
18 required to align
[48, 50, 49]
16 required to align
[49, 52, 46]
20 required to align
[44, 48, 46]
15 required to align
[44, 13, 10]
9 required to align
[46, 55, 48]
8 required to align
[56, 57, 46]
15 required to align
[51, 44, 13]
15 required to align
[57, 48, 44]
21 required to align
[49, 49, 54]
15 required to align
[45, 49, 52]
18 required to align
[49, 44, 48]
15 required to align
[44, 13, 10]
10 required to align
[51, 50, 44]
20 required to align
[49, 49, 54]
15 required to align
[52, 55, 57]
22 required to align
[48, 48, 49]
15 required to align
[57, 44, 45]
18 required to align
[51, 56, 50]
15 required to align
[44, 13, 10]
12 required to align
[57, 46, 54]
7 required to align
[56, 57, 46]
16 required to align
[56, 44, 13]
15 required to align
[46, 53, 48]
18 required to align
[46, 48, 48]
15 required to align
[44, 13, 10]
7 required to align
[49, 44, 45]
12 required to align
[48, 49, 44]
16 required to align
[44, 13, 10]
11 required to align
[57, 46, 54]
7 required to align
[44, 56, 57]
15 required to align
[48, 44, 13]
16 required to align
[53, 50, 50]
19 required to align
[48, 48, 50]
15 required to align
[48, 44, 45]
18 required to align
[53, 49, 56]
15 required to align
[44, 13, 10]
12 required to align
[46, 54, 57]
8 required to align
[56, 57, 46]
15 required to align
[44, 13, 10]
16 required to align
[52, 46, 53]
16 required to align
[46, 48, 48]
16 required to align
[44, 13, 10]
7 required to align
[44, 45, 49]
13 required to align
[56, 57, 44]
15 required to align
[44, 13, 10]
11 required to align
[46, 54, 57]
8 required to align
[56, 57, 46]
15 required to align
[44, 13, 10]
16 required to align
[46, 53, 48]
17 required to align
[48, 48, 49]
16 required to align
[53, 48, 44]
17 required to align
[55, 55, 52]
16 required to align
[44, 13, 10]
12 required to align
[49, 44, 56]
21 required to align
[49, 54, 51]
15 required to align
[52, 46, 53]
19 required to align
[46, 48, 48]
16 required to align
[44, 13, 10]
7 required to align
[57, 52, 44]
11 required to align
[54, 56, 56]
15 required to align
[44, 13, 10]
13 required to align
[44, 56, 57]
22 required to align
[54, 57, 44]
15 required to align
[52, 46, 53]
18 required to align
[46, 48, 48]
16 required to align
[44, 13, 10]
7 required to align
[52, 44, 45]
12 required to align
[48, 50, 51]
15 required to align
[44, 13, 10]
12 required to align
[56, 56, 44]
20 required to align
[50, 51, 57]
16 required to align
[46, 52, 57]
20 required to align
[48, 48, 50]
16 required to align
[49, 53, 52]
16 required to align
[55, 48, 50]
16 required to align
[44, 13, 10]
13 required to align
[57, 46, 55]
7 required to align
[44, 56, 57]
15 required to align
[53, 44, 13]
16 required to align
[46, 52, 56]
18 required to align
[46, 48, 48]
15 required to align
[44, 13, 10]
7 required to align
[53, 48, 44]
11 required to align
[57, 48, 54]
16 required to align
[44, 13, 10]
12 required to align
[44, 56, 57]
22 required to align
[53, 57, 44]
15 required to align
[52, 46, 52]
18 required to align
[46, 48, 48]
16 required to align
[44, 13, 10]
7 required to align
[48, 57, 44]
11 required to align
[55, 48, 51]
15 required to align
[44, 13, 10]
13 required to align
[52, 44, 56]
21 required to align
[49, 54, 51]
15 required to align
[52, 46, 52]
19 required to align
[48, 46, 48]
15 required to align
[44, 13, 10]
8 required to align
[52, 44, 45]
12 required to align
[49, 52, 57]
15 required to align
[44, 13, 10]
12 required to align
[46, 52, 53]
17 required to align
[48, 48, 52]
16 required to align
[57, 46, 55]
13 required to align
[44, 56, 57]
15 required to align
[55, 44, 13]
16 required to align
[44, 45, 49]
14 required to align
[57, 44, 48]
16 required to align
[44, 13, 10]
10 required to align
[52, 55, 50]
18 required to align
[48, 51, 57]
16 required to align
[51, 51, 55]
15 required to align
[46, 55, 52]
15 required to align
[44, 13, 10]
14 required to align
[46, 52, 54]
17 required to align
[46, 48, 48]
15 required to align
[44, 13, 10]
7 required to align
[46, 55, 51]
8 required to align
[57, 46, 55]
16 required to align
[44, 13, 10]
15 required to align
[46, 52, 53]
17 required to align
[46, 48, 48]
15 required to align
[44, 13, 10]
7 required to align
[57, 46, 55]
7 required to align
[56, 57, 46]
16 required to align
[54, 44, 13]
15 required to align
[45, 49, 52]
15 required to align
[53, 44, 48]
15 required to align
[44, 13, 10]
10 required to align
[57, 46, 55]
7 required to align
[44, 56, 57]
15 required to align
[49, 44, 13]
16 required to align
[44, 45, 49]
14 required to align
[48, 56, 44]
15 required to align
[44, 13, 10]
11 required to align
[51, 55, 44]
20 required to align
[52, 49, 51]
15 required to align
[46, 55, 52]
12 required to align
[57, 46, 55]
16 required to align
[44, 13, 10]
15 required to align
[52, 54, 44]
11 required to align
[55, 51, 50]
15 required to align
[44, 13, 10]
13 required to align
[52, 55, 44]
11 required to align
[55, 50, 56]
15 required to align
[44, 13, 10]
13 required to align
[52, 46, 52]
16 required to align
[48, 46, 48]
15 required to align
[44, 13, 10]
8 required to align
[55, 50, 44]
20 required to align
[51, 56, 48]
15 required to align
[57, 46, 55]
11 required to align
[56, 57, 46]
16 required to align
[54, 44, 13]
15 required to align
[45, 49, 52]
15 required to align
[44, 48, 46]
16 required to align
[44, 13, 10]
9 required to align
[55, 52, 53]
19 required to align
[48, 52, 57]
15 required to align
[57, 46, 55]
12 required to align
[44, 56, 57]
15 required to align
[51, 49, 44]
15 required to align
[52, 57, 55]
12 required to align
[55, 49, 57]
16 required to align
[44, 13, 10]
13 required to align
[52, 46, 52]
16 required to align
[48, 46, 48]
15 required to align
[44, 13, 10]
8 required to align
[52, 55, 57]
18 required to align
[48, 52, 57]
16 required to align
[46, 55, 52]
13 required to align
[56, 57, 46]
15 required to align
[44, 13, 10]
16 required to align
[51, 44, 45]
12 required to align
[51, 57, 44]
16 required to align
[44, 13, 10]
11 required to align
[49, 52, 46]
15 required to align
[44, 48, 46]
15 required to align
[44, 13, 10]
9 required to align
[52, 56, 51]
18 required to align
[48, 52, 55]
16 required to align
[57, 46, 55]
12 required to align
[44, 56, 57]
15 required to align
[53, 44, 13]
16 required to align
[54, 53, 44]
21 required to align
[52, 49, 50]
15 required to align
[45, 49, 52]
18 required to align
[48, 44, 48]
15 required to align
[44, 13, 10]
10 required to align
[52, 46, 52]
16 required to align
[46, 48, 48]
16 required to align
[44, 13, 10]
7 required to align
[44, 56, 57]
22 required to align
[57, 53, 44]
15 required to align
[55, 51, 50]
11 required to align
[46, 55, 51]
16 required to align
[44, 13, 10]
14 required to align
[239, 190, 173, 222, 22, 91, 48, 93, 83, 68, 32, 116, 114, 97, 110, 115, 102, 101, 114, 32, 115]
3 required to align
