[40, 98, 161]
42 required to align
[141, 232, 84]
16 required to align
[130, 232, 24]
15 required to align
[121, 158, 251]
15 required to align
[150, 226, 162]
16 required to align
[222, 145, 74]
15 required to align
[178, 134, 139]
15 required to align
[46, 172, 2]
16 required to align
[67, 19, 45]
15 required to align
[163, 174, 102]
16 required to align
[68, 141, 203]
15 required to align
[192, 229, 203]
15 required to align
[185, 4, 105]
16 required to align
[37, 26, 152]
15 required to align
[132, 74, 191]
15 required to align
[245, 65, 1]
16 required to align
[116, 98, 131]
15 required to align
[165, 212, 172]
15 required to align
[183, 151, 157]
16 required to align
[189, 127, 123]
15 required to align
[176, 83, 243]
15 required to align
[152, 85, 105]
16 required to align
[130, 56, 191]
15 required to align
[164, 41, 146]
16 required to align
[0, 1, 0]
15 required to align
[0, 224, 24]
15 required to align
[255, 255, 232]
16 required to align
[0, 0, 0]
15 required to align
[0, 0, 129]
16 required to align
[23, 108, 193]
15 required to align
[64, 20, 208]
15 required to align
[250, 254, 202]
8 required to align
[239, 190, 173, 222, 189, 219, 36, 0, 0, 0]
3 required to align
