invalid frame
(3735928559, 108, 4134561348, -1.2673637712283825e+249, -6.13128401378626e+158, 3.606303081217149e-216, -1.0394273934180014e+141, 42, 1725539958, 717577907, 1992848195, -2.2673313669817022e+61, 3.535632193115332e+256, -4.874966233980393e+105, -7.764436332003583e+264, 5.665827484354457e-240, -5.373429885781688e-64, 1.6887567625487242e+277, 78969.33351133621, -8.619942694234607e-198, 3.212783106757033e+20, -2.3977703586902493e-203, 3.53434877795681e+98, 7.6446967e-316, 2.4427507819228396e-89, -8.619547519289091e-296, 3.1506148320087917e+73, -6.633150508445854e+193, -5.483459046955781e+270, -3.809423951733138e-138, -5.332353220706169e+144, -2.758589155982682e-83, 9.16178980503228e+277, -3.8851500308108613e-216, 2.668696923171141e+75, 5.32440721915845e-164, 5.3528472861200655e-300, -1.4998125492500273e-36, 1.9204406665852715e-97, 1.8052212437930787e+291, -1.182428496996544e+179, 2.9326766771166487e-93, 2.677639453896748e+254, 1.4620342704440932e+107, 2.5711453517880913e+251, 3.6052548095719424e+232, -4.582137608352279e-204, -8.190435101958133e+56, -1.7582072523621157e+277, 1.0432802451388499e+273, -2.699284707068719e-299, 3.78174839612964e-109, 3.44468203007048e+127, 103249406309558.27, -7.062860541526974e+232, 1.9784087032326869e+174, -5.455652089345807e+43, -3.9872686183538106e-47, 6.688871503692525e-198, 8.208119654556775e-289, 1.823170061725299e-304, 2.999393627791262e-241, 6.688871329266655e-198, 8.208119654556775e-289, 1.823170061725299e-304, -6.924462078501392e+274, 2.999404801403244e-241, 6.688871329266655e-198, 8.208119654556775e-289, -7.2530324e-317, -1.8545562919457703e+53, 2.765629178075447e+233, -1.842378504703993e-122, -8.56222565939971e+184, 1.001911450998001e-58, 1.945298179332341e-49, -7.423968399512747e+123, -1.0487432522913822e+41, -1.1299001719112078e-95, 8.539623720381112e-64, -1.8830945193694346e+159, -6.84216599448658e+225, 174311192941567.7, 319078414)
[247, 133, 201]
21 required to align
[128, 62, 206]
15 required to align
[108, 26, 142]
16 required to align
[98, 161, 97]
15 required to align
[232, 84, 191]
16 required to align
[130, 232, 24]
14 required to align
[97, 63, 124]
11 required to align
[41, 253, 130]
15 required to align
[229, 109, 30]
16 required to align
[255, 56, 9]
15 required to align
[171, 19, 223]
16 required to align
[235, 49, 159]
15 required to align
[248, 184, 19]
15 required to align
[221, 18, 127]
16 required to align
[164, 121, 199]
15 required to align
[151, 79, 19]
16 required to align
[173, 204, 1]
15 required to align
[198, 64, 218]
15 required to align
[241, 45, 29]
16 required to align
[43, 212, 66]
15 required to align
[178, 10, 163]
15 required to align
[161, 168, 112]
16 required to align
[29, 3, 239]
15 required to align
[250, 46, 221]
16 required to align
[225, 144, 236]
15 required to align
[66, 237, 158]
15 required to align
[100, 48, 61]
16 required to align
[77, 182, 116]
15 required to align
[255, 31, 4]
15 required to align
[0, 0, 14]
16 required to align
[12, 255, 31]
15 required to align
[0, 0, 0]
16 required to align
[1, 0, 0]
15 required to align
[224, 0, 0]
15 required to align
[250, 254, 202]
11 required to align
[239, 190, 173, 222, 108, 68, 102, 112, 246, 125, 155, 243, 185]
3 required to align
invalid frame
(3735928559, 108, 4134561348, -1.2673637712283825e+249, -6.13128401378626e+158, 3.606303081217149e-216, -1.0394273934180014e+141, 42, 1725539958, 717577907, 1992848195, -2.2673313669817022e+61, 3.535632193115332e+256, -4.874966233980393e+105, -7.764436332003583e+264, 5.665827484354457e-240, -4.916249558950809e-240, 9.208181559322728e+94, -4.0340972242038358e+208, 2.8651868689347084e+242, -3.0738053404064123e-304, 6.00394723922907e+109, 3.106849185360469e+216, 4.363165119515447e-98, -7.052208497844647e-148, 5.626237476996881e-96, 1.074093186082995e+101, -4.315883582248222e+38, -2.2701131907410434e-303, 2.5491175141362017e+160, 3.6676353397648675e+106, -8.163655656259082e+294, -2.75287410331145e+122, 2.4321135354260804e+221, -3.259606864345522e+47, 3.1010889439637144e-264, 14.25, -1.0059539525443533e+150, -7.856428341343524e+297, -6.971215797833683e-248, 7.336675644997045e+18, 2.9326766781069202e-93, 2.677639453896748e+254, 1.4620342704440932e+107, 2.5711453517880913e+251, 3.6052548095719424e+232, -4.582137608352279e-204, -8.190435101958133e+56, -1.7582072523621157e+277, 1.0432802451388499e+273, -2.699284707068719e-299, 3.78174839612964e-109, 3.44468203007048e+127, 103249406309558.27, -7.062860541526974e+232, 1.9784087032326869e+174, -5.455652089345807e+43, -3.9872686183538106e-47, 6.688871503692525e-198, 8.208119654556775e-289, 1.823170061725299e-304, 2.999393627791262e-241, 6.688871329266655e-198, 8.208119654556775e-289, 1.823170061725299e-304, -6.924462078501392e+274, 2.999404801403244e-241, 6.688871329266655e-198, 8.208119654556775e-289, -7.2530324e-317, -1.8545562919457703e+53, 2.765629178075447e+233, -1.842378504703993e-122, -8.56222565939971e+184, 1.001911450998001e-58, 1.945298179332341e-49, -7.423968399512747e+123, -1.0487432522913822e+41, -1.1299001719112078e-95, 8.539623720381112e-64, -1.8830945193694346e+159, -6.84216599448658e+225, 174311192941567.7, 319078414)
[133, 201, 255]
22 required to align
[62, 206, 133]
15 required to align
[108, 26, 142]
15 required to align
[161, 97, 202]
16 required to align
[232, 84, 191]
15 required to align
[24, 129, 94]
16 required to align
[251, 15, 86]
15 required to align
[226, 166, 90]
15 required to align
[74, 140, 204]
16 required to align
[0, 0, 128]
15 required to align
[172, 130, 160]
15 required to align
[45, 232, 70]
16 required to align
[174, 102, 163]
15 required to align
[203, 202, 174]
16 required to align
[219, 109, 53]
15 required to align
[5, 105, 135]
15 required to align
[152, 193, 229]
16 required to align
[191, 120, 173]
15 required to align
[69, 1, 204]
15 required to align
[193, 193, 107]
16 required to align
[168, 163, 180]
15 required to align
[157, 201, 135]
16 required to align
[249, 213, 221]
15 required to align
[242, 129, 154]
15 required to align
[105, 90, 145]
16 required to align
[191, 70, 240]
15 required to align
[57, 146, 3]
15 required to align
[0, 0, 0]
16 required to align
[24, 224, 0]
15 required to align
[0, 1, 0]
15 required to align
[224, 24, 224]
16 required to align
[255, 255, 231]
15 required to align
[193, 22, 76]
16 required to align
[216, 16, 200]
15 required to align
[239, 190, 173, 222, 108, 68, 102, 112, 246, 125, 155, 243, 185]
8 required to align
invalid frame
(3735928559, 108, 4134561348, -1.2673637712283825e+249, -6.13128401378626e+158, 3.606303081217149e-216, -1.0394273934180014e+141, 42, 1725539958, 717577907, 1992848195, -2.2673313669817022e+61, 3.535632193115332e+256, -4.874966233980393e+105, -7.764436332003583e+264, 5.665827484354457e-240, -4.916249558950809e-240, 9.208181559322728e+94, -4.0340972242038358e+208, 2.8651868689347084e+242, -3.0738053404064123e-304, 6.00394723922907e+109, 3.106849185360469e+216, 4.363165119515447e-98, -7.052208497844647e-148, 5.626237476996881e-96, 1.074093186082995e+101, -4.315883582248222e+38, -3.2897224336958634e+270, -3.809423951733138e-138, -5.332353220706169e+144, -2.758589155982682e-83, 9.16178980503228e+277, -3.8851500308108613e-216, 2.668696923171141e+75, 5.32440721915845e-164, 5.3528472861200655e-300, -1.4998125492500273e-36, 1.9204406665852715e-97, 1.8052212437930787e+291, -1.182428496996544e+179, 2.9326766771166487e-93, 2.677639453896748e+254, 1.4620342704440932e+107, 2.5711453517880913e+251, 3.6052548095719424e+232, -4.582137608352279e-204, -8.190435101958133e+56, -1.7582072523621157e+277, 1.0432802451388499e+273, -2.699284707068719e-299, 3.78174839612964e-109, 3.44468203007048e+127, 103249406309558.27, -7.062860541526974e+232, 1.9784087032326869e+174, -5.455652089345807e+43, -3.9872686183538106e-47, 6.688871503692525e-198, 8.208119654556775e-289, 1.823170061725299e-304, 2.999393627791262e-241, 6.688871329266655e-198, 8.208119654556775e-289, 1.823170061725299e-304, -6.924462078501392e+274, 2.999404801403244e-241, 6.688871329266655e-198, 8.208119654556775e-289, -7.2530324e-317, -1.8545562919457703e+53, 2.765629178075447e+233, -1.842378504703993e-122, -8.56222565939971e+184, 1.001911450998001e-58, 1.945298179332341e-49, -7.423968399512747e+123, -1.0487432522913822e+41, -1.1299001719112078e-95, 8.539623720381112e-64, -1.8830945193694346e+159, -6.84216599448658e+225, 174311192941567.7, 319078414)
[156, 209, 8]
14 required to align
[242, 123, 205]
16 required to align
[188, 93, 241]
15 required to align
[43, 134, 156]
15 required to align
[44, 187, 106]
16 required to align
[244, 199, 132]
15 required to align
[61, 97, 63]
16 required to align
[144, 41, 253]
15 required to align
[216, 135, 229]
15 required to align
[144, 255, 56]
16 required to align
[45, 2, 171]
15 required to align
[49, 79, 235]
15 required to align
[36, 248, 184]
16 required to align
[84, 251, 221]
15 required to align
[107, 172, 164]
15 required to align
[183, 153, 151]
16 required to align
[152, 152, 173]
15 required to align
[193, 198, 64]
16 required to align
[169, 243, 241]
15 required to align
[114, 232, 43]
15 required to align
[200, 178, 10]
16 required to align
[250, 232, 161]
15 required to align
[104, 29, 3]
16 required to align
[120, 250, 250]
15 required to align
[108, 41, 225]
15 required to align
[215, 66, 237]
16 required to align
[255, 31, 100]
15 required to align
[18, 35, 77]
15 required to align
[12, 255, 31]
16 required to align
[0, 0, 0]
15 required to align
[22, 76, 12]
15 required to align
[0, 0, 0]
16 required to align
[4, 0, 1]
15 required to align
[0, 224, 0]
16 required to align
[250, 254, 202]
12 required to align
[239, 190, 173, 222, 108, 68, 102, 112, 246, 125, 155, 243, 185, 91, 168, 166, 243, 185, 239, 197, 145]
3 required to align
invalid frame
(3735928559, 108, 4134561348, -1.2673637712283825e+249, -6.13128401378626e+158, 3.606303081217149e-216, -1.0394273934180014e+141, 42, 1725539958, 717577907, 1992848195, -2.2673313669817022e+61, 3.535632193115332e+256, -4.874966233980393e+105, -7.764436332003583e+264, 5.665827484354457e-240, -4.916249558950809e-240, 9.208181559322728e+94, -4.0340972242038358e+208, 2.8651868689347084e+242, -3.0738053404064123e-304, 6.00394723922907e+109, 3.106849185360469e+216, 4.363165119515447e-98, -7.052208497844647e-148, 5.626237476996881e-96, 1.074093186082995e+101, -4.315883582248222e+38, -2.2701131907410434e-303, 2.5491175141362017e+160, 3.6676353397648675e+106, -8.163655656259082e+294, -2.75287410331145e+122, 2.4321135354260804e+221, -3.259606864345522e+47, 3.1010889439637144e-264, 14.25, -1.0059539525443533e+150, -7.856428341343524e+297, -6.971215797833683e-248, 7.336675644997045e+18, 2.9326766781069202e-93, 2.677639453896748e+254, 1.4620342704440932e+107, 2.5711453517880913e+251, 3.6052548095719424e+232, -4.582137608352279e-204, -8.190435101958133e+56, -1.7582072523621157e+277, 1.0432802451388499e+273, -2.699284707068719e-299, 3.78174839612964e-109, 3.44468203007048e+127, 103249406309558.27, -7.062860541526974e+232, 1.9784087032326869e+174, -5.455652089345807e+43, -3.9872686183538106e-47, 6.688871503692525e-198, 8.208119654556775e-289, 1.823170061725299e-304, 2.999393627791262e-241, 6.688871329266655e-198, 8.208119654556775e-289, 1.823170061725299e-304, -6.924462078501392e+274, 2.999404801403244e-241, 6.688871329266655e-198, 8.208119654556775e-289, -7.2530324e-317, -1.8545562919457703e+53, 2.765629178075447e+233, -1.842378504703993e-122, -8.56222565939971e+184, 1.001911450998001e-58, 1.945298179332341e-49, -7.423968399512747e+123, -1.0487432522913822e+41, -1.1299001719112078e-95, 8.539623720381112e-64, -1.8830945193694346e+159, -6.84216599448658e+225, 174311192941567.7, 319078414)
[235, 247, 133]
20 required to align
[234, 128, 62]
15 required to align
[226, 108, 26]
16 required to align
[8, 98, 161]
15 required to align
[178, 141, 232]
15 required to align
[130, 232, 24]
16 required to align
[121, 158, 251]
15 required to align
[4, 151, 226]
15 required to align
[222, 149, 74]
16 required to align
[0, 0, 0]
15 required to align
[47, 172, 130]
16 required to align
[195, 19, 45]
15 required to align
[246, 171, 174]
15 required to align
[108, 141, 203]
16 required to align
[194, 228, 219]
15 required to align
[185, 5, 105]
16 required to align
[37, 26, 152]
15 required to align
[132, 78, 191]
15 required to align
[149, 69, 1]
16 required to align
[116, 98, 193]
15 required to align
[33, 116, 168]
15 required to align
[182, 149, 157]
16 required to align
[189, 127, 249]
15 required to align
[19, 242, 129]
16 required to align
[152, 113, 105]
15 required to align
[130, 24, 191]
15 required to align
[164, 57, 146]
16 required to align
[0, 8, 0]
15 required to align
[0, 224, 24]
15 required to align
[4, 0, 1]
16 required to align
[237, 0, 224]
15 required to align
[255, 255, 255]
16 required to align
[23, 108, 193]
15 required to align
[0, 128, 216]
15 required to align
[250, 254, 202]
7 required to align
[239, 190, 173, 222, 108, 68, 102, 112, 246, 125, 155, 243]
3 required to align
invalid frame
(3735928559, 108, 4134561348, -1.2673637712283825e+249, -6.13128401378626e+158, 3.606303081217149e-216, -1.0394273934180014e+141, 42, 1725539958, 717577907, 1992848195, -2.2673313669817022e+61, 3.535632193115332e+256, -4.874966233980393e+105, -7.764436332003583e+264, 5.665827484354457e-240, -4.916249558950809e-240, 9.208181559322728e+94, -4.0340972242038358e+208, 2.8651868689347084e+242, -3.0738053404064123e-304, 6.00394723922907e+109, 3.106849185360469e+216, 4.363165119515447e-98, -7.052208497844647e-148, 5.626237476996881e-96, 1.074093186082995e+101, -4.315883582248222e+38, -3.2897224336958634e+270, -3.809423951733138e-138, -5.332353220706169e+144, -2.758589155982682e-83, 9.16178980503228e+277, -3.8851500308108613e-216, 2.668696923171141e+75, 5.32440721915845e-164, 5.3528472861200655e-300, -1.4998125492500273e-36, 1.9204406665852715e-97, 1.8052212437930787e+291, -1.182428496996544e+179, 2.9326766771166487e-93, 2.677639453896748e+254, 1.4620342704440932e+107, 2.5711453517880913e+251, 3.6052548095719424e+232, -4.582137608352279e-204, -8.190435101958133e+56, -1.7582072523621157e+277, 1.0432802451388499e+273, -2.699284707068719e-299, 3.78174839612964e-109, 3.44468203007048e+127, 103249406309558.27, -7.062860541526974e+232, 1.9784087032326869e+174, -5.455652089345807e+43, -3.9872686183538106e-47, 6.688871503692525e-198, 8.208119654556775e-289, 1.823170061725299e-304, 2.999393627791262e-241, 6.688871329266655e-198, 8.208119654556775e-289, 1.823170061725299e-304, -6.924462078501392e+274, 2.999404801403244e-241, 6.688871329266655e-198, 8.208119654556775e-289, -7.2530324e-317, -1.8545562919457703e+53, 2.765629178075447e+233, -1.842378504703993e-122, -8.56222565939971e+184, 1.001911450998001e-58, 1.945298179332341e-49, -7.423968399512747e+123, -1.0487432522913822e+41, -1.1299001719112078e-95, 8.539623720381112e-64, -1.8830945193694346e+159, -6.84216599448658e+225, 174311192941567.7, 319078414)
[235, 247, 133]
20 required to align
[234, 128, 62]
15 required to align
[226, 108, 26]
16 required to align
[8, 98, 161]
15 required to align
[178, 141, 232]
15 required to align
[130, 232, 24]
16 required to align
[121, 158, 251]
15 required to align
[4, 151, 226]
15 required to align
[222, 149, 74]
16 required to align
[0, 0, 0]
15 required to align
[47, 172, 130]
16 required to align
[195, 19, 45]
15 required to align
[246, 171, 174]
15 required to align
[108, 141, 203]
16 required to align
[194, 228, 219]
15 required to align
[185, 5, 105]
16 required to align
[37, 26, 152]
15 required to align
[132, 78, 191]
15 required to align
[149, 69, 1]
16 required to align
[116, 98, 193]
15 required to align
[33, 116, 168]
15 required to align
[182, 149, 157]
16 required to align
[189, 127, 249]
15 required to align
[176, 19, 242]
15 required to align
[152, 113, 105]
16 required to align
[232, 121, 215]
8 required to align
[12, 255, 31]
12 required to align
[152, 155, 58]
16 required to align
[23, 108, 193]
15 required to align
[224, 0, 0]
15 required to align
[0, 23, 108]
16 required to align
[0, 224, 0]
15 required to align
[3, 0, 0]
15 required to align
[12, 255, 31]
16 required to align
[64, 222, 250]
15 required to align
[239, 190, 173, 222, 108, 68, 102, 112, 246, 125, 155, 243, 185, 91, 168, 166, 243]
5 required to align
invalid frame
(3735928559, 108, 4134561348, -1.2673637712283825e+249, -6.13128401378626e+158, 3.606303081217149e-216, -1.0394273934180014e+141, 42, 1725539958, 717577907, 1992848195, -2.2673313669817022e+61, 3.535632193115332e+256, -4.874966233980393e+105, -7.764436332003583e+264, 5.665827484354457e-240, -4.916249558950809e-240, 9.208181559322728e+94, -4.0340972242038358e+208, 2.8651868689347084e+242, -3.0738053404064123e-304, 6.00394723922907e+109, 3.106849185360469e+216, 4.363165119515447e-98, -7.052208497844647e-148, 5.626237476996881e-96, 1.074093186082995e+101, -4.315883582248222e+38, -2.2701131907410434e-303, 2.5491175141362017e+160, 3.6676353397648675e+106, -8.163655656259082e+294, -2.75287410331145e+122, 2.4321135354260804e+221, -3.259606864345522e+47, 3.1010889439637144e-264, 14.25, -1.0059539525443533e+150, -7.856428341343524e+297, -6.971215797833683e-248, 7.336675644997045e+18, 2.9326766781069202e-93, 2.677639453896748e+254, 1.4620342704440932e+107, 2.5711453517880913e+251, 3.6052548095719424e+232, -4.582137608352279e-204, -8.190435101958133e+56, -1.7582072523621157e+277, 1.0432802451388499e+273, -2.699284707068719e-299, 3.78174839612964e-109, 3.44468203007048e+127, 103249406309558.27, -7.062860541526974e+232, 1.9784087032326869e+174, -5.455652089345807e+43, -3.9872686183538106e-47, 6.688871503692525e-198, 8.208119654556775e-289, 1.823170061725299e-304, 2.999393627791262e-241, 6.688871329266655e-198, 8.208119654556775e-289, 1.823170061725299e-304, -6.924462078501392e+274, 2.999404801403244e-241, 6.688871329266655e-198, 8.208119654556775e-289, -7.2530324e-317, -1.8545562919457703e+53, 2.765629178075447e+233, -1.842378504703993e-122, -8.56222565939971e+184, 1.001911450998001e-58, 1.945298179332341e-49, -7.423968399512747e+123, -1.0487432522913822e+41, -1.1299001719112078e-95, 8.539623720381112e-64, -1.8830945193694346e+159, -6.84216599448658e+225, 174311192941567.7, 319078414)
[209, 8, 186]
15 required to align
[123, 205, 50]
16 required to align
[93, 241, 244]
15 required to align
[134, 156, 119]
15 required to align
[187, 106, 146]
16 required to align
[199, 132, 64]
15 required to align
[61, 97, 63]
15 required to align
[41, 253, 130]
16 required to align
[135, 229, 109]
15 required to align
[255, 56, 9]
16 required to align
[2, 171, 19]
15 required to align
[79, 235, 49]
15 required to align
[248, 184, 19]
16 required to align
[251, 221, 18]
15 required to align
[164, 121, 199]
16 required to align
[153, 151, 79]
15 required to align
[152, 173, 204]
15 required to align
[198, 64, 218]
16 required to align
[243, 241, 45]
15 required to align
[232, 43, 212]
15 required to align
[178, 10, 163]
16 required to align
[232, 161, 168]
15 required to align
[29, 3, 239]
16 required to align
[250, 250, 46]
15 required to align
[41, 225, 144]
15 required to align
[66, 237, 158]
16 required to align
[31, 100, 48]
15 required to align
[77, 182, 116]
16 required to align
[255, 31, 4]
15 required to align
[0, 0, 0]
15 required to align
[12, 255, 31]
16 required to align
[0, 0, 0]
15 required to align
[0, 1, 0]
15 required to align
[224, 0, 0]
16 required to align
[250, 254, 202]
11 required to align
[239, 190, 173, 222, 108, 68, 102, 112, 246, 125, 155, 243, 185, 91, 168, 166, 243]
3 required to align
