[0]flash started
[0]transferring data to SD card...
[0]SD transfer started
run_65_data.csv
[270]File writing complete; code: 1 erase_flash: 1
[0]Erasing flash...
[0]SD transfer done
[0]telemetry initialized
[0]program start
[0]SPI, I2C, RF communication pins set
[0]TVC initialized
[0]testing TVC...
[0]TVC test completed
[0]sensors initialized
[0]timing set, starting PL_COUNTDOWN
[211]Entering PL_FIRE
invalid frame
(3735928559, 1, 2220, 93.839757, 0.001382, 5.388281172141433, 0.10634765471331775, 145, 1163, 196, 1163, 0.0, 0.0, 0.0, 0.0, 0.0, 0.0, 0.0, 0.0, 0.0, 0.0, 0.0, 0.0, 0.0, 0.0, -7.91, -7.08, 2.26, 0.0, 0.0, 0.0, 10.5, -29.3125, 4.375, 0.0, 0.0, 0.0, 0.0, 0.0, 0.0, 0.0, 0.7483241072064468, -0.4328704355016563, -0.8877174541461235, -0.2707102596759796, 0.43674802780151367, 0.8578853011131287, -0.24915707111358643, -0.1010456308722496, 0.37578943371772766, 0.9298584461212158, -0.11201813071966171, 0.3504500389099121, 1.5521439247028892e+189, 2.522375346222886e-207, 4.849291897057959e+224, -8.311965562340185e+96, -4.0842344592051624e+279, -1.1379401297161002e-87, 3.3513120068613556e+182, 1.1804519994946622e-247, -5.363413038003459e+122, -3.5722001287477853e-97, -426.01569652953293, 2.2884580913004975e+98, 2.8706422930013896e+108, -1.3750887647966312e-286, -7.04464086747814e+192, 6.182638195e-315, 5.33461634e-315, -1.8545562902792664e+53, 1.222273543385744e-308, 1.2042410527550193e+114, 8.402266189512097e+109, 1.7701673824167192e-203, -2.1175740377646105e-23, 6.339504865607014e-309, 6.339504865672473e-309, 0.0, 0.0, 0.0, 0.0, 0.0, 0)
aligned: [0, 0, 0, 0, 0, 0, 0, 0, 0, 0, 0, 0, 0, 0, 0, 0] 13 byes
aligned: [0, 0, 0, 0, 0, 0, 0, 0, 0, 0, 0, 0, 0, 0, 0, 0, 0, 0, 0] 16 byes
aligned: [0, 0, 0, 0, 0, 0, 0, 0, 0, 0, 0, 0, 0, 0, 0, 0, 0, 0] 15 byes
aligned: [0, 0, 0, 0, 0, 0, 0, 0, 0, 0, 0, 0, 0, 0, 0, 0, 0, 0, 0] 16 byes
aligned: [0, 0, 0, 0, 0, 0, 0, 0, 0, 113, 61, 10, 215, 163, 112, 25, 192, 113] 15 byes
aligned: [25, 192, 113, 61, 10, 215, 163, 112, 29, 192, 174, 71, 225, 122, 20, 174, 11, 64] 15 byes
aligned: [174, 11, 64, 0, 0, 0, 0, 0, 0, 0, 0, 0, 0, 0, 0, 0, 0, 0, 0] 16 byes
aligned: [0, 0, 0, 0, 0, 0, 0, 0, 0, 0, 0, 0, 0, 0, 0, 0, 0, 252] 15 byes
aligned: [0, 0, 252, 63, 0, 0, 0, 0, 0, 0, 20, 64, 0, 0, 0, 0, 0, 0] 15 byes
aligned: [0, 0, 0, 255, 191, 0, 0, 0, 0, 0, 0, 0, 0, 0, 0, 0, 0, 0, 0] 16 byes
aligned: [0, 0, 0, 0, 0, 0, 0, 0, 0, 0, 0, 0, 0, 0, 0, 0, 0, 0] 15 byes
aligned: [0, 0, 0, 0, 0, 0, 0, 0, 0, 0, 0, 0, 0, 0, 0, 0, 0, 0] 15 byes
aligned: [0, 0, 0, 0, 0, 0, 0, 0, 0, 0, 0, 0, 0, 0, 0, 235, 182, 81, 56] 16 byes
aligned: [182, 81, 56, 21, 114, 166, 63, 190, 242, 168, 98, 223, 165, 183, 63, 38, 208, 141] 15 byes
aligned: [38, 208, 141, 156, 97, 7, 134, 191, 0, 0, 0, 160, 227, 127, 206, 191, 0, 0, 0] 16 byes
aligned: [0, 0, 0, 96, 142, 110, 225, 63, 0, 0, 0, 96, 172, 186, 233, 63, 0, 0] 15 byes
aligned: [63, 0, 0, 0, 224, 39, 140, 209, 191, 0, 0, 0, 224, 90, 41, 167, 63, 0] 15 byes
aligned: [167, 63, 0, 0, 0, 192, 143, 223, 222, 63, 0, 0, 0, 0, 107, 208, 237, 63, 0] 16 byes
aligned: [237, 63, 0, 0, 0, 128, 119, 2, 187, 191, 0, 0, 0, 0, 236, 62, 214, 63] 15 byes
aligned: [62, 214, 63, 87, 179, 228, 66, 25, 73, 54, 192, 22, 220, 50, 127, 68, 115, 32] 15 byes
aligned: [68, 115, 32, 192, 211, 28, 128, 52, 22, 108, 39, 192, 53, 51, 165, 161, 93, 148, 237] 16 byes
aligned: [93, 148, 237, 63, 76, 172, 29, 69, 193, 69, 180, 63, 192, 24, 15, 68, 91, 204] 15 byes
aligned: [68, 91, 204, 215, 63, 76, 172, 29, 69, 193, 69, 180, 191, 188, 63, 82, 199, 132, 187] 16 byes
aligned: [199, 132, 187, 183, 64, 180, 45, 31, 194, 30, 165, 204, 192, 207, 158, 249, 104, 57] 15 byes
aligned: [249, 104, 57, 100, 205, 192, 0, 0, 0, 0, 0, 0, 0, 0, 22, 220, 50, 127] 15 byes
aligned: [220, 50, 127, 68, 115, 32, 192, 0, 0, 0, 0, 0, 0, 0, 0, 87, 179, 228, 66] 16 byes
aligned: [179, 228, 66, 25, 73, 54, 192, 22, 62, 121, 155, 35, 1, 202, 202, 75, 16, 129] 15 byes
aligned: [75, 16, 129, 157, 157, 214, 167, 74, 118, 109, 245, 70, 63, 105, 229, 74, 152, 235] 15 byes
aligned: [74, 152, 235, 81, 120, 253, 216, 171, 74, 125, 202, 87, 139, 37, 148, 168, 202, 81, 217] 16 byes
aligned: [202, 81, 217, 84, 175, 95, 42, 229, 202, 158, 133, 187, 232, 241, 234, 1, 75, 238] 15 byes
aligned: [1, 75, 238, 101, 209, 98, 207, 240, 229, 74, 220, 88, 244, 176, 182, 202, 39, 203, 4] 16 byes
aligned: [39, 203, 4, 217, 49, 156, 143, 171, 238, 74, 14, 132, 104, 167, 82, 179, 229, 202] 15 byes
aligned: [179, 229, 202, 172, 82, 161, 188, 81, 8, 40, 75, 94, 230, 166, 183, 228, 215, 191] 15 byes
aligned: [228, 215, 191, 74, 214, 204, 146, 16, 73, 20, 192, 202, 0, 0, 0, 0, 0, 0, 84] 16 byes
aligned: [0, 0, 84, 64, 0, 0, 0, 0, 0, 0, 88, 64, 222, 250, 254, 202, 239, 190] 15 byes
aligned: [202, 239, 190, 173, 222, 1, 232, 8, 0, 0, 26, 223, 23, 151, 170, 201, 87, 64, 254] 1 byes
[2401]Entering IDLE
[0]SD failed to start
[0]Erasing flash...
