aligned: [0, 0, 194, 252, 21, 50, 87, 158, 42, 64, 131, 250, 150, 57, 93, 22, 83] 14 byes
aligned: [93, 22, 83, 63, 0, 0, 240, 46, 51, 149, 17, 64, 0, 0, 128, 250, 255, 175, 198] 16 byes
aligned: [255, 175, 198, 63, 92, 0, 0, 0, 23, 4, 0, 0, 0, 0, 0, 0, 93, 0] 15 byes
aligned: [0, 93, 0, 0, 0, 0, 0, 0, 0, 0, 0, 248, 127, 0, 0, 0, 0, 0, 0] 16 byes
aligned: [0, 0, 0, 0, 0, 0, 0, 0, 0, 0, 0, 248, 127, 0, 0, 0, 0, 0] 15 byes
aligned: [0, 0, 0, 0, 0, 0, 0, 0, 0, 0, 0, 0, 0, 0, 0, 0, 0, 0] 15 byes
aligned: [0, 0, 0, 0, 0, 0, 0, 0, 0, 0, 0, 0, 0, 0, 0, 0, 0, 0, 0] 16 byes
aligned: [0, 0, 0, 0, 0, 0, 0, 0, 0, 0, 0, 0, 0, 0, 0, 0, 0, 0] 15 byes
aligned: [0, 0, 0, 0, 0, 0, 0, 0, 0, 0, 0, 0, 0, 0, 0, 0, 0, 0, 0] 16 byes
aligned: [0, 0, 0, 0, 0, 0, 0, 0, 0, 0, 0, 0, 0, 0, 0, 0, 0, 0] 15 byes
aligned: [0, 0, 0, 0, 0, 0, 0, 0, 0, 10, 215, 163, 112, 61, 138, 35, 64, 41] 15 byes
aligned: [35, 64, 41, 92, 143, 194, 245, 40, 188, 191, 123, 20, 174, 71, 225, 122, 180, 191, 0] 16 byes
aligned: [180, 191, 0, 0, 0, 0, 0, 0, 0, 0, 0, 0, 0, 0, 0, 0, 0, 0] 15 byes
aligned: [0, 0, 0, 0, 0, 0, 0, 0, 0, 0, 0, 0, 0, 0, 0, 0, 0, 176] 15 byes
aligned: [0, 0, 176, 63, 0, 0, 0, 0, 0, 0, 176, 191, 0, 0, 0, 0, 0, 0, 192] 16 byes
aligned: [0, 0, 192, 191, 0, 0, 0, 0, 0, 0, 0, 0, 0, 0, 0, 0, 0, 0] 15 byes
aligned: [0, 0, 0, 0, 0, 0, 0, 0, 0, 0, 0, 0, 0, 120, 166, 73, 25, 83] 15 byes
aligned: [73, 25, 83, 176, 56, 191, 29, 145, 22, 139, 69, 111, 57, 63, 14, 15, 92, 165, 224] 16 byes
aligned: [92, 165, 224, 184, 57, 63, 80, 142, 225, 88, 58, 198, 56, 63, 0, 0, 0, 0] 15 byes
aligned: [0, 0, 0, 0, 0, 0, 0, 0, 0, 0, 0, 0, 0, 0, 0, 0, 0, 0, 0, 0, 0, 0, 0, 28] 21 byes
aligned: [0, 0, 28, 236, 5, 195, 85, 125, 132, 63, 45, 88, 144, 84, 12, 137, 139, 191] 15 byes
aligned: [137, 139, 191, 202, 252, 119, 194, 221, 254, 239, 63, 130, 189, 12, 211, 240, 147, 112, 63] 16 byes
aligned: [147, 112, 63, 208, 225, 97, 172, 54, 255, 239, 63, 192, 194, 45, 79, 29, 116, 139] 15 byes
aligned: [29, 116, 139, 63, 198, 171, 7, 38, 138, 255, 239, 191, 119, 107, 108, 133, 183, 6] 15 byes
aligned: [133, 183, 6, 112, 63, 228, 226, 26, 190, 89, 153, 132, 63, 245, 149, 172, 99, 103, 209] 16 byes
aligned: [99, 103, 209, 215, 63, 14, 201, 244, 230, 140, 246, 248, 63, 128, 202, 68, 245, 94] 15 byes
aligned: [68, 245, 94, 173, 216, 63, 133, 38, 60, 116, 124, 189, 230, 63, 118, 188, 238, 143] 15 byes
aligned: [188, 238, 143, 23, 79, 107, 191, 38, 85, 64, 114, 85, 131, 230, 63, 58, 169, 130, 86] 16 byes
aligned: [169, 130, 86, 209, 58, 121, 63, 212, 84, 190, 145, 142, 249, 115, 64, 40, 115, 211] 15 byes
aligned: [40, 115, 211, 232, 135, 130, 129, 192, 14, 209, 110, 145, 84, 160, 85, 192, 0, 0, 0] 16 byes
aligned: [0, 0, 0, 0, 0, 0, 0, 0, 14, 201, 244, 230, 140, 246, 248, 63, 0, 0] 15 byes
aligned: [63, 0, 0, 0, 0, 0, 0, 0, 0, 245, 149, 172, 99, 103, 209, 215, 63, 0] 15 byes
aligned: [215, 63, 0, 0, 0, 0, 0, 0, 0, 0, 14, 201, 244, 230, 140, 246, 248, 63, 127] 16 byes
aligned: [248, 63, 127, 50, 199, 206, 180, 250, 148, 192, 0, 0, 0, 0, 0, 0, 0, 0] 15 byes
aligned: [0, 0, 0, 245, 149, 172, 99, 103, 209, 215, 63, 215, 102, 116, 198, 67, 2, 116, 192] 16 byes
aligned: [2, 116, 192, 0, 0, 0, 0, 0, 0, 0, 0, 0, 0, 0, 0, 0, 0, 0] 15 byes
aligned: [0, 0, 0, 0, 0, 0, 0, 0, 0, 0, 0, 0, 0, 0, 0, 0, 0, 0] 15 byes
aligned: [0, 0, 0, 0, 0, 0, 0, 0, 0, 0, 0, 0, 0, 0, 0, 0, 0, 0, 0] 16 byes
aligned: [0, 0, 0, 0, 0, 0, 0, 0, 0, 0, 0, 0, 0, 0, 0, 0, 0, 0] 15 byes
aligned: [0, 0, 0, 0, 0, 0, 0, 0, 0, 0, 0, 0, 0, 0, 0, 0, 0, 0] 15 byes
aligned: [0, 0, 0, 0, 0, 0, 0, 222, 250, 254, 202, 239, 190, 173, 222, 0, 150, 0, 0] 11 byes
[0]SD transfer started
run_50_data.csv
[421]File writing complete; code: 1 erase_flash: 1
