[0]flash started
[0]telemetry initialized
[0]program start
[0]SPI, I2C, RF communication pins set
[0]TVC initialized
[0]testing TVC...
[0]TVC test completed
[0]sensors initialized
[0]timing set, starting PL_COUNTDOWN
invalid frame
(3735928559, 1, 390, 19.680958, 0.004855, 4.431152279721573, 0.2126953094266355, 2589, 1200, 2623, 1200, nan, 0.0, nan, 0.0, 0.0, 0.0, 0.0, 0.0, 0.0, 0.0, 0.0, 0.0, 0.0, 0.0, 9.76, -0.15, -0.09, 0.0, 0.0, 0.0, -8.566417062225507e+172, 2.074588782244011e+155, -2.6336381459944054e+81, 2.862817040649625e-07, -2.8001575357002264e+21, -7.108552234535377e-272, 7.917309588707079e-54, 1.8954884139319034e+134, 7.398244469359434e+234, -1.7215603070083946e-22, -1.4916685015497637e-154, 2.588611923226607e+215, -9.805081255406406e+128, 3.8340689813789804e-299, 2.7323014100025615e+113, 2.511001469586565e-137, 8.869177473420204e+112, -1.761376951261584e-271, -1.0227327342947222e-154, 1.594690707e-314, 0.0, 1.060738863e-314, -1.721559552456402e-22, 5.30004195e-315, 1.060738863e-314, 1.060738863e-314, 2.1217367583e-314, 1.060738863e-314, 1.060738863e-314, 1.060738863e-314, 1.060738863e-314, 1.060738863e-314, 1.060738863e-314, 1.060738863e-314, 1.060738863e-314, 1.060738863e-314, 1.060738863e-314, 1.060738863e-314, 1.4916681462400413e-154, -1.854556293184694e+53, 2.281609552343334e-309, 3.186404051290723e-56, 9.535860039104683e+246, 2.7556387917258438e-223, -2.4519832194746376e+54, 6.3938279609115e-309, 6.3992602701778e-309, -1.0565890622713305e+270, 6.27e-322, -1.0565890622713305e+270, 6.27e-322, 0.0, 0)
aligned: [0, 0, 0, 0, 0, 0, 0, 0, 0, 0, 0, 0, 0, 0, 0, 0, 0, 0, 0, 0] 17 byes
aligned: [0, 0, 0, 0, 0, 0, 0, 0, 0, 0, 0, 0, 0, 0, 0, 0, 0, 0] 15 byes
aligned: [0, 0, 0, 0, 0, 0, 0, 0, 0, 0, 0, 0, 0, 0, 0, 0, 0, 0, 0] 16 byes
aligned: [0, 0, 0, 0, 0, 0, 0, 0, 0, 0, 0, 0, 0, 0, 0, 0, 0, 0] 15 byes
aligned: [0, 0, 0, 0, 0, 0, 20, 174, 71, 225, 122, 148, 35, 64, 195, 245, 40, 92] 15 byes
aligned: [245, 40, 92, 143, 194, 197, 191, 41, 92, 143, 194, 245, 40, 188, 191, 0, 0, 0, 0] 16 byes
aligned: [0, 0, 0, 0, 0, 0, 0, 0, 0, 0, 0, 0, 0, 0, 0, 0, 0, 0] 15 byes
aligned: [0, 0, 0, 0, 0, 0, 0, 0, 0, 0, 0, 160, 1, 36, 254, 64, 0, 0, 0] 16 byes
aligned: [0, 0, 0, 0, 0, 0, 192, 63, 0, 0, 0, 0, 0, 0, 0, 0, 0, 0] 15 byes
aligned: [0, 0, 0, 0, 0, 0, 0, 0, 0, 0, 0, 0, 0, 0, 0, 0, 0, 0] 15 byes
aligned: [0, 0, 0, 0, 0, 0, 0, 0, 0, 0, 28, 12, 189, 224, 216, 156, 73, 63, 146] 16 byes
aligned: [73, 63, 146, 20, 58, 37, 215, 223, 82, 191, 84, 128, 54, 102, 36, 133, 73, 191] 15 byes
aligned: [133, 73, 191, 32, 232, 184, 173, 213, 215, 82, 191, 0, 0, 0, 0, 0, 0, 0, 0] 16 byes
aligned: [0, 0, 0, 0, 0, 0, 0, 0, 0, 0, 0, 0, 0, 0, 0, 0, 0, 0] 15 byes
aligned: [0, 0, 0, 0, 31, 164, 43, 26, 60, 214, 98, 191, 38, 42, 78, 44, 35, 132] 15 byes
aligned: [44, 35, 132, 143, 191, 165, 217, 141, 9, 60, 255, 239, 63, 56, 153, 102, 216, 116, 27] 16 byes
aligned: [216, 116, 27, 77, 63, 1, 53, 1, 176, 64, 255, 239, 63, 34, 207, 108, 236, 57] 15 byes
aligned: [108, 236, 57, 133, 143, 63, 14, 227, 141, 196, 25, 0, 240, 191, 104, 148, 254, 64] 15 byes
aligned: [148, 254, 64, 107, 67, 78, 63, 225, 168, 141, 208, 254, 184, 98, 191, 220, 103, 222, 72] 16 byes
aligned: [103, 222, 72, 58, 80, 217, 191, 0, 0, 0, 160, 12, 36, 46, 65, 21, 141, 133] 15 byes
aligned: [21, 141, 133, 42, 20, 84, 216, 191, 3, 77, 151, 80, 246, 153, 230, 63, 129, 197, 206] 16 byes
aligned: [129, 197, 206, 56, 113, 242, 116, 191, 39, 154, 29, 86, 21, 167, 230, 63, 130, 159] 15 byes
aligned: [63, 130, 159, 192, 236, 140, 160, 119, 63, 157, 68, 6, 133, 119, 35, 120, 64, 95] 15 byes
aligned: [120, 64, 95, 99, 23, 208, 92, 29, 132, 192, 2, 111, 238, 160, 169, 146, 98, 192, 0] 16 byes
aligned: [98, 192, 0, 0, 0, 0, 0, 0, 0, 0, 0, 0, 0, 0, 0, 0, 248, 127] 15 byes
aligned: [0, 248, 127, 0, 0, 0, 0, 0, 0, 0, 0, 220, 103, 222, 72, 58, 80, 217] 15 byes
aligned: [58, 80, 217, 191, 0, 0, 0, 0, 0, 0, 248, 127, 0, 0, 0, 0, 0, 0, 248] 16 byes
aligned: [0, 0, 248, 127, 0, 0, 0, 0, 0, 0, 248, 255, 0, 0, 0, 0, 0, 0] 15 byes
aligned: [0, 0, 0, 248, 127, 0, 0, 0, 0, 0, 0, 248, 127, 0, 0, 0, 0, 0, 0] 16 byes
aligned: [0, 0, 0, 248, 127, 0, 0, 0, 0, 0, 0, 248, 127, 0, 0, 0, 0, 0] 15 byes
aligned: [0, 0, 0, 0, 248, 127, 0, 0, 0, 0, 0, 0, 248, 127, 0, 0, 0, 0] 15 byes
aligned: [0, 0, 0, 0, 0, 248, 127, 0, 0, 0, 0, 0, 0, 248, 127, 0, 0, 0, 0] 16 byes
aligned: [0, 0, 0, 0, 0, 248, 127, 0, 0, 0, 0, 0, 0, 248, 127, 0, 0, 0] 15 byes
aligned: [0, 0, 0, 0, 0, 0, 248, 127, 0, 0, 0, 0, 0, 0, 0, 0, 0, 0, 0] 16 byes
aligned: [0, 0, 0, 32, 71, 244, 32, 65, 222, 250, 254, 202, 206, 250, 186, 186, 22, 91] 12 byes
[0]SD transfer started
run_26_data.csv
[421]File writing complete; code: 1 erase_flash: 1
