[0, 0, 0]
17 required to align
[0, 0, 0]
16 required to align
[0, 0, 0]
34 required to align
[0, 0, 0]
16 required to align
[0, 0, 0]
16 required to align
[0, 0, 0]
15 required to align
[0, 0, 0]
21 required to align
[0, 0, 0]
43 required to align
[0, 0, 0]
11 required to align
[0, 0, 0]
13 required to align
[0, 0, 0]
14 required to align
[0, 0, 0]
17 required to align
[0, 0, 0]
12 required to align
[0, 0, 0]
44 required to align
[0, 0, 0]
10 required to align
[0, 0, 0]
10 required to align
[0, 0, 0]
15 required to align
[0, 0, 0]
41 required to align
[0, 0, 0]
13 required to align
[0, 0, 0]
28 required to align
[0, 0, 0]
21 required to align
[0, 0, 0]
11 required to align
[0, 0, 0]
14 required to align
[0, 0, 0]
25 required to align
[0, 0, 0]
18 required to align
[0, 0, 0]
17 required to align
[0, 0, 0]
22 required to align
[0, 0, 0]
10 required to align
[0, 0, 0]
18 required to align
[0, 0, 0]
55 required to align
[0, 0, 0]
8 required to align
[0, 0, 0]
7 required to align
[0, 0, 0]
20 required to align
[0, 0, 0]
23 required to align
[0, 0, 0]
14 required to align
[0, 0, 0]
16 required to align
[0, 0, 0]
40 required to align
[0, 0, 0]
12 required to align
[0, 0, 0]
19 required to align
[0, 0, 0]
42 required to align
[0, 0, 0]
21 required to align
[0, 0, 0]
10 required to align
[0, 0, 0]
31 required to align
[0, 0, 0]
13 required to align
[0, 0, 0]
11 required to align
[0, 0, 0]
27 required to align
[0, 0, 0]
33 required to align
[0, 0, 0]
23 required to align
[0, 0, 0]
12 required to align
[0, 0, 0]
9 required to align
[0, 0, 0]
16 required to align
[0, 0, 0]
20 required to align
[0, 0, 0]
39 required to align
[0, 0, 0]
12 required to align
[0, 0, 0]
20 required to align
[0, 0, 0]
14 required to align
[0, 0, 0]
16 required to align
[0, 0, 0]
15 required to align
[0, 0, 0]
13 required to align
[0, 0, 0]
35 required to align
[0, 0, 0]
14 required to align
[0, 0, 0]
10 required to align
[0, 0, 0]
41 required to align
[0, 0, 0]
7 required to align
[0, 0, 0]
17 required to align
[0, 0, 0]
48 required to align
[0, 0, 0]
7 required to align
[0, 0, 0]
19 required to align
[0, 0, 0]
15 required to align
[0, 0, 0]
18 required to align
[0, 0, 0]
30 required to align
[0, 0, 0]
24 required to align
[0, 0, 0]
14 required to align
[0, 0, 0]
20 required to align
[0, 0, 0]
24 required to align
[0, 0, 0]
23 required to align
[0, 0, 0]
18 required to align
[0, 0, 0]
32 required to align
[0, 0, 0]
17 required to align
[0, 0, 0]
16 required to align
[0, 0, 0]
21 required to align
[0, 0, 0]
14 required to align
[0, 0, 0]
37 required to align
[0, 0, 0]
17 required to align
[0, 0, 0]
24 required to align
[0, 0, 0]
14 required to align
[0, 0, 0]
20 required to align
[0, 0, 0]
43 required to align
[0, 0, 0]
8 required to align
[0, 0, 0]
18 required to align
[0, 0, 0]
14 required to align
[0, 0, 0]
21 required to align
