[248, 127, 0]
27 required to align
[0, 0, 0]
16 required to align
[0, 0, 0]
15 required to align
[0, 0, 0]
16 required to align
[0, 0, 0]
15 required to align
[0, 0, 0]
15 required to align
[143, 194, 117]
16 required to align
[133, 235, 81]
15 required to align
[0, 0, 0]
16 required to align
[0, 0, 0]
15 required to align
[0, 0, 0]
15 required to align
[0, 0, 0]
16 required to align
[0, 95, 172]
15 required to align
[59, 191, 193]
15 required to align
[57, 191, 0]
16 required to align
[0, 0, 0]
15 required to align
[55, 158, 63]
16 required to align
[179, 248, 239]
15 required to align
[231, 67, 252]
15 required to align
[152, 106, 252]
16 required to align
[222, 8, 209]
15 required to align
[158, 12, 26]
15 required to align
[163, 105, 219]
16 required to align
[72, 157, 113]
15 required to align
[39, 70, 198]
16 required to align
[64, 111, 211]
15 required to align
[0, 0, 45]
15 required to align
[0, 0, 252]
16 required to align
[0, 0, 0]
15 required to align
[54, 176, 148]
15 required to align
[215, 207, 165]
16 required to align
[0, 0, 0]
15 required to align
[0, 0, 0]
16 required to align
[0, 0, 0]
15 required to align
[0, 0, 0]
15 required to align
[0, 0, 0]
16 required to align
[222, 250, 254]
15 required to align
[239, 190, 173, 222, 1, 240, 0, 0, 0, 220, 127, 100, 58]
4 required to align
invalid frame
(3735928559, 1, 240, 15.926668, 0.004761, 4.3957030614838, 0.07089843647554517, 2752, 1210, 2805, 1211, nan, 0.0, nan, 0.0, 0.0, 0.0, 0.0, 0.0, 0.0, 0.0, 0.0, 0.0, 0.0, 0.0, 9.74, 0.28, -0.24, 0.0, 0.0, 0.0, -0.0625, -0.0625, 0.0, 0.0, 0.0, 0.0, -0.00037331255884304524, 0.0003856411610045878, 0.00038620805360457333, 0.0003971391183169188, 0.0, 0.0, 0.0, 0.03158268749572687, 0.030176803593086804, 0.9990479861790609, -0.002280490733437583, 0.9995461889113054, -0.03011975942608084, -0.9995010342793786, -0.0013270534181197714, 0.03163709399839835, -0.04214893573997041, 1.5392038637593735, -0.0723089438654399, 0.7181197895179116, 0.010020861977686344, 0.6957575198923942, -0.011302029938501273, 1023.2562036076504, 1271.3623679378338, -219.88841844702176, 0.0, 1.5392038637593735, 0.0, -0.04214893573997041, 1758.8511534375161, -38.3435963867154, 1318.888084258542, 1390.0681863398804, -93.51789981994543, 268.05992958447916, 267.95139106774866, 1399.571425728633, -5889.450769850615, -17963.284266959156, 220.9423773465377, 10121.461661323128, 70.52853836402706, -100.73353344174842, 85.0, 0)
[239, 190, 173, 222, 1, 14, 1, 0, 0, 187, 151, 251, 228, 40, 168, 48, 64, 13, 255]
8 required to align
invalid frame
(3735928559, 1, 270, 16.656874, 0.004818, 4.3957030614838, 0.10634765471331775, 2438, 1207, 2490, 1207, nan, 0.0, nan, 0.0, 0.0, 0.0, 0.0, 0.0, 0.0, 0.0, 0.0, 0.0, 0.0, 0.0, 9.75, 0.31, -0.21, 0.0, 0.0, 0.0, 0.0625, 0.0, 0.0, 0.0, 0.0, 0.0, -6.197730934100575e-06, -0.00037936544069439536, 5.416695119008395e-06, -0.00039178976545492164, 0.0, 0.0, 0.0, 0.03216228203041242, 0.030140038370009267, 0.9990518267111715, -0.002461157000401259, 0.9995682769971415, -0.030076387423749525, -0.9995033351990846, -0.0014914628049239268, 0.03222181276536047, -0.047971744931300166, 1.5392703841072894, -0.07809161432830665, 0.7183335114002461, 0.009928407105091509, 0.6955525431858955, -0.011366234458936805, 1022.9661115277158, 1271.5694103334924, -220.45183776335116, 0.0, 1.5392703841072894, 0.0, -0.047971744931300166, 6186.218085089417, 180.8810159593644, -5943.394949637112, -1178.8397315809111, 334.0289133618768, -663.4106270742014, -1072.107777608156, -5985.356143068177, 27519.933508540664, 10755.523506466945, -516.8027100387347, -38459.232724823756, -306.96744511917814, 387.0015274012836, 104.0, 0)
[239, 190, 173, 222, 1, 44, 1, 0, 0, 252]
8 required to align
invalid frame
(3735928559, 1, 300, 17.387017, 0.003689, 4.431152279721573, 0.07089843647554517, 2651, 2167, 2704, 2167, nan, 0.0, nan, 0.0, 0.0, 0.0, 0.0, 0.0, 0.0, 0.0, 0.0, 0.0, 0.0, 0.0, 9.73, 0.32, -0.22, 0.0, 0.0, 0.0, 0.0, -0.125, 0.0, 0.0, 0.0, 0.0, -0.0007590103049505898, 1.3957842573045884e-05, 0.0007833301482103997, 9.271479699046136e-06, 0.0, 0.0, 0.0, 0.0314774507435067, 0.030204443298541904, 0.999108295120289, -0.006525108506502885, 0.9995884870653763, -0.030013383077979232, -0.9995434541490047, -0.005574209345937211, 0.03165967682240591, -0.1753559899802179, 1.5406318810786666, -0.20547591166216722, 0.7181008414136736, 0.008499527957662506, 0.6958128423030652, -0.012795566702310407, 1017.9373954200298, 1275.8141665034937, -219.80454555267454, 0.0, 1.5406318810786666, 0.0, -0.1753559899802179, 2853.444172649066, -542.4063562301282, 22473.542059210522, 3351.059796099788, -1367.5201736579008, 4124.246841897832, 8098.96745778092, 23036.26818343754, -120007.11005997987, -25400.16885491126, 3456.0379633841403, 146357.09292176177, 1350.7305885092724, -1454.1294962254508, 84.0, 0)
[239, 190, 173, 222, 1, 74, 1, 0, 0, 118, 113, 27, 13, 224, 29, 50, 64]
8 required to align
invalid frame
(3735928559, 1, 330, 18.1167, 0.003804, 4.3957030614838, 0.10634765471331775, 2670, 1210, 2723, 1211, nan, 0.0, nan, 0.0, 0.0, 0.0, 0.0, 0.0, 0.0, 0.0, 0.0, 0.0, 0.0, 0.0, 9.74, 0.3, -0.21, 0.0, 0.0, 0.0, 0.0625, -0.0625, 0.0, 0.0, 0.0, 0.0, -0.00038646556869826264, -0.0003724613889662157, 0.00039631794991868297, -0.0003870937465022578, 0.0, 0.0, 0.0, 0.03165680880611305, 0.030206929162881563, 0.999103751799698, -0.0066740786427943385, 0.9995887994932827, -0.030010124546867474, -0.9995380043319783, -0.005717720839404172, 0.03184343790986837, -0.1779310932246881, 1.5404247734962382, -0.20804990643220994, 0.7181770394235522, 0.008454293920674547, 0.6957349364095634, -0.012839991196307217, 1017.6979970988493, 1276.0020027423259, -219.9892101409832, 0.0, 1.5404247734962382, 0.0, -0.1779310932246881, 30251.436524020643, 1664.6563313532483, -87770.6671484477, -7940.369222073506, 5343.467548370619, -19490.345725919717, -44762.52220216452, -90233.37490899392, 526738.6821816632, 31054.498492054423, -16742.49251382436, -546755.2590123902, -5884.318517655946, 5369.679510530308, 107.0, 0)
[239, 190, 173, 222, 1, 104, 1, 0]
8 required to align
invalid frame
(3735928559, 1, 360, 18.845974, 0.00491, 4.431152279721573, 0.10634765471331775, 2394, 1206, 2449, 1206, nan, 0.0, nan, 0.0, 0.0, 0.0, 0.0, 0.0, 0.0, 0.0, 0.0, 0.0, 0.0, 0.0, 9.74, 0.31, -0.23, 0.0, 0.0, 0.0, -0.125, 0.0, 0.0625, 0.0, 0.0, 0.0, 1.840117336922828e-05, 0.00036686912804001894, -2.906123136179289e-06, 0.00040428900856302627, 0.0, 0.0, 0.0, 0.032309871995212514, 0.030208939168305655, 0.9990600192999826, -0.005475223162089361, 0.9995722126519392, -0.03004735634186668, -0.9995016378679333, -0.004499076142432366, 0.03246019425213431, -0.13891254164605943, 1.5392964994013383, -0.16905152927216052, 0.7183790377282352, 0.008879555777245935, 0.695512498652466, -0.01242868696740556, 1019.0828472360513, 1274.7519897137145, -220.69428773671876, 0.0, 1.5392964994013383, 0.0, -0.13891254164605943, -63834.07968157825, -4756.362323717569, 339546.0112492286, 29352.043503085435, -21078.729109988264, 89674.92069413673, 236171.973229085, 347931.9331268862, -2292916.6362364367, -113838.86733171329, 81897.06694077476, 2014382.518326305, 25023.540893427555, -19999.047920129597, 81.0, 0)
[239, 190, 173, 222, 1, 134, 1, 0, 0, 255, 66, 143, 24, 61, 147]
8 required to align
invalid frame
(3735928559, 1, 390, 19.575151, 0.003697, 4.3957030614838, 0.07089843647554517, 2626, 2212, 2679, 2213, nan, 0.0, nan, 0.0, 0.0, 0.0, 0.0, 0.0, 0.0, 0.0, 0.0, 0.0, 0.0, 0.0, 9.74, 0.32, -0.22, 0.0, 0.0, 0.0, -0.3125, 0.0625, 0.125, 0.0, 0.0, 0.0, 0.0004230573344206334, 0.001107200025978671, -0.00040233537372377976, 0.0011946665904671249, 0.0, 0.0, 0.0, 0.03159691384175337, 0.030208515756144298, 0.9990844690348485, -0.005527849669557281, 0.9995735227549594, -0.030048479835573887, -0.999525774339444, -0.004573165010022782, 0.03174914562761507, -0.14189655736263182, 1.5400167368448665, -0.17203452530261887, 0.7181525442861924, 0.008880826916411321, 0.6957474653878823, -0.012426822495324693, 1019.1311813155962, 1274.8719228361224, -219.95228235932638, 0.0, 1.5400167368448665, 0.0, -0.14189655736263182, 322360.6633578989, 12815.08458149065, -1320132.860628149, -109412.36529757422, 82958.31912986982, -395272.4530842892, -1080454.8811900641, -1359653.5339079867, 9617693.409357818, 410906.49704856373, -362031.13758807327, -7618102.379696102, -104910.60157436888, 74792.24985772753, 110.0, 0)
[239, 190, 173, 222, 1, 164]
8 required to align
invalid frame
(3735928559, 1, 420, 20.305417, 0.003758, 4.431152279721573, 0.07089843647554517, 2605, 2192, 2657, 2193, nan, 0.0, nan, 0.0, 0.0, 0.0, 0.0, 0.0, 0.0, 0.0, 0.0, 0.0, 0.0, 0.0, 9.74, 0.3, -0.22, 0.0, 0.0, 0.0, 0.0, 0.0625, 0.1875, 0.0, 0.0, 0.0, 0.00039351194856573755, -0.0011819776584366863, -0.0003708456371141299, -0.0011431425336727425, 0.0, 0.0, 0.0, 0.03151762360598111, 0.030211556672591913, 0.9990998608689735, -0.0063505035584489455, 0.999582289001289, -0.030025811600180106, -0.9995363631452022, -0.005398157196131827, 0.03169462718032855, -0.16952458379939572, 1.5403585722008217, -0.1996535965099171, 0.7181295594583422, 0.008564114700708178, 0.6957787952539487, -0.012737328097530668, 1018.1035598749876, 1275.7664234144413, -219.8393771850727, 0.0, 1.5403585722008217, 0.0, -0.16952458379939572, -1177332.0284532602, -17110.437550560666, 5039570.936748075, 423987.2369797377, -322864.0366380698, 1773064.8292763783, 5042472.78411241, 5235952.202170578, -40700327.63069948, -1839583.618257917, 1631662.9931728884, 27950210.535678785, 443192.9713250794, -269371.8996712161, 79.0, 0)
