[0]flash started
[0]telemetry initialized
[0]program start
[0]SPI, I2C, RF communication pins set
[0]TVC initialized
[0]testing TVC...
[0]TVC test completed
[0]sensors initialized
[0]timing set, starting PL_COUNTDOWN
invalid frame
(3735928559, 0, 60, 11.980843, 0.002154, 4.360253843246028, 0.07089843647554517, 92, 1942, 0, 93, nan, 0.0, nan, 0.0, 0.0, 0.0, 0.0, 0.0, 0.0, 0.0, 0.0, 0.0, 0.0, 0.0, 9.18, -3.42, 0.07, 0.0, 0.0, 0.0, 123456.1015625, 0.0, 0.0625, 0.0, 0.0, 0.0, -4.358048566272465e-08, -4.475198128190653e-06, -0.00013715322696202024, -4.475198128190653e-06, 0.0, 0.0, 0.0, 0.01144089626778308, -0.001952471041331394, -1.0000414336925902, 0.34997186936141556, 0.9368738104798633, 0.0021746827645252598, 0.9368064751595043, -0.3499731796099278, 0.011400745828720499, -1.5382373034401002, 987654.3125, 1.5381224503231967, 0.6999686121349408, -0.1257727780253823, -0.691763786162753, 0.12569285562337443, -2145.10125499689, -7105.9725674046, -40654.126142381574, 0.0, -1.2133929626084576, 0.0, -1.5382373034401002, 0.0, -1.2133929626084576, 568.3333916682718, 0.0, -1.5382373034401002, 720.4853049782433, 0.0, 0.0, 0.0, 5.774544706037976e-309, 5.21501685587625e-310, -1.0565890622713305e+270, 6.27e-322, -1.0565890622713305e+270, 6.27e-322, 0.0, 0)
aligned: [0, 0, 0, 0, 0, 0, 0, 0, 0, 0, 0, 0, 0, 0, 0, 0, 0, 0, 0, 0, 0, 0, 0, 0, 0, 0, 0, 0, 0, 0, 0, 0, 0, 0, 0, 0, 0, 0, 0, 0, 0, 0, 0, 0, 0, 0, 0, 0, 0, 0, 0, 0, 0, 0, 0, 0, 0, 0, 0, 0, 0, 0, 0, 0, 0, 0, 0, 0, 0, 225, 122, 20, 174, 71, 97, 34, 64, 236, 81, 184] 77 byes
aligned: [236, 81, 184, 30, 133, 235, 11, 192, 184, 30, 133, 235, 81, 184, 190, 63, 0, 0, 0] 16 byes
aligned: [0, 0, 0, 0, 0, 0, 0, 0, 0, 0, 0, 0, 0, 0, 0, 0, 0, 0] 15 byes
aligned: [0, 0, 0, 0, 0, 0, 0, 0, 0, 0, 0, 0, 160, 1, 36, 254, 64, 0] 15 byes
aligned: [254, 64, 0, 0, 0, 0, 0, 0, 176, 191, 0, 0, 0, 0, 0, 0, 176, 63, 0] 16 byes
aligned: [176, 63, 0, 0, 0, 0, 0, 0, 0, 0, 0, 0, 0, 0, 0, 0, 0, 0] 15 byes
aligned: [0, 0, 0, 0, 0, 0, 0, 0, 0, 0, 0, 164, 52, 219, 68, 54, 61, 52] 15 byes
aligned: [54, 61, 52, 63, 80, 50, 152, 47, 226, 129, 61, 191, 18, 125, 110, 159, 220, 131, 52] 16 byes
aligned: [220, 131, 52, 63, 164, 52, 219, 68, 54, 61, 52, 63, 0, 0, 0, 0, 0, 0] 15 byes
aligned: [0, 0, 0, 0, 0, 0, 0, 0, 0, 0, 0, 0, 0, 0, 0, 0, 0, 0, 0] 16 byes
aligned: [0, 0, 0, 0, 0, 86, 2, 175, 219, 150, 5, 134, 63, 0, 51, 84, 96, 139] 15 byes
aligned: [84, 96, 139, 248, 95, 191, 144, 88, 243, 192, 61, 0, 240] 10 byes
aligned: [61, 0, 240, 181, 196, 25, 192, 63, 168, 98, 10] 8 byes
aligned: [168, 98, 10, 47, 50, 253, 160, 192, 159, 160, 160, 92, 17, 194, 187, 192, 131, 182] 15 byes
aligned: [192, 131, 182, 77, 94, 165, 217, 227, 192, 0, 0, 0, 0, 0, 0, 0, 0, 64] 15 byes
aligned: [0, 0, 64, 76, 140, 43, 172, 105, 243, 191, 0, 0, 0, 0, 0, 0, 0, 0, 229] 16 byes
aligned: [0, 0, 229, 67, 4, 33, 50, 164, 248, 191, 0, 0, 0, 0, 0, 0, 0, 0] 15 byes
aligned: [0, 0, 0, 64, 76, 140, 43, 172, 105, 243, 191, 194, 16, 196, 250, 33, 189, 138, 64] 16 byes
aligned: [189, 138, 64, 0, 0, 0, 0, 0, 0, 0, 0, 229, 67, 4, 33, 50, 164, 248] 15 byes
aligned: [50, 164, 248, 191, 91, 7, 19, 157, 102, 248, 144, 64, 0] 10 byes
aligned: [144, 64, 0, 0, 0, 0, 0, 0, 0, 0, 0, 0, 0, 0, 0, 0, 0, 0, 0] 16 byes
aligned: [0, 0, 0, 0, 0, 0, 0, 0, 0, 0, 0, 0, 0, 0, 0, 0, 0, 0] 15 byes
aligned: [0, 0, 0, 0, 0, 0, 0, 0, 0, 0, 0, 0, 0, 0, 0, 0, 0, 0, 0] 16 byes
aligned: [0, 0, 0, 0, 0, 0, 0, 0, 0, 0, 0, 0, 0, 0, 0, 0, 0, 0] 15 byes
aligned: [0, 0, 0, 0, 0, 0, 0, 0, 0, 0, 0, 0, 0, 0, 0, 32, 71, 244] 15 byes
aligned: [32, 71, 244, 32, 65, 222, 250, 254, 202, 239, 190, 173, 222, 0, 120, 0, 0, 0, 109] 9 byes
invalid frame
(3735928559, 0, 120, 13.308749, 0.001181, 4.360253843246028, 0.07089843647554517, 93, 1076, 0, 93, nan, 0.0, nan, 0.0, 0.0, 0.0, 0.0, 0.0, 0.0, 0.0, 0.0, 0.0, 0.0, 0.0, 9.18, -3.43, 0.11, 0.0, 0.0, 0.0, 123456.1015625, 0.0625, 0.0625, 0.0, 0.0, 0.0, -0.00030865096939948434, 0.00044253260317750234, -0.0005879417980702961, -0.00031654784141681543, 0.0, 0.0, 0.0, 0.009930203776199832, -0.001938062077688707, -1.0001762240890455, 0.35128415441184946, 0.9365102712464463, 0.0016730133693340643, 0.9364591171945464, -0.3512827921062532, 0.009978279306566772, -1.5424425743644763, 987654.3125, 1.542582329761636, 0.6993958906448212, -0.1261585844973055, -0.6922547286111466, 0.12625582983996453, -2217.292571632273, -7102.888720989581, -40656.16878116799, 0.0, -1.212409004953369, 0.0, -1.5424425743644763, 0.0, 0.0, 1.4916681462400413e-154, -1.854556293184694e+53, 8.1486484167023e-310, 5.244975653688728e-97, 3.8677385252938766e+93, 1.1414273906295876e-224, -4.154298437211221e-67, 1.0984129252807297e-308, 5.10637067137883e-310, -1.0565890622713305e+270, 6.27e-322, -1.0565890622713305e+270, 6.27e-322, 0.0, 0)
aligned: [0, 0, 0, 0, 0, 0, 0, 0, 0, 0, 0, 0, 0, 0, 0, 0, 0, 0, 0, 0, 0, 0, 0, 0, 0, 0, 0, 0, 0, 0, 0, 0, 0, 0, 0, 0, 0, 0, 0, 0, 0, 0, 0, 0, 0, 0, 0, 0, 0, 0, 0, 0, 0, 0, 0, 0, 0, 0, 0, 0, 0, 0, 0, 0, 0, 0, 0, 0, 0, 92] 67 byes
aligned: [0, 0, 92, 47, 22, 182, 208, 248, 237, 63] 7 byes
aligned: [248, 237, 63, 82, 34, 114, 22, 18, 122, 214, 191, 120, 120, 3, 50, 246, 199, 129] 15 byes
aligned: [246, 199, 129, 63, 40, 97, 245, 142, 180, 188, 248, 191, 0, 0, 0, 160, 12, 36, 46] 16 byes
aligned: [12, 36, 46, 65, 249, 29, 49, 51, 44, 190, 248, 63, 111, 204, 214, 84, 251, 93] 15 byes
aligned: [84, 251, 93, 230, 63, 52, 111, 170, 22, 58, 34, 192, 191, 248, 130, 209, 223, 58, 43] 16 byes
aligned: [223, 58, 43, 230, 191, 4, 49, 194, 72, 101, 42, 192, 63, 12, 75, 240, 43, 146] 15 byes
aligned: [240, 43, 146, 192, 161, 192, 25, 184, 130, 251, 121, 190, 187, 192, 203, 26, 135, 97] 15 byes
aligned: [26, 135, 97, 67, 218, 227, 192, 0, 0, 0, 0, 0, 0, 0, 0, 88, 139, 138, 234] 16 byes
aligned: [139, 138, 234, 238, 103, 243, 191, 0, 0, 0, 0, 0, 0, 0, 0, 40, 97, 245] 15 byes
aligned: [40, 97, 245, 142, 180, 188, 248, 191, 0, 0, 0, 0, 0, 0, 0, 0, 88, 139] 15 byes
aligned: [0, 88, 139, 138, 234, 238, 103, 243, 191, 86, 194, 210, 179, 68, 245, 143, 64, 0, 0] 16 byes
aligned: [64, 0, 0, 0, 0, 0, 0, 0, 0, 40, 97, 245, 142, 180, 188, 248, 191, 62] 15 byes
aligned: [248, 191, 62, 237, 58, 93, 103, 94, 148, 64, 0, 0, 0, 0, 0, 0, 0, 0] 15 byes
aligned: [0, 0, 0, 0, 0, 0, 0, 0, 0, 0, 0, 0] 9 byes
aligned: [0, 0, 0, 0, 0, 0, 98, 102, 38, 178, 63, 94, 0, 0, 0, 227, 7, 0, 0, 0, 0, 0] 19 byes
aligned: [0, 0, 0, 0, 95, 0, 0, 0, 0, 0, 0, 0, 0, 0, 248, 127, 0, 0, 0] 16 byes
aligned: [0, 0, 0, 0, 0, 0, 0, 0, 0, 0, 0, 0, 0, 0, 248, 127, 0, 0] 15 byes
aligned: [127, 0, 0, 0, 0, 0, 0, 0, 0, 0, 0, 0, 0, 0, 0, 0, 0, 0, 0] 16 byes
aligned: [0, 0, 0, 0, 0, 0, 0, 0, 0, 0, 0, 0, 0, 0, 0, 0, 0, 0] 15 byes
aligned: [0, 0, 0, 0, 0, 0, 0, 0, 0, 0, 0, 0, 0, 0, 0, 0, 0, 0] 15 byes
aligned: [0, 0, 0, 0, 0, 0, 0, 0, 0, 0, 0, 0, 0, 0, 0, 0, 0, 0, 0] 16 byes
aligned: [0, 0, 0, 0, 0, 0, 0, 0, 0, 0, 0, 0, 0, 0, 0, 0, 0, 0] 15 byes
aligned: [0, 0, 0, 0, 0, 0, 0, 0, 0, 0, 0, 0, 215, 163, 112, 61, 10, 87] 15 byes
aligned: [61, 10, 87, 34, 64, 92, 143, 194, 245, 40, 92, 11, 192, 41, 92, 143, 194, 245, 40] 16 byes
aligned: [194, 245, 40, 188, 63, 0, 0, 0, 0, 0, 0, 0, 0, 0, 0, 0, 0, 0] 15 byes
aligned: [0, 0, 0, 0, 0, 0, 0, 0, 0, 0, 0, 0, 0, 0, 0, 0, 0, 160, 1] 16 byes
aligned: [0, 160, 1, 36, 254, 64, 0, 0, 0, 0, 0, 0, 0, 0] 11 byes
aligned: [0, 0, 0, 0, 0, 0, 0, 0, 0, 192, 63, 0, 0, 0, 0, 0, 0] 14 byes
aligned: [0, 0, 0, 0, 0, 0, 0, 0, 0, 0, 0, 0, 0, 0, 0, 0, 0, 0] 15 byes
aligned: [0, 0, 0, 0, 0, 0, 199, 7, 95, 71, 34, 5, 43, 191, 83, 144, 86, 92, 43] 16 byes
aligned: [86, 92, 43, 177, 82, 191, 31, 160, 195, 128, 238, 253, 17, 191, 110, 0, 116, 248] 15 byes
aligned: [0, 116, 248, 191, 158, 82, 63, 0, 0, 0, 0, 0, 0, 0, 0, 0, 0, 0, 0] 16 byes
aligned: [0, 0, 0, 0, 0, 0, 0, 0, 0, 0, 0, 0, 0, 0, 0, 174, 190, 147] 15 byes
aligned: [174, 190, 147, 113, 240, 0, 135, 63, 128, 119, 251, 131, 255, 48, 95, 191, 209, 87] 15 byes
aligned: [191, 209, 87, 7, 101, 37, 1, 240, 191, 168, 2, 31, 210, 209, 112, 214, 63, 131, 0] 16 byes
aligned: [63, 131, 0, 116, 77, 230, 250, 237, 63, 128, 118, 45, 211, 191, 165, 97, 63, 97] 15 byes
aligned: [97, 63, 97, 179, 80, 73, 94, 250, 237, 63, 112, 92, 78, 230, 215, 112, 214, 191, 242] 16 byes
aligned: [214, 191, 242, 219, 235, 191, 43, 233, 134, 63, 125, 253, 252, 232, 101, 159, 248, 191] 15 byes
aligned: [159, 248, 191, 0, 0, 0, 160, 12, 36, 46, 65, 68, 167, 136, 70, 222, 158, 248] 15 byes
aligned: [222, 158, 248, 63, 232, 70, 46, 255, 219, 101, 230, 63, 157, 41, 120, 254, 101, 33, 192] 16 byes
aligned: [101, 33, 192, 191, 204, 132, 47, 25, 231, 35, 230, 191, 127, 128, 78, 225, 114, 30] 15 byes
aligned: [225, 114, 30, 192, 63, 239, 238, 167, 115, 86, 221, 160, 192, 85, 142, 131, 201, 48, 192] 16 byes
aligned: [201, 48, 192, 187, 192, 151, 230, 129, 215, 11, 219, 227, 192, 0, 0, 0, 0, 0] 15 byes
aligned: [0, 0, 0, 0, 0, 0, 152, 246, 178, 185, 5, 106, 243, 191, 0, 0, 0, 0] 15 byes
aligned: [0, 0, 0, 0, 0, 0, 0, 125, 253, 252, 232, 101, 159, 248, 191, 0, 0, 0, 0] 16 byes
aligned: [0, 0, 0, 0, 0, 0, 0, 152, 246, 178, 185, 5, 106, 243, 191, 15, 213, 195] 15 byes
aligned: [15, 213, 195, 82, 5, 190, 137, 64, 0, 0, 0, 0, 0, 0, 0, 0, 125, 253] 15 byes
aligned: [0, 125, 253, 252, 232, 101, 159, 248, 191, 221, 204, 19, 192, 253, 82, 144, 64, 0, 0] 16 byes
aligned: [64, 0, 0, 0, 0, 0, 0, 0, 0, 0, 0, 0, 0, 0, 0, 0, 0, 0] 15 byes
aligned: [0, 0, 0, 0, 0, 0, 0, 0, 0, 0, 0, 0, 0, 0, 0, 0, 0, 0, 0] 16 byes
aligned: [0, 0, 0, 0, 0, 0, 0, 0, 0, 0, 0, 0, 0, 0, 0, 0, 0, 0] 15 byes
aligned: [0, 0, 0, 0, 0, 0, 0, 0, 0, 0, 0, 0, 0, 0, 0, 0, 0, 0] 15 byes
aligned: [0, 0, 0, 0, 0, 0, 0, 0, 0, 0, 0, 0, 0, 0, 0, 32, 71, 244, 32] 16 byes
aligned: [71, 244, 32, 65, 222, 250, 254, 202, 239, 190, 173, 222, 0, 210, 0, 0, 0, 80] 8 byes
invalid frame
(3735928559, 1, 300, 17.49568, 0.003801, 4.360253843246028, 0.07089843647554517, 2662, 2179, 2712, 2180, nan, 0.0, nan, 0.0, 0.0, 0.0, 0.0, 0.0, 0.0, 0.0, 0.0, 0.0, 0.0, 0.0, 9.19, -3.44, 0.11, 0.0, 0.0, 0.0, 123456.1015625, 0.0, 0.0625, 0.0, 0.0, 0.0, 0.0001361953683113167, 0.0007483856974791583, -0.0002734793231679696, -0.0007699825054677542, 0.0, 0.0, 0.0, 0.01386814690574818, -0.0019242920976695055, -1.0000733541813762, 0.3486980346456682, 0.9374130527524454, 0.003031716651454852, 0.9373153670339104, -0.3487059044116247, 0.013668836556995512, -1.531588383614217, 987654.3125, 1.531014688823324, 0.7009189544764117, -0.12545011678355306, -0.6910203242557447, 0.12505084261587823, -2034.2393220707957, -7109.938047000829, -40664.11649406468, 0.0, -1.2148674070782781, 0.0, -1.837172685979707e-172, 3.568952739917196e+126, 5.366670357e-315, 1.4916685038133312e-154, -1.854556293184694e+53, 1.792701722104935e-309, 9.794488218396403e-67, 1.4680999210318583e+227, 1.1414273906295876e-224, -4.154298437211221e-67, 1.1837001804382853e-308, 1.184243411367192e-308, -1.0565890622713305e+270, 6.27e-322, -1.0565890622713305e+270, 6.27e-322, 0.0, 0)
aligned: [0, 0, 0, 0, 0, 0, 0, 0, 0, 0, 0, 0, 0, 0, 0, 0, 0, 0, 0, 0, 0, 0, 0, 0, 0, 0, 0, 0, 0, 0, 0, 0, 0, 0, 0, 0, 0, 0, 0, 0, 0, 0, 0, 0, 0, 0, 0, 0, 0, 0, 0, 0, 0, 0, 0, 0, 0, 0, 0, 0, 0, 0, 0, 0, 0] 62 byes
aligned: [0, 0, 0, 0, 0, 0, 0, 102, 102, 102, 102, 102, 102, 34, 64, 72, 225, 122, 20] 16 byes
aligned: [225, 122, 20, 174, 71, 11, 192, 154, 153, 153, 153, 153, 153, 185, 63, 0, 0, 0] 15 byes
aligned: [0, 0, 0, 0, 0, 0, 0, 0, 0, 0, 0, 0, 0, 0, 0, 0, 0, 0] 15 byes
aligned: [0, 0, 0, 0, 0, 0, 0, 0, 0, 0, 0, 0, 160, 1, 36, 254, 64, 0, 0] 16 byes
aligned: [64, 0, 0, 0, 0, 0, 0, 200, 63, 0, 0, 0, 0, 0, 0, 0, 0, 0] 15 byes
aligned: [0, 0, 0, 0, 0, 0, 0, 0, 0, 0, 0, 0, 0, 0, 0, 0, 0, 0] 15 byes
aligned: [0, 0, 0, 0, 0, 0, 0, 0, 0, 0, 0, 40, 92, 207, 100, 40, 225, 85, 191] 16 byes
aligned: [225, 85, 191, 244, 78, 229, 213, 42, 87, 78, 191, 227, 129, 69, 152, 100, 217, 78] 15 byes
aligned: [100, 217, 78, 191, 212, 58, 105, 106, 180, 39, 86, 63, 0, 0, 0, 0, 0, 0, 0] 16 byes
aligned: [0, 0, 0, 0, 0, 0, 0, 0, 0, 0, 0, 0, 0, 0, 0, 0, 0, 0] 15 byes
aligned: [0, 0, 0, 0, 0, 170, 100, 21, 224, 122, 108, 140, 63, 0, 62, 190, 167, 130] 15 byes
aligned: [190, 167, 130, 140, 95, 191, 18, 41, 181, 176, 81, 0, 240, 191, 233, 10, 222, 92, 226] 16 byes
aligned: [222, 92, 226, 83, 214, 63, 141, 74, 179, 11, 206, 254, 237, 63, 128, 12, 102, 99] 15 byes
aligned: [12, 102, 99, 104, 224, 104, 63, 209, 251, 229, 223, 0, 254, 237, 63, 162, 76, 150] 15 byes
aligned: [162, 76, 150, 129, 3, 84, 214, 191, 214, 201, 178, 11, 149, 3, 140, 63, 144, 182, 139] 16 byes
aligned: [144, 182, 139, 128, 224, 129, 248, 191, 0, 0, 0, 160, 12, 36, 46, 65, 218, 42] 15 byes
aligned: [65, 218, 42, 226, 143, 142, 127, 248, 63, 171, 129, 57, 221, 181, 109, 230, 63, 44] 15 byes
aligned: [230, 63, 44, 132, 201, 16, 128, 17, 192, 191, 170, 62, 202, 158, 209, 28, 230, 191, 112] 16 byes
aligned: [230, 191, 112, 23, 93, 56, 149, 4, 192, 63, 207, 86, 134, 76, 22, 206, 159, 192] 15 byes
aligned: [206, 159, 192, 62, 154, 252, 96, 114, 199, 187, 192, 223, 53, 108, 199, 15, 219, 227] 15 byes
aligned: [15, 219, 227, 192, 0, 0, 0, 0, 0, 0, 0, 0, 170, 77, 135, 211, 29, 111, 243] 16 byes
aligned: [29, 111, 243, 191, 0, 0, 0, 0, 0, 0, 0, 0, 144, 182, 139, 128, 224, 129] 15 byes
aligned: [128, 224, 129, 248, 191, 134, 106, 180, 118, 70, 186, 231, 192, 164, 218, 224, 228, 10, 14] 16 byes
aligned: [228, 10, 14, 130, 64, 242, 149, 237, 143, 57, 244, 250, 64, 239, 92, 165, 205, 4] 15 byes
aligned: [165, 205, 4, 150, 237, 64, 91, 115, 121, 193, 215, 107, 228, 192, 159, 174, 58, 129] 15 byes
aligned: [174, 58, 129, 180, 208, 19, 65, 3, 129, 80, 180, 39, 108, 1, 65, 59, 59, 215, 169] 16 byes
aligned: [59, 215, 169, 196, 236, 251, 64, 242, 94, 119, 209, 51, 71, 47, 193, 48, 117, 128] 15 byes
aligned: [48, 117, 128, 102, 128, 231, 26, 193, 112, 75, 6, 192, 181, 26, 19, 65, 25, 2, 138] 16 byes
aligned: [25, 2, 138, 10, 142, 251, 68, 65, 187, 230, 146, 71, 237, 117, 197, 64, 120, 11] 15 byes
aligned: [64, 120, 11, 158, 47, 16, 127, 217, 192, 0, 0, 0, 0, 0, 64, 86, 64, 0] 15 byes
aligned: [86, 64, 0, 0, 0, 32, 71, 244, 32, 65, 222, 250, 254, 202] 11 byes
aligned: [250, 254, 202, 239, 190, 173, 222, 1, 104, 1] 3 byes
[0]SD transfer started
run_20_data.csv
[421]File writing complete; code: 1 erase_flash: 1
