aligned: [0, 0, 0, 0, 0, 0, 0, 0, 0, 0, 0, 0, 0, 0, 0, 0, 0, 0, 0, 0, 0, 0, 0, 0, 0, 0, 0, 0, 0, 0, 0, 0, 0, 0, 0] 32 byes
aligned: [0, 0, 0, 0, 0, 0, 0, 0, 0, 0, 0, 0] 9 byes
aligned: [0, 0, 0, 0, 0, 0, 0, 0, 0, 0, 0, 0, 0] 10 byes
aligned: [0, 0, 0, 0, 0, 0, 0, 0, 0, 0, 0, 0, 0, 0] 11 byes
aligned: [0, 0, 0, 0, 0, 0, 0, 0, 0, 0, 0, 0, 0, 0, 0, 0, 0, 0, 0, 0, 0, 0, 0, 0, 0, 0, 0, 0, 0, 0, 0, 0, 0, 0, 0, 0] 33 byes
aligned: [0, 0, 0, 0, 0, 0, 0, 0, 0, 0, 0, 0, 0, 0] 11 byes
aligned: [0, 0, 0, 0, 0, 0, 0, 0, 0, 0] 7 byes
aligned: [0, 0, 0, 0, 0, 0, 0, 0, 0, 0, 0, 0, 0] 10 byes
aligned: [0, 0, 0, 0, 0, 0, 0, 0, 0, 0, 0, 0, 0, 0, 0, 0, 0, 0, 0, 0] 17 byes
aligned: [0, 0, 0, 0, 0, 0, 0, 0, 0, 0, 0, 0, 0, 0, 0, 0, 0] 14 byes
aligned: [0, 0, 0, 0, 0, 0, 0, 0, 0, 0] 7 byes
aligned: [0, 0, 0, 0, 0, 0, 0, 0, 0, 0, 0, 0, 0, 0, 0, 0] 13 byes
aligned: [0, 0, 0, 0, 0, 0, 0, 0, 0, 0] 7 byes
aligned: [0, 0, 0, 0, 0, 0, 0, 0, 0, 0, 0, 0, 0, 0, 0, 0, 0, 0] 15 byes
aligned: [0, 0, 0, 0, 0, 0, 0, 0, 0, 0, 0, 0, 0, 0, 0, 0, 0] 14 byes
aligned: [0, 0, 0, 0, 0, 0, 0, 0, 0, 0, 0] 8 byes
aligned: [0, 0, 0, 0, 0, 0, 0, 0, 0, 0, 0, 0, 0] 10 byes
aligned: [0, 0, 0, 0, 0, 0, 0, 0, 0, 0, 0, 0, 0, 0, 0, 0, 0, 0, 0, 0, 0, 0, 0, 0] 21 byes
aligned: [0, 0, 0, 0, 0, 0, 0, 0, 0, 0, 0, 0, 0] 10 byes
aligned: [0, 0, 0, 0, 0, 0, 0, 0, 0, 0, 0, 0, 0, 0, 0] 12 byes
aligned: [0, 0, 0, 0, 0, 0, 0, 0, 0, 0, 0] 8 byes
aligned: [0, 0, 0, 0, 0, 0, 0, 0, 0, 0, 0, 0, 0, 0, 0] 12 byes
aligned: [0, 0, 0, 0, 0, 0, 0, 0, 0, 0, 0, 0] 9 byes
aligned: [0, 0, 0, 0, 0, 0, 0, 0, 0, 0, 0, 0, 0, 0, 0, 0, 0, 0, 0] 16 byes
aligned: [0, 0, 0, 0, 0, 0, 0, 0, 0, 0] 7 byes
aligned: [0, 0, 0, 0, 0, 0, 0, 0, 0, 0] 7 byes
aligned: [0, 0, 0, 0, 0, 0, 0, 0, 0, 0, 0, 0, 0, 0, 0, 0] 13 byes
aligned: [0, 0, 0, 0, 0, 0, 0, 0, 0, 0] 7 byes
aligned: [0, 0, 0, 0, 0, 0, 0, 0, 0, 0, 0, 0, 0, 0] 11 byes
aligned: [0, 0, 0, 0, 0, 0, 0, 0, 0, 0, 0, 0, 0, 0, 0, 0, 0, 0, 0] 16 byes
aligned: [0, 0, 0, 0, 0, 0, 0, 0, 0, 0, 0, 0, 0, 0] 11 byes
aligned: [0, 0, 0, 0, 0, 0, 0, 0, 0, 0, 0, 0, 0] 10 byes
aligned: [0, 0, 0, 0, 0, 0, 0, 0, 0, 0, 0, 0, 0, 0, 0, 0, 0] 14 byes
aligned: [0, 0, 0, 0, 0, 0, 0, 0, 0, 0, 0, 0, 0, 0, 0, 0, 0, 0, 0, 0, 0, 0, 0, 0, 0, 0, 0, 0, 0, 0, 0, 0] 29 byes
aligned: [0, 0, 0, 0, 0, 0, 0, 0, 0, 0, 0, 0, 0, 0, 0, 0, 0] 14 byes
aligned: [0, 0, 0, 0, 0, 0, 0, 0, 0, 0, 0, 0, 0, 0, 0, 0, 0, 0, 0, 0, 0, 0, 0, 0, 0, 0, 0] 24 byes
aligned: [0, 0, 0, 0, 0, 0, 0, 0, 0, 0, 0, 0, 0, 0, 0, 0, 0, 0, 0, 0, 0, 0, 0, 0, 0] 22 byes
aligned: [0, 0, 0, 0, 0, 0, 0, 0, 0, 0, 0, 0, 0, 0, 0, 0] 13 byes
aligned: [0, 0, 0, 0, 0, 0, 0, 0, 0, 0, 0, 0, 0, 0, 0, 0, 0, 0, 0, 0, 0] 18 byes
aligned: [0, 0, 0, 0, 0, 0, 0, 0, 0, 0, 0, 0] 9 byes
aligned: [0, 0, 0, 0, 0, 0, 0, 0, 0, 0, 0, 0, 0, 0, 0, 0, 0, 0, 0, 0, 0, 0, 0, 0, 0, 0, 0, 0, 0] 26 byes
aligned: [0, 0, 0, 0, 0, 0, 0, 0, 0, 0, 0, 0, 0, 0, 0, 0, 0, 0, 0, 0, 0, 0, 0] 20 byes
aligned: [0, 0, 0, 0, 0, 0, 0, 0, 0, 0, 0, 0, 0, 0, 0, 0, 0, 0, 0, 0, 0, 0] 19 byes
aligned: [0, 0, 0, 0, 0, 0, 0, 0, 0, 0, 0, 0, 0, 0, 0, 0, 0, 0] 15 byes
aligned: [0, 0, 0, 0, 0, 0, 0, 0, 0, 0, 0] 8 byes
aligned: [0, 0, 0, 0, 0, 0, 0, 0, 0, 0, 0, 0, 0, 0, 0, 0] 13 byes
aligned: [0, 0, 0, 0, 0, 0, 0, 0, 0, 0, 0, 0, 0, 0, 0, 0, 0, 0, 0, 0, 0] 18 byes
aligned: [0, 0, 0, 0, 0, 0, 0, 0, 0, 0] 7 byes
aligned: [0, 0, 0, 0, 0, 0, 0, 0, 0, 0, 0, 0, 0, 0, 0] 12 byes
aligned: [0, 0, 0, 0, 0, 0, 0, 0, 0, 0, 0, 0, 0, 0, 0, 0, 0] 14 byes
aligned: [0, 0, 0, 0, 0, 0, 0, 0, 0, 0, 0, 0, 0, 0, 0, 0] 13 byes
aligned: [0, 0, 0, 0, 0, 0, 0, 0, 0, 0, 0, 0, 0, 0] 11 byes
aligned: [0, 0, 0, 0, 0, 0, 0, 0, 0, 0, 0, 0, 0] 10 byes
aligned: [0, 0, 0, 0, 0, 0, 0, 0, 0, 0, 0, 0, 0, 0, 0] 12 byes
aligned: [0, 0, 0, 0, 0, 0, 0, 0, 0, 0, 0, 0, 0, 0, 0, 0, 0, 0, 0, 0, 0] 18 byes
aligned: [0, 0, 0, 0, 0, 0, 0, 0, 0, 0, 0, 0, 0] 10 byes
aligned: [0, 0, 0, 0, 0, 0, 0, 0, 0, 0, 0, 0, 0, 0, 0, 0, 0] 14 byes
aligned: [0, 0, 0, 0, 0, 0, 0, 0, 0, 0, 0, 0, 0, 0, 0, 0, 0, 0, 0, 0, 0, 0] 19 byes
aligned: [0, 0, 0, 0, 0, 0, 0, 0, 0, 0, 0, 0] 9 byes
aligned: [0, 0, 0, 0, 0, 0, 0, 0, 0, 0, 0] 8 byes
aligned: [0, 0, 0, 0, 0, 0, 0, 0, 0, 0, 0, 0, 0, 0, 0, 0, 0, 0] 15 byes
aligned: [0, 0, 0, 0, 0, 0, 0, 0, 0, 0, 0, 0, 0, 0] 11 byes
aligned: [0, 0, 0, 0, 0, 0, 0, 0, 0, 0, 0, 0, 0, 0, 0, 0, 0, 0, 0, 0, 0, 0, 0, 0, 0, 0, 0, 0, 0, 0] 27 byes
aligned: [0, 0, 0, 0, 0, 0, 0, 0, 0, 0, 0, 0] 9 byes
aligned: [0, 0, 0, 0, 0, 0, 0, 0, 0, 0, 0, 0, 0, 0, 0, 0, 0, 0, 0, 0, 0, 0, 0, 0, 0, 0, 0] 24 byes
aligned: [0, 0, 0, 0, 0, 0, 0, 0, 0, 0, 0, 0, 0, 0, 0, 0] 13 byes
aligned: [0, 0, 0, 0, 0, 0, 0, 0, 0, 0, 0, 0, 0, 0, 0] 12 byes
aligned: [0, 0, 0, 0, 0, 0, 0, 0, 0, 0, 0, 0] 9 byes
aligned: [0, 0, 0, 0, 0, 0, 0, 0, 0, 0] 7 byes
aligned: [0, 0, 0, 0, 0, 0, 0, 0, 0, 0, 0, 0, 0, 0, 0, 0, 0, 0, 0, 0, 0, 0, 0, 0, 0, 0, 0, 0] 25 byes
aligned: [0, 0, 0, 0, 0, 0, 0, 0, 0, 0, 0, 0, 0, 0, 0, 0, 0] 14 byes
aligned: [0, 0, 0, 0, 0, 0, 0, 0, 0, 0] 7 byes
aligned: [0, 0, 0, 0, 0, 0, 0, 0, 0, 0, 0, 0, 0, 0, 0] 12 byes
aligned: [0, 0, 0, 0, 0, 0, 0, 0, 0, 0, 0, 0, 0, 0, 0, 0, 0, 0, 0, 0, 0, 0, 0, 0, 0, 0, 0] 24 byes
aligned: [0, 0, 0, 0, 0, 0, 0, 0, 0, 0, 0, 0] 9 byes
aligned: [0, 0, 0, 0, 0, 0, 0, 0, 0, 0, 0, 0, 0, 0, 0, 0] 13 byes
aligned: [0, 0, 0, 0, 0, 0, 0, 0, 0, 0, 0, 0] 9 byes
aligned: [0, 0, 0, 0, 0, 0, 0, 0, 0, 0, 0] 8 byes
aligned: [0, 0, 0, 0, 0, 0, 0, 0, 0, 0, 0, 0, 0, 0, 0, 0, 0, 0, 0, 0, 0, 0, 0] 20 byes
aligned: [0, 0, 0, 0, 0, 0, 0, 0, 0, 0, 0, 0, 0, 0, 0, 0, 0, 0, 0, 0, 0, 0, 0, 0, 0, 0, 0, 0, 0, 0, 0, 0, 0, 0, 0, 0, 0, 0, 0, 0, 0, 0] 39 byes
aligned: [0, 0, 0, 0, 0, 0, 0, 0, 0, 0, 0, 0, 0, 0, 0, 0, 0, 0, 0, 0, 0, 0, 0, 0, 0] 22 byes
aligned: [0, 0, 0, 0, 0, 0, 0, 0, 0, 0] 7 byes
aligned: [0, 0, 0, 0, 0, 0, 0, 0, 0, 0, 0, 0, 0, 0, 0, 0, 0, 0, 0, 0, 0, 0, 0, 0, 0, 0, 0, 0] 25 byes
aligned: [0, 0, 0, 0, 0, 0, 0, 0, 0, 0, 0, 0, 0, 0, 0, 0, 0, 0, 0, 0, 0, 0, 0, 0, 0, 0, 0, 0] 25 byes
aligned: [0, 0, 0, 0, 0, 0, 0, 0, 0, 0, 0, 0, 0, 0, 0, 0, 0, 0, 0, 0, 0, 0, 0, 0] 21 byes
aligned: [0, 0, 0, 0, 0, 0, 0, 0, 0, 0, 0, 0, 0, 0] 11 byes
aligned: [0, 0, 0, 0, 0, 0, 0, 0, 0, 0, 0, 0, 0, 0, 0, 0, 0, 0, 0, 0, 0, 0] 19 byes
aligned: [0, 0, 0, 0, 0, 0, 0, 0, 0, 0] 7 byes
aligned: [0, 0, 0, 0, 0, 0, 0, 0, 0, 0] 7 byes
aligned: [0, 0, 0, 0, 0, 0, 0, 0, 0, 0] 7 byes
aligned: [0, 0, 0, 0, 0, 0, 0, 0, 0, 0, 0, 0, 0] 10 byes
aligned: [0, 0, 0, 0, 0, 0, 0, 0, 0, 0, 0, 0, 0, 0, 0, 0, 0, 0] 15 byes
aligned: [0, 0, 0, 0, 0, 0, 0, 0, 0, 0] 7 byes
aligned: [0, 0, 0, 0, 0, 0, 0, 0, 0, 0, 0, 0, 0, 0, 0, 0, 0, 0, 0, 0, 0, 0, 0] 20 byes
aligned: [0, 0, 0, 0, 0, 0, 0, 0, 0, 0, 0, 0, 0, 0, 0, 0, 0, 0, 0, 0, 0, 0] 19 byes
aligned: [0, 0, 0, 0, 0, 0, 0, 0, 0, 0, 0, 0, 0, 0, 0, 0, 0, 0, 0, 0, 0, 0, 0, 0] 21 byes
aligned: [0, 0, 0, 0, 0, 0, 0, 0, 0, 0, 0, 0, 0, 0, 0, 0, 0, 0, 0] 16 byes
aligned: [0, 0, 0, 0, 0, 0, 0, 0, 0, 0, 0, 0] 9 byes
aligned: [0, 0, 0, 0, 0, 0, 0, 0, 0, 0, 0, 0, 0, 0, 0, 0, 0] 14 byes
aligned: [0, 0, 0, 0, 0, 0, 0, 0, 0, 0, 0, 0, 0, 0, 0, 0, 0, 0, 0, 0, 0, 0] 19 byes
aligned: [0, 0, 0, 0, 0, 0, 0, 0, 0, 0, 0] 8 byes
aligned: [0, 0, 0, 0, 0, 0, 0, 0, 0, 0, 0, 0, 0, 0, 0, 0, 0, 0, 0, 0, 0, 0, 0, 0, 0, 0, 0, 0, 0, 0, 0, 0, 0, 0, 0] 32 byes
aligned: [0, 0, 0, 0, 0, 0, 0, 0, 0, 0, 0, 0, 0, 0, 0, 0, 0, 0, 0, 0, 0, 0, 0, 0, 0, 0, 0, 0] 25 byes
aligned: [0, 0, 0, 0, 0, 0, 0, 0, 0, 0, 0, 0, 0, 0] 11 byes
aligned: [0, 0, 0, 0, 0, 0, 0, 0, 0, 0] 7 byes
aligned: [0, 0, 0, 0, 0, 0, 0, 0, 0, 0, 0, 0, 0, 0, 0, 0, 0, 0, 0, 0, 0, 0, 0, 0, 0, 0, 0, 0] 25 byes
aligned: [0, 0, 0, 0, 0, 0, 0, 0, 0, 0, 0, 0, 0, 0, 0, 0, 0] 14 byes
aligned: [0, 0, 0, 0, 0, 0, 0, 0, 0, 0, 0, 0, 0, 0, 0, 0, 0, 0, 0, 0, 0, 0, 0, 0, 0] 22 byes
aligned: [0, 0, 0, 0, 0, 0, 0, 0, 0, 0, 0, 0, 0, 0, 0] 12 byes
aligned: [0, 0, 0, 0, 0, 0, 0, 0, 0, 0, 0, 0, 0, 0, 0, 0, 0, 0, 0, 0, 0] 18 byes
aligned: [0, 0, 0, 0, 0, 0, 0, 0, 0, 0, 0, 0, 0, 0, 0, 0, 0, 0, 0, 0] 17 byes
aligned: [0, 0, 0, 0, 0, 0, 0, 0, 0, 0] 7 byes
aligned: [0, 0, 0, 0, 0, 0, 0, 0, 0, 0, 0, 0, 0, 0, 0, 0, 0, 0, 0, 0, 0, 0, 0, 0, 0] 22 byes
aligned: [0, 0, 0, 0, 0, 0, 0, 0, 0, 0, 0, 0, 0, 0] 11 byes
aligned: [0, 0, 0, 0, 0, 0, 0, 0, 0, 0, 0] 8 byes
aligned: [0, 0, 0, 0, 0, 0, 0, 0, 0, 0, 0, 0, 0, 0, 0, 0, 0, 0, 0, 0, 0, 0, 0, 0, 0, 0, 0, 0, 0, 0, 0] 28 byes
aligned: [0, 0, 0, 0, 0, 0, 0, 0, 0, 0, 0, 0, 0, 0] 11 byes
aligned: [0, 0, 0, 0, 0, 0, 0, 0, 0, 0, 0, 0] 9 byes
aligned: [0, 0, 0, 0, 0, 0, 0, 0, 0, 0, 0, 0, 0] 10 byes
aligned: [0, 0, 0, 0, 0, 0, 0, 0, 0, 0] 7 byes
aligned: [0, 0, 0, 0, 0, 0, 0, 0, 0, 0, 0, 0, 0, 0, 0, 0, 0, 0, 0] 16 byes
aligned: [0, 0, 0, 0, 0, 0, 0, 0, 0, 0, 0, 0, 0, 0, 0, 0, 0, 0, 0] 16 byes
aligned: [0, 0, 0, 0, 0, 0, 0, 0, 0, 0, 0, 0, 0, 0, 0] 12 byes
aligned: [0, 0, 0, 0, 0, 0, 0, 0, 0, 0, 0, 0, 0, 0, 0, 0, 0, 0, 0] 16 byes
aligned: [0, 0, 0, 0, 0, 0, 0, 0, 0, 0, 0, 0, 0] 10 byes
aligned: [0, 0, 0, 0, 0, 0, 0, 0, 0, 0, 0, 0, 0, 0, 0, 0, 0, 0, 0, 0, 0] 18 byes
aligned: [0, 0, 0, 0, 0, 0, 0, 0, 0, 0, 0, 0, 0, 0, 0, 0, 0, 0] 15 byes
aligned: [0, 0, 0, 0, 0, 0, 0, 0, 0, 0, 0, 0, 0, 0, 0, 0, 0] 14 byes
aligned: [0, 0, 0, 0, 0, 0, 0, 0, 0, 0, 0, 0, 0, 0, 0, 0, 0, 0] 15 byes
aligned: [0, 0, 0, 0, 0, 0, 0, 0, 0, 0, 0, 0, 0, 0, 0, 0, 0, 0, 0, 0, 0, 0, 0, 0, 0, 0, 0, 0, 0, 0, 0, 0, 0, 0, 0, 0, 0] 34 byes
aligned: [0, 0, 0, 0, 0, 0, 0, 0, 0, 0, 0, 0, 0, 0, 0] 12 byes
aligned: [0, 0, 0, 0, 0, 0, 0, 0, 0, 0, 0, 0, 0, 0, 0, 0, 0, 0, 0, 0, 0, 0, 0, 0, 0, 0, 0, 0, 0, 0, 0, 0, 0, 0, 0, 0, 0, 0, 0, 0, 0, 0] 39 byes
aligned: [0, 0, 0, 0, 0, 0, 0, 0, 0, 0] 7 byes
aligned: [0, 0, 0, 0, 0, 0, 0, 0, 0, 0, 0, 0, 0] 10 byes
aligned: [0, 0, 0, 0, 0, 0, 0, 0, 0, 0, 0, 0, 0, 0, 0, 0, 0, 0, 0, 0, 0, 0, 0, 0, 0, 0, 0, 0, 0, 0, 0, 0, 0, 0, 0, 0, 0, 0, 0, 0, 0, 0, 0, 0, 0, 0] 43 byes
aligned: [0, 0, 0, 0, 0, 0, 0, 0, 0, 0, 0, 0, 0] 10 byes
aligned: [0, 0, 0, 0, 0, 0, 0, 0, 0, 0, 0, 0, 0, 0, 0, 0, 0, 0, 0, 0, 0, 0, 0, 0, 0, 0, 0, 0] 25 byes
aligned: [0, 0, 0, 0, 0, 0, 0, 0, 0, 0, 0, 0] 9 byes
aligned: [0, 0, 0, 0, 0, 0, 0, 0, 0, 0, 0, 0] 9 byes
aligned: [0, 0, 0, 0, 0, 0, 0, 0, 0, 0, 0, 0, 0, 0, 0, 0, 0, 0, 0, 0, 0, 0] 19 byes
aligned: [0, 0, 0, 0, 0, 0, 0, 0, 0, 0, 0, 0, 0, 0] 11 byes
aligned: [0, 0, 0, 0, 0, 0, 0, 0, 0, 0, 0, 0, 0, 0, 0, 0, 0, 0] 15 byes
aligned: [0, 0, 0, 0, 0, 0, 0, 0, 0, 0, 0, 0, 0, 0, 0, 0, 0, 0, 0] 16 byes
aligned: [0, 0, 0, 0, 0, 0, 0, 0, 0, 0, 0, 0] 9 byes
aligned: [0, 0, 0, 0, 0, 0, 0, 0, 0, 0, 0, 0, 0, 0, 0, 0, 0, 0, 0, 0, 0, 0, 0, 0, 0] 22 byes
aligned: [0, 0, 0, 0, 0, 0, 0, 0, 0, 0, 0, 0, 0, 0, 0, 0, 0, 0, 0] 16 byes
aligned: [0, 0, 0, 0, 0, 0, 0, 0, 0, 0] 7 byes
aligned: [0, 0, 0, 0, 0, 0, 0, 0, 0, 0, 0, 0, 0, 0, 0, 0, 0, 0, 0, 0, 0, 0, 0, 0, 0, 0] 23 byes
aligned: [0, 0, 0, 0, 0, 0, 0, 0, 0, 0, 0, 0, 0, 0] 11 byes
aligned: [0, 0, 0, 0, 0, 0, 0, 0, 0, 0, 0, 0, 0, 0] 11 byes
aligned: [0, 0, 0, 0, 0, 0, 0, 0, 0, 0, 0, 0, 0, 0, 0, 0, 0, 0, 0] 16 byes
aligned: [0, 0, 0, 0, 0, 0, 0, 0, 0, 0, 0, 0] 9 byes
aligned: [0, 0, 0, 0, 0, 0, 0, 0, 0, 0, 0, 0, 0, 0, 0, 0, 0, 0, 0, 0, 0, 0, 0] 20 byes
