[64, 99, 255]
22 required to align
[0, 72, 99]
15 required to align
[0, 3, 0]
16 required to align
[255, 31, 3]
15 required to align
[255, 31, 208]
16 required to align
[99, 255, 31]
15 required to align
[1, 0, 0]
15 required to align
[4, 0, 0]
16 required to align
[31, 64, 100]
15 required to align
[255, 31, 0]
15 required to align
[0, 0, 192]
16 required to align
[0, 0, 0]
15 required to align
[68, 255, 31]
16 required to align
[120, 100, 255]
15 required to align
[0, 6, 0]
15 required to align
[31, 176, 100]
16 required to align
[255, 31, 232]
15 required to align
[0, 0, 0]
15 required to align
[0, 0, 0]
16 required to align
[0, 0, 0]
15 required to align
[0, 0, 0]
16 required to align
[63, 0, 0]
15 required to align
[193, 22, 76]
15 required to align
[0, 0, 0]
16 required to align
[0, 0, 0]
15 required to align
[8, 0, 0]
16 required to align
[14, 144, 4]
15 required to align
[31, 4, 237]
15 required to align
[250, 254, 202]
15 required to align
[239, 190, 173, 222, 56, 67, 255, 31, 56, 67, 255, 31, 3, 0, 0, 0, 1, 0, 0]
3 required to align
invalid frame
(3735928559, 56, 941621059, 7.291122104435923e-304, 3.1519203807178955e+116, 1.252509864420692e-293, 2.681561595978115e+154, 42, 2015362912, 52428640, 16777216, -1.753314119835092e-192, 1.2525100137428709e-293, -1.4916681517969382e-154, -2.350810141735099e-38, 3.131513098969519e-294, 1.514191807411729e-269, 1.2525102750566842e-293, -3.785767038042922e-270, -9.262672825459442e+77, 7.291122104435973e-304, 2.0301995948331528e-115, 1.2525103497177737e-293, -7.880401268635678e+115, -1.2419214556464206e+232, 7.29112213159752e-304, 1.753316183978971e-192, 8.208459412043602e-289, 1.4916681517969382e-154, 7.999402048066119, 7.291122104435975e-304, 1.072544477882231e+155, 1.2525116749521123e-293, 9.124881337222885e+192, -6.908419884022797e-77, 7.291122104435975e-304, 14.25, 8.208462225512369e-289, -7.880401268635678e+115, -4.2260418028339324e+270, 7.291122104435975e-304, 1.7533170462162877e-192, 8.208463326434931e-289, 1.4916681517969382e-154, 7.9994058627633855, 7.29112207727443e-304, 4.4497486491809644e-308, 1.9111525497721076e-298, -2.0000000074505806, -9.26253589481189e+77, 7.291122077274377e-304, 1.2419033550634569e+232, 3.5254549326793472e-279, 8.289046e-317, 0.0, -5.980082166329764e+197, -1.7466918022383578e-185, 2.9993936305756666e-241, 6.688871329266655e-198, 8.208119654556775e-289, 1.823170061725299e-304, -6.924462078501392e+274, 1.4287395668750932e-101, -1.5177117625706224e+82, -3.555195014483139e+131, 6.7207585446e-313, 2.9994047958601816e-241, 6.688871329266655e-198, 8.208119654556775e-289, -7.2530324e-317, -1.8545562919457703e+53, 1.4572938897908757e-154, 6.6312129696e-314, 1.4625795248579802e-154, 1.4625966845487573e-154, 2.1219957924e-314, 1.462534002760587e-154, 6.631216669e-314, 1.4626250469571696e-154, 1.4626422066479573e-154, 2.1219957924e-314, 1.4626649676975534e-154, 6.6312167007e-314, 3)
[0, 0, 0]
17 required to align
[3, 0, 0]
15 required to align
[40, 97, 255]
16 required to align
[31, 240, 98]
15 required to align
[0, 248, 98]
16 required to align
[0, 0, 1]
15 required to align
[99, 255, 31]
15 required to align
[99, 255, 31]
16 required to align
[104, 99, 255]
15 required to align
[1, 0, 0]
16 required to align
[31, 4, 0]
15 required to align
[255, 31, 248]
15 required to align
[255, 31, 24]
16 required to align
[0, 0, 0]
15 required to align
[2, 0, 0]
15 required to align
[0, 68, 255]
16 required to align
[31, 208, 67]
15 required to align
[0, 96, 68]
16 required to align
[0, 0, 1]
15 required to align
[100, 255, 31]
15 required to align
[0, 0, 0]
16 required to align
[6, 0, 0]
15 required to align
[31, 232, 100]
15 required to align
[31, 32, 101]
16 required to align
[3, 64, 0]
15 required to align
[0, 0, 0]
16 required to align
[255, 255, 255]
15 required to align
[14, 144, 4]
15 required to align
[4, 237, 0]
16 required to align
[0, 249, 255]
15 required to align
[0, 209, 3]
16 required to align
[0, 0, 0]
15 required to align
[0, 0, 0]
15 required to align
[0, 0, 0]
16 required to align
[250, 254, 202]
9 required to align
[239, 190, 173, 222, 56, 67, 255, 31, 56]
3 required to align
invalid frame
(3735928559, 56, 941621059, 7.291122104435923e-304, 3.1519203807178955e+116, 1.252509864420692e-293, 2.681561595978115e+154, 42, 2015362912, 52428640, 16777216, -1.753314119835092e-192, 1.2525100137428709e-293, -1.4916681517969382e-154, -2.350810141735099e-38, 3.131513098969519e-294, 1.514191807411729e-269, 1.2525102750566842e-293, -3.785767038042922e-270, -9.262672825459442e+77, 7.291122104435973e-304, 2.0301995948331528e-115, 1.2525103497177737e-293, -7.880401268635678e+115, -1.2419214556464206e+232, 7.29112213159752e-304, 1.753316183978971e-192, 8.208459412043602e-289, 1.4916681517969382e-154, 7.999402048066119, 7.291122104435975e-304, 1.072544477882231e+155, 1.2525116749521123e-293, 9.124881337222885e+192, -6.908419884022797e-77, 7.291122104435975e-304, 14.25, 8.208462225512369e-289, -7.880401268635678e+115, -4.2260418028339324e+270, 7.291122104435975e-304, 1.7533170462162877e-192, 8.208463326434931e-289, 1.4916681517969382e-154, 7.9994058627633855, 7.29112207727443e-304, 4.4497486491809644e-308, 1.9111525497721076e-298, -2.0000000074505806, -9.26253589481189e+77, 7.291122077274377e-304, 1.2419033550634569e+232, 3.5254549326793472e-279, 6.805647363771781e+38, 4.2260428104757846e+270, 1.0360537e-317, 7.291122182525674e-304, -6.908422559144252e-77, 3.52550915196869e-279, -5.877471776006726e-39, -3.6496825646708187e+193, 2.91613951454352e-303, 5.9662314118035676e-154, 1.2525127202073653e-293, 1.7817160737440837e-307, 4.4496235840540343e-308, 2.999404790229633e-241, 6.688871329266655e-198, 8.208119654556775e-289, -7.2530324e-317, -1.8545562919457703e+53, 1.4572938897908757e-154, 6.6312129696e-314, 1.4625795248579802e-154, 1.4625966845487573e-154, 2.1219957924e-314, 1.462534002760587e-154, 6.631216669e-314, 1.4626250469571696e-154, 1.4626422066479573e-154, 2.1219957924e-314, 1.4626649676975534e-154, 6.6312167007e-314, 3)
[0, 0, 136]
18 required to align
[0, 0, 0]
15 required to align
[40, 97, 255]
15 required to align
[240, 98, 255]
16 required to align
[0, 248, 98]
15 required to align
[0, 0, 1]
15 required to align
[255, 31, 3]
16 required to align
[99, 255, 31]
15 required to align
[99, 255, 31]
16 required to align
[1, 0, 0]
15 required to align
[31, 4, 0]
15 required to align
[31, 248, 99]
16 required to align
[255, 31, 24]
15 required to align
[0, 0, 32]
16 required to align
[0, 0, 0]
15 required to align
[0, 68, 255]
15 required to align
[208, 67, 255]
16 required to align
[0, 96, 68]
15 required to align
[0, 0, 1]
15 required to align
[255, 31, 0]
16 required to align
[0, 0, 0]
15 required to align
[0, 0, 0]
16 required to align
[232, 100, 255]
15 required to align
[31, 32, 101]
15 required to align
[64, 0, 0]
16 required to align
[0, 0, 0]
15 required to align
[255, 255, 0]
16 required to align
[144, 4, 0]
15 required to align
[4, 237, 0]
15 required to align
[249, 255, 255]
16 required to align
[0, 209, 3]
15 required to align
[0, 0, 0]
15 required to align
[0, 0, 23]
16 required to align
[0, 0, 0]
15 required to align
[250, 254, 202]
9 required to align
[239, 190, 173, 222, 56, 67, 255, 31, 56, 67, 255, 31, 3, 0]
3 required to align
invalid frame
(3735928559, 56, 941621059, 7.291122104435923e-304, 3.1519203807178955e+116, 1.252509864420692e-293, 2.681561595978115e+154, 42, 2015362912, 52428640, 16777216, -1.753314119835092e-192, 1.2525100137428709e-293, -1.4916681517969382e-154, -2.350810141735099e-38, 3.131513098969519e-294, 1.514191807411729e-269, 1.2525102750566842e-293, -3.785767038042922e-270, -9.262672825459442e+77, 7.291122104435973e-304, 2.0301995948331528e-115, 1.2525103497177737e-293, -7.880401268635678e+115, -1.2419214556464206e+232, 7.29112213159752e-304, 1.753316183978971e-192, 8.208459412043602e-289, 1.4916681517969382e-154, 7.999402048066119, 7.291122104435975e-304, 1.072544477882231e+155, 1.2525116749521123e-293, 9.124881337222885e+192, -6.908419884022797e-77, 7.291122104435975e-304, 14.25, 8.208462225512369e-289, -7.880401268635678e+115, -4.2260418028339324e+270, 7.291122104435975e-304, 4.226042431626138e+270, 4.449817681392593e-308, 8.814425663402488e-280, -8.289046e-317, -6.908423178459655e-77, 7.291122185920615e-304, -3.6496822374898784e+193, -1.753317804348216e-192, -3.1050361976143204e+231, 5.9662319466547884e-154, 2.3763644855333913e-212, 2.0727437e-317, 1.0360087e-317, 0.0, -5.980082166329764e+197, -1.7466918022383578e-185, 2.9993936305756666e-241, 6.688871329266655e-198, 8.208119654556775e-289, 1.823170061725299e-304, -6.924462078501392e+274, 1.4287395668750932e-101, -1.5177117625706224e+82, -3.555195014483139e+131, 6.7207585446e-313, 2.9994047958601816e-241, 6.688871329266655e-198, 8.208119654556775e-289, -7.2530324e-317, -1.8545562919457703e+53, 1.4572938897908757e-154, 6.6312129696e-314, 1.4625795248579802e-154, 1.4625966845487573e-154, 2.1219957924e-314, 1.462534002760587e-154, 6.631216669e-314, 1.4626250469571696e-154, 1.4626422066479573e-154, 2.1219957924e-314, 1.4626649676975534e-154, 6.6312167007e-314, 3)
[3, 0, 0]
16 required to align
[31, 3, 0]
15 required to align
[31, 40, 97]
16 required to align
[255, 31, 240]
15 required to align
[0, 0, 248]
16 required to align
[0, 0, 0]
15 required to align
[31, 64, 99]
10 required to align
[0, 0, 72]
15 required to align
[0, 0, 3]
16 required to align
[99, 255, 31]
15 required to align
[99, 255, 31]
16 required to align
[216, 99, 255]
15 required to align
[0, 1, 0]
15 required to align
[31, 4, 0]
16 required to align
[255, 31, 64]
15 required to align
[67, 255, 31]
15 required to align
[0, 0, 0]
16 required to align
[2, 0, 0]
15 required to align
[112, 68, 255]
16 required to align
[31, 120, 100]
15 required to align
[0, 0, 6]
15 required to align
[255, 31, 176]
16 required to align
[100, 255, 31]
15 required to align
[0, 0, 0]
16 required to align
[3, 0, 0]
15 required to align
[31, 0, 0]
15 required to align
[0, 0, 0]
16 required to align
[203, 63, 0]
15 required to align
[108, 193, 22]
15 required to align
[0, 0, 0]
16 required to align
[43, 0, 0]
15 required to align
[219, 8, 0]
16 required to align
[0, 14, 144]
15 required to align
[255, 31, 4]
15 required to align
[250, 254, 202]
16 required to align
[239, 190, 173, 222, 56, 67, 255, 31]
3 required to align
