[206, 250, 186, 186, 18, 91, 48, 93, 84, 86, 67, 32]
19 required to align
[0]TVC initialized
[0]testing TVC...
[0]TVC test completed
[0]sensors initialized
[0]timing set, starting PL_COUNTDOWN
invalid frame
(3735928559, 0, 60, 11.968441, 0.00212, 4.3957030614838, 0.07089843647554517, 92, 1939, 0, 93, nan, 0.0, nan, 0.0, 0.0, 0.0, 0.0, 0.0, 0.0, 0.0, 0.0, 0.0, 0.0, 0.0, 8.6, -4.79, -0.13, 0.0, 0.0, 0.0, 123456.1015625, -0.0625, 0.0, 0.0, 0.0, 0.0, -0.00027418800560851915, -0.0004700051532618677, 0.0002766718898283699, -0.00047141857850049125, 0.0, 0.0, 0.0, 0.0045395569009741565, -0.4898146552408372, 0.8716428333732442, 0.002633265250900435, 0.8716546514515522, 0.48980758217231213, -0.9998363322933188, 8.449818714484924e-139, 5.302672206e-315, -3.361806864656656e+55, 5.2660786e-315, 8.44981572821742e-139, 1.0105784802339783e-168, 1.595856432e-314, -3.361806864656656e+55, 2.5596991190674978e-83, 1.5922266325e-314, 0.0, 0.0, 0.0, 2.58527e-318, 1.2142e-319, 2.71549148875e-312, 0.0, 2.71549148875e-312, 0.0, 0.0, 0.0, 0.0, 0.0, 0.0, 0.0, 0.0, 0.0, 0.0, 4.667071547040941e-62, -1.9719686067362422e+111, -1.1071938093325995e-234, 4.068608629804e-312, 0)
[0, 0, 0]
15 required to align
[176, 63, 0]
16 required to align
[0, 0, 0]
10 required to align
[235, 63, 247]
18 required to align
[252, 239, 191]
15 required to align
[141, 113, 63]
16 required to align
[130, 165, 248]
15 required to align
[29, 161, 238]
15 required to align
[52, 108, 214]
16 required to align
[16, 188, 238]
15 required to align
[60, 80, 182]
15 required to align
[108, 43, 143]
16 required to align
[255, 94, 238]
15 required to align
[22, 108, 43]
16 required to align
[192, 0, 0]
15 required to align
[116, 191, 27]
15 required to align
[0, 0, 0]
16 required to align
[0, 0, 0]
15 required to align
[0, 0, 0]
16 required to align
[0, 0, 0]
15 required to align
[0, 0, 0]
15 required to align
[202, 239, 190]
16 required to align
[239, 190, 173, 222, 0, 120, 0, 0, 0, 249, 105, 220, 155, 223, 152, 42, 64]
1 required to align
invalid frame
(3735928559, 1, 360, 18.944198, 0.003856, 4.431152279721573, 0.14179687295109034, 2363, 2158, 2396, 2159, nan, 0.0, nan, 0.0, 0.0, 0.0, 0.0, 0.0, 0.0, 0.0, 0.0, 0.0, 0.0, 0.0, 8.62, -4.78, -0.08, 0.0, 0.0, 0.0, 123456.1015625, 0.125, 0.0, 0.0, 0.0, 0.0, 0.0005494403973643855, 0.0009436162716639394, -0.000552402861474335, 0.0009393763072633008, 0.0, 0.0, 0.0, -0.0020027194984486366, -0.48986680716439945, 0.8718188914400327, 0.004309925891378602, 0.8718083146257665, 0.48987076480103564, -1.0000095463404244, 0.0047384497990208, 0.00036529451241682637, nan, nan, nan, 0.0, 0.0, -1.1885958788287322e+148, -2.467986184120107e+255, 1.8971160127802633e-25, -3.18637661655319e-58, 1.35954650723e-312, 1.3940657095303075e-308, 1.4118571676940044e-308, 1.501327e-318, 2.71549148875e-312, 0.0, 2.71549148875e-312, 0.0, 0.0, 0.0, 0.0, 0.0, 0.0, 0.0, 0.0, 0.0, 0.0, -1.9718950660614797e+111, 9.071643606609695e+135, -1.0296824111555316e-86, 4.067972031067e-312, 0)
[0, 0, 0]
13 required to align
[0, 0, 0]
15 required to align
[0, 0, 0]
15 required to align
[0, 0, 0]
16 required to align
[118, 55, 67]
15 required to align
[129, 121, 10]
16 required to align
[0, 0, 0]
10 required to align
[0, 0, 0]
15 required to align
[31, 49, 242]
15 required to align
[66, 2, 101]
16 required to align
[4, 112, 217]
15 required to align
[0, 197, 74]
16 required to align
[63, 219, 236]
15 required to align
[0, 0, 0]
13 required to align
[127, 0, 0]
15 required to align
[248, 127, 0]
15 required to align
[248, 127, 0]
16 required to align
[0, 248, 127]
15 required to align
[0, 248, 127]
16 required to align
[0, 0, 248]
15 required to align
[0, 0, 0]
15 required to align
[0, 0, 0]
16 required to align
[239, 190, 173, 222, 1, 164, 1]
9 required to align
[0]SD transfer started
run_3_data.csv
[421]File writing complete; code: 1 erase_flash: 1
[0]Erasing flash...
[0]SD transfer done
[0]flash started
[0]telemetry initialized
[0]program start
[0]SPI, I2C, RF communication pins set
[0]TVC initialized
[0]testing TVC...
[0]TVC test completed
[0]sensors initialized
[0]timing set, starting PL_COUNTDOWN
invalid frame
(3735928559, 0, 0, 10.613169, 4284.354174, 4.466601497959346, 0.2126953094266355, 0, 0, 0, 0, 0.0, 0.0, 0.0, 0.0, 0.0, 0.0, 0.0, 0.0, 0.0, 0.0, 0.0, 0.0, 0.0, 0.0, 0.0, 0.0, 0.0, 0.0, 0.0, 0.0, 2.0, -1.4916684993516824e-154, -2.0000014294023702, 5.298922055e-315, 1.4916681462400413e-154, 1.4916685014747444e-154, -5.29265104e-315, -2.0000014300457294, -2.000001426501478, 1.7851129257751283e+37, -1.491669212353672e-154, 5.40281991e-315, 9.150534853350107e+202, 6.701273010106932e+269, -2.0030489272385674e+26, 6.701273010084114e+269, 5.285186136e-315, 0.0, 0.0, 0.0, 0.0, 0.0, 0.0, 0.0, 0.0, 0.0, 0.0, -1.1885958788287322e+148, 1.3307892938888133e-272, 2.055950072224926e+196, -3.1052238050957334e+231, 1.35953475362e-312, 5.0655713442777e-310, 2.49673e-318, 1.1889e-319, 2.71549148875e-312, 0.0, 2.71549148875e-312, 0.0, 0.0, 0.0, 0.0, -4.186908928131383e+299, -6.805647338418866e+38, 3.1e-322, 0.0, 0.0, 0.0, 2.3694002488927926e+75, 3.020498983806289e+78, 3.822578043200082e+77, 1.9023862535089697e+79, 63)
[0, 0, 0]
15 required to align
[0, 0, 0]
10 required to align
[239, 190, 173, 222, 0, 60, 0]
12 required to align
invalid frame
(3735928559, 0, 60, 11.976042, 0.002105, 4.3957030614838, 0.2481445276644081, 91, 1978, 0, 92, nan, 0.0, nan, 0.0, 0.0, 0.0, 0.0, 0.0, 0.0, 0.0, 0.0, 0.0, 0.0, 0.0, 8.97, -3.98, -0.14, 0.0, 0.0, 0.0, 123456.1015625, 0.0625, 0.0625, 0.0, 0.0, 0.0, 0.00013385668810228778, 0.00044954165600806257, -0.00029948859169879027, 0.00046557675886578823, 0.0, 0.0, 0.0, 0.013520495042764567, -0.407247631223992, 0.913621663382252, 0.002564206637481664, 0.913716228943599, 0.4072518367478727, -1.0002742632814392, -0.0031623650394968783, 0.013393221764687348, -0.23103163619376907, 987654.3125, 0.1882663804917684, 0.6965998591328206, -0.1472882287770103, 0.6868691475347798, 0.1470801288756287, 525.7227749816847, -15556.854965116356, -6970.046487210071, 0.0, 0.0, 0.0, 0.0, 0.0, 0.0, 0.0, -1.8545560607976293e+53, 4.8892628817796e-310, 8.911058353169045e-110, 6.474189221425423e+89, 5.72740327091648e-224, -2.4519832194746376e+54, 1.084832152218552e-308, 5.10637067137883e-310, -1.0565890622713305e+270, 6.27e-322, -1.0565890622713305e+270, 6.27e-322, 0.0, 0)
[0, 0, 0]
15 required to align
[0, 0, 0]
15 required to align
[0, 0, 0]
16 required to align
[0, 0, 0]
15 required to align
[64, 154, 153]
15 required to align
[191, 0, 0]
16 required to align
[0, 0, 0]
15 required to align
[36, 254, 64]
15 required to align
[0, 176, 63]
16 required to align
[0, 0, 0]
15 required to align
[93, 159, 87]
16 required to align
[90, 142, 25]
15 required to align
[0, 0, 0]
15 required to align
[0, 0, 0]
16 required to align
[53, 15, 113]
15 required to align
[115, 62, 237]
11 required to align
[232, 93, 63]
15 required to align
[126, 90, 28]
15 required to align
[81, 18, 35]
16 required to align
[0, 0, 160]
15 required to align
[247, 158, 34]
15 required to align
[138, 158, 47]
16 required to align
[63, 215, 56]
15 required to align
[206, 192, 54]
15 required to align
[0, 0, 0]
16 required to align
[0, 0, 0]
15 required to align
[0, 0, 0]
16 required to align
[0, 0, 248]
15 required to align
[213, 19, 157]
15 required to align
[0, 0, 0]
16 required to align
[0, 0, 0]
15 required to align
[0, 0, 0]
16 required to align
[0, 0, 0]
15 required to align
[0, 0, 0]
15 required to align
[222, 250, 254]
16 required to align
[239, 190, 173, 222, 0, 120, 0, 0, 0, 193, 116, 90, 183, 65]
4 required to align
[0]SD transfer started
run_4_data.csv
[421]File writing complete; code: 1 erase_flash: 1
[0]Erasing flash...
[0]SD transfer done
[0]flash started
[0]telemetry initialized
[0]program start
[0]SPI, I2C, RF communication pins set
[0]TVC test completed
[0]sensors initialized
[0]timing set, starting PL_COUNTDOWN
invalid frame
(3735928559, 0, 150, 13.960524, 0.001139, 4.3957030614838, 0.14179687295109034, 92, 1827, 0, 93, nan, 0.0, nan, 0.0, 0.0, 0.0, 0.0, 0.0, 0.0, 0.0, 0.0, 0.0, 0.0, 0.0, 9.03, -3.84, -0.13, 0.0, 0.0, 0.0, 123456.1015625, 0.0, 0.0, 0.0, 0.0, 0.0, -7.73373346060468e-05, 0.0003753510467550588, 7.742335368751728e-05, 0.00038051337496033326, 0.0, 0.0, 0.0, 0.013165572896140388, -0.3932311948784418, 0.9199898042387031, 0.0024591236536308514, 0.9200793912992554, 0.3932342956249186, 1.5975025175e-314, 0.0, 1.060738863e-314, -2.1758450151073274e-259, 1.589812204e-314, 0.0, 1.060738863e-314, 2.1217367583e-314, -2.1758450151073274e-259, -2.1024024467875576e-07, 5.33868857e-315, 0.0, 0.0, 0.0, 0.0, 0.0, 0.0, 0.0, 0.0, 1.4916681462400413e-154, -1.854556293184694e+53, 9.7783411841636e-310, 9.806405106278626e-91, 1.3019171140009534e+157, 5.72740327091648e-224, -3.2451770257465202e+32, 1.0870050759085004e-308, 5.10637067137883e-310, -1.0565890622713305e+270, 6.27e-322, -1.0565890622713305e+270, 6.27e-322, 0.0, 0)
[0, 0, 0]
20 required to align
[0, 0, 0]
16 required to align
[0, 0, 0]
15 required to align
[0, 0, 0]
15 required to align
[143, 14, 192]
16 required to align
[0, 0, 0]
15 required to align
[0, 0, 0]
16 required to align
[0, 0, 0]
15 required to align
[0, 0, 0]
15 required to align
[0, 0, 0]
16 required to align
[72, 187, 215]
15 required to align
[192, 72, 187]
15 required to align
[0, 0, 0]
16 required to align
[0, 242, 133]
15 required to align
[107, 121, 67]
10 required to align
[164, 186, 253]
16 required to align
[183, 223, 177]
15 required to align
[191, 0, 114]
15 required to align
[63, 170, 185]
16 required to align
[46, 65, 115]
15 required to align
[230, 63, 222]
16 required to align
[3, 230, 63]
15 required to align
[224, 79, 128]
15 required to align
[60, 123, 185]
16 required to align
[0, 0, 0]
15 required to align
[6, 187, 14]
16 required to align
[0, 0, 0]
15 required to align
[0, 0, 0]
15 required to align
[11, 67, 237]
16 required to align
[0, 0, 0]
15 required to align
[0, 0, 0]
15 required to align
[0, 0, 0]
16 required to align
[0, 0, 0]
15 required to align
[0, 0, 0]
16 required to align
[239, 190, 173, 222]
14 required to align
invalid frame
(3735928559, 1, 300, 17.476614, 0.004622, 4.431152279721573, 0.17724609118886292, 2610, 1183, 2643, 1184, nan, 0.0, nan, 0.0, 0.0, 0.0, 0.0, 0.0, 0.0, 0.0, 0.0, 0.0, 0.0, 0.0, 9.01, -3.81, -0.12, 0.0, 0.0, 0.0, 123456.1015625, -0.0625, 0.125, 0.0, 0.0, 0.0, -0.0008396817748200032, 0.0006634292230475104, 0.0005354208793272124, 0.0006938293731046366, -0.20963130984455347, nan, nan, nan, nan, nan, nan, nan, nan, nan, nan, nan, -2.3287771384510634e+231, 7.00274110197e-312, 18.206813, 0.004744, 4.3957030614838, 0.14179687295109034, 3.7432005765587e-311, 3.743200576575e-311, nan, 0.0, nan, 0.0, 0.0, 0.0, 0.0, 0.0, 0.0, 0.0, 0.0, 0.0, 0.0, 0.0, 8.98, -3.83, -0.16, 0.0, 0.0, 0.0, 123456.1015625, 0.125, 0)
[0, 0, 0]
21 required to align
[58, 28, 170]
16 required to align
[21, 120, 229]
15 required to align
[0, 0, 0]
8 required to align
[0, 0, 0]
13 required to align
[79, 20, 139]
15 required to align
[112, 165, 115]
15 required to align
[174, 104, 116]
16 required to align
[176, 187, 147]
15 required to align
[241, 228, 118]
15 required to align
[0, 0, 160]
16 required to align
[133, 233, 143]
15 required to align
[120, 250, 2]
16 required to align
[63, 164, 102]
15 required to align
[205, 192, 212]
15 required to align
[0, 0, 0]
16 required to align
[0, 0, 0]
15 required to align
[0, 0, 248]
15 required to align
[0, 0, 248]
16 required to align
[0, 0, 0]
15 required to align
[0, 0, 0]
16 required to align
[0, 0, 0]
15 required to align
[0, 0, 0]
15 required to align
[0, 0, 0]
16 required to align
[0, 0, 0]
15 required to align
[222, 250, 254]
16 required to align
[239, 190, 173, 222, 1, 104, 1, 0, 0, 234, 64, 214, 83, 171, 239, 50, 64]
4 required to align
[0]SD transfer started
run_5_data.csv
[421]File writing complete; code: 1 erase_flash: 1
