[93, 116, 101]
17 required to align
[105, 97, 108]
15 required to align
[103, 114, 97]
15 required to align
[80, 73, 44]
16 required to align
[109, 117, 110]
15 required to align
[115, 101, 116]
16 required to align
[116, 105, 97]
15 required to align
[115, 116, 105]
15 required to align
[46, 13, 10]
11 required to align
[67, 32, 116]
8 required to align
[100, 13, 10]
15 required to align
[105, 97, 108]
18 required to align
[116, 44, 32]
21 required to align
[67, 79, 85]
15 required to align
[55, 48, 49]
15 required to align
[48, 48, 48]
16 required to align
[44, 13, 10]
15 required to align
[239, 190, 173, 222, 6, 70, 82, 65, 77, 69, 33, 222, 250, 254, 202, 48]
3 required to align
invalid frame
(3735928559, 17926, 1162690898, 1.2172937572446499e-76, 7.103696353348757e-38, 8.255577839242286e-72, 3.251931362132296e-86, 825307184, 221001525, -1379995894, 1380320990, -1.8545561795114897e+53, 7.707457586202055e-43, 6.235837445013971e-38, 1.3147811876923272e-47, 3.310333681451904e-33, -2.429706493742804e-88, 2.0824184365937608e-148, 1.2596982969013984e-76, 7.103709770712329e-38, 8.255590827296041e-72, 3.25194677477412e-86, 3.2279294428829126e-245, 2.1908914045714606e+88, -1.8545561795114897e+53, 5.642350410210447e-38, 6.235837445013968e-38, 9.50111967399312e-43, 9.728196354708643e-72, -2.429706493742447e-88, 2.0824184365937608e-148, 1.2596982969013984e-76, 7.103723118148357e-38, 8.255595027307701e-72, 3.2519559074604524e-86, 3.2270337534887576e-245, 2.1908914045714606e+88, -1.8545561795114897e+53, 9.162199207019583e-72, 1.832547922315001e-76, 1.5731254790738973e-76, 9.728196354708637e-72, -2.4297064937425185e-88, 2.0824184365937608e-148, 1.2596982969013984e-76, 7.103700785295928e-38, 8.255586458609213e-72, 3.251940626234747e-86, 3.2261398645301273e-245, 2.1908914045714606e+88, -1.8545561795114897e+53, 1.6929870268497267e-52, 7.716284072078711e-43, 1.6561005373409426e-47, 1.794943328468084e-52, -1.1885954192916847e+148, -2.6957407062311557e+145, 5.598708088652895e-67, 4.4403721828960505e-38, 2.404939158452136e-57, 1.3973685648575078e-76, -7.714339466693323e+226, 1.4251205707627584e+64, 7.861917185308014e-96, 1.085964601936122e-95, 1.0866989908688392e-95, 1.0857831722212744e-95, 3.5354145493290803e-57, 1.3845251768284206e-275, -7.000588357874052e+283, 8.542954815180673e-72, 4.4403721828266906e-38, 4.4363297168457516e-38, 1.3973685649976327e-76, -7.714339607825076e+226, 1.4251205707627584e+64, 7.861917185308014e-96, 8.527994603172552e-96, 1.0857846009558134e-95, 8.994347941493296e-96, 6.521688738594274e-38, 1.3845251768284206e-275, 1296126534)
[46, 56, 53]
18 required to align
[48, 48, 49]
16 required to align
[239, 190, 173, 222, 6, 70, 82, 65, 77]
9 required to align
invalid frame
(3735928559, 17926, 1162690898, 4.324696182481524e-91, 4.1459247281959236e-38, 4.3243549069242797e-91, 1.2183770947344749e-76, 825241646, 741881137, -1091630579, 1174855341, -4.606234660913957e+303, 7.117300717433771e-67, 5.648090269602828e-38, 1.6566277941131193e-47, 1.0294176297135302e-71, -2.429706493742375e-88, 2.0824184365937608e-148, 1.2596982969013984e-76, 7.103705199249245e-38, 8.255564868056048e-72, 3.251940578668732e-86, 3.227918919882858e-245, 2.1908914045714606e+88, -1.8545561795114897e+53, 9.728196354708629e-72, 6.522868036899439e-38, 2.0892833349849837e-76, 2.739488464351401e-57, -1.1885954192916839e+148, -2.6957407062311557e+145, 3.252704551225964e-86, 4.869956343174328e-86, 3.453781036474781e-86, 1.303550819223979e-76, 2.9646216758067375e-260, 4790299.479354604, 1.1936877549156555e-73, 1.0314074029486743e-71, 6.228994449193867e-38, 9.730476303339458e-72, 1.794943328468084e-52, -1.1885954192916848e+148, -2.6957407062311557e+145, 3.252704551225964e-86, 4.869956319485596e-86, 3.6548574930623685e-86, 1.3035508115626897e-76, 2.9646248135686364e-260, 4790299.479354604, 1.1936877549156555e-73, 2.005392350622894e-52, 5.8817630469479445e-62, 1.9017983629663014e-52, 5.637697310643137e-62, -1.1885954192916843e+148, -2.6957407062311557e+145, 3.252704551225964e-86, 4.869956367143418e-86, 3.6548575646921996e-86, 1.3035508243713003e-76, 2.964623244628488e-260, 4790299.479354604, 1.1936877549156555e-73, 1.0853420481413197e-42, 5.054648042073554e-38, 1.0408487692365903e-42, 1.1763340597448436e-47, -1.1885954192916844e+148, -2.6957407062311557e+145, 3.252704551225964e-86, 4.869956319437501e-86, 3.654857504626475e-86, 1.303550808978975e-76, 2.9646247952786496e-260, 4790299.479354604, 1.1936877549156555e-73, 9.052751954755807e-43, 1.5721265905982276e-76, 1.3134489693769094e-47, 1.1763340597448436e-47, -1.1885954192916841e+148, 1095910918)
[52, 50, 44]
14 required to align
[57, 51, 50]
15 required to align
[239, 190, 173, 222]
15 required to align
invalid frame
(3735928559, 17926, 1162690898, 4.324696182481524e-91, 4.142474171028427e-38, 4.32674490270335e-91, 1.2171943919529878e-76, 825241646, 741881393, -1091630579, 1174855341, -4.606234660913957e+303, 1.654491654113568e-47, 3.852183118847095e-57, 6.224375751118422e-38, 6.004538872229375e-67, -1.4800674200033267e-05, 7.073464053838017e+25, 4.324696182481524e-91, 4.1442027777815566e-38, 4.326143298147873e-91, 1.2177024095489962e-76, 9.455143141076535e-96, 2.264919116650094e+29, -4.606234660913957e+303, 2.5245539155785646e-52, 5.877964964060235e-62, 9.49764366320234e-43, 6.004538872227688e-67, -1.4800674199810355e-05, 7.073464053838017e+25, 4.324696182481524e-91, 4.1447700322264535e-38, 4.328549679794185e-91, 1.2177004354807682e-76, 7.589787718503862e-96, 2.264919116650094e+29, -4.606234660913957e+303, 9.7237832383172e-72, 5.877964964059788e-62, 5.877942549443154e-62, 9.1621992068945e-72, -1.480067419981209e-05, 7.073464053838017e+25, 4.324696182481524e-91, 4.142476369178548e-38, 4.326751916073983e-91, 1.218712481275438e-76, 8.526122961537336e-96, 2.264919116650094e+29, -4.606234660913957e+303, 7.255559278004806e-43, 5.877964964060454e-62, 4.464392881129889e-33, 9.162199206890905e-72, -1.4800674199701068e-05, 7.073464053838017e+25, 4.324696182481524e-91, 4.146496387870234e-38, 4.327929357677188e-91, 1.2182077659079999e-76, 9.930625867944996e-96, 2.264919116650094e+29, -4.606234660913957e+303, 2.577692469431556e-57, 8.969062750336041e-67, 2.420152230275116e-52, 9.162199206890913e-72, -1.4800674199701068e-05, 7.073464053838017e+25, 4.324696182481524e-91, 4.144772247995439e-38, 4.326131584813087e-91, 1.2178697618038412e-76, 7.589787690598897e-96, 2.264919116650094e+29, -4.606234660913957e+303, 1.9155386832095327e-76, 1.3685703659573472e-71, 7.114425473000276e-67, 9.16219920689399e-72, -1.4800674199256978e-05, 1174855341)
[44, 45, 50]
26 required to align
[54, 49, 44]
15 required to align
[239, 190, 173, 222, 6, 70, 82, 65, 77, 69, 33, 222, 250, 254]
5 required to align
invalid frame
(3735928559, 17926, 1162690898, 4.324696182481524e-91, 4.142471893713154e-38, 4.329743479832934e-91, 1.2173624237055421e-76, 825241646, 741946673, -1091630579, 1174855341, -4.606234660913957e+303, 1.6564536265566993e-76, 1.3685703659571417e-71, 6.001663627795737e-67, 6.004538872229035e-67, -1.4800674199920944e-05, 7.073464053838017e+25, 4.324696182481524e-91, 4.1464964054890985e-38, 4.3297458389589095e-91, 1.2183764461522724e-76, 1.1808789920876191e-95, 2.264919116650094e+29, -4.606234660913957e+303, 1.4492233243784875e-47, 5.877964964060677e-62, 5.342754988001171e-38, 6.004538872229038e-67, -1.4800674199589178e-05, 7.073464053838017e+25, 4.324696182481524e-91, 4.145906765540714e-38, 4.324944798144971e-91, 1.2182097528451218e-76, 1.1799638878074737e-95, 2.264919116650094e+29, -4.606234660913957e+303, 1.4837315732295534e-76, 3.852183118846368e-57, 8.969028548343986e-67, 9.162199206890899e-72, -1.4800674199701068e-05, 7.073464053838017e+25, 4.324696182481524e-91, 4.145922459912458e-38, 4.3267425618651727e-91, 1.2182077787065173e-76, 8.99434774637612e-96, 2.264919116650094e+29, -4.606234660913957e+303, 8.227181658407271e-67, 3.8521831188473854e-57, 3.055624904502182e-57, 6.004538872230051e-67, -1.4800674200034567e-05, 7.073464053838017e+25, 4.324696182481524e-91, 4.143624347947196e-38, 4.327941071011974e-91, 1.2175324242983366e-76, 7.589787690598897e-96, 2.264919116650094e+29, -4.606234660913957e+303, 1.7428166298823867e-76, 2.5245667287676326e-52, 6.372589902663218e-67, 9.16219920689297e-72, -1.4800674199923112e-05, 7.073464053838017e+25, 4.324696182481524e-91, 4.141895706161605e-38, 4.327941080155873e-91, 1.2187105149184926e-76, 1.1803296409821875e-95, 2.264919116650094e+29, -4.606234660913957e+303, 7.114419813201045e-67, 2.5245667287670614e-52, 2.577697331163174e-57, 9.162199206889873e-72, -1.4800674199479457e-05, 1174855341)
[56, 46, 56]
20 required to align
[46, 48, 48]
16 required to align
[239, 190, 173, 222, 6, 70, 82, 65]
10 required to align
invalid frame
(3735928559, 17926, 1162690898, 4.324696182481524e-91, 4.14476108136409e-38, 4.327941089299772e-91, 1.2175291298916407e-76, 825241646, 741357105, -1091630579, 1174855341, -4.606234660913957e+303, 5.148675528156188e-62, 1.0842931536626265e-42, 1.898127872834662e-52, 6.004538872228018e-67, -1.4800674199922245e-05, 7.073464053838017e+25, 4.324696182481524e-91, 4.145909025100276e-38, 4.326740248458693e-91, 1.2176978050687862e-76, 1.0391478412014975e-95, 2.264919116650094e+29, -4.606234660913957e+303, 4.656979998095913e-33, 1.0842931536625456e-42, 1.255369158661983e-71, 6.004538872227349e-67, -1.4800674199699333e-05, 7.073464053838017e+25, 4.324696182481524e-91, 4.1430435887278283e-38, 4.3279340759291393e-91, 1.2185418217852184e-76, 1.0861474827310246e-95, 2.264919116650094e+29, -4.606234660913957e+303, 4.4643870036571894e-33, 1.6545000513652172e-47, 1.1987711644196775e-71, 9.162199206891934e-72, -1.4800674199923112e-05, 7.073464053838017e+25, 4.324696182481524e-91, 4.1441870745490635e-38, 4.3297271579729864e-91, 1.2187157731988393e-76, 8.996176526202172e-96, 2.264919116650094e+29, -4.606234660913957e+303, 3.852163567472175e-57, 1.0842931536623825e-42, 1.4492254124763154e-47, 9.162199206892447e-72, -1.4800674199924425e-05, 7.073464053838017e+25, 4.324696182481524e-91, 4.14246963435886e-38, 4.3297271579729864e-91, 1.2183731517556304e-76, 8.057955326068116e-96, 2.264919116650094e+29, -4.606234660913957e+303, 1.084287650439868e-42, 1.654500051364781e-47, 4.0792068922517454e-33, 9.162199206892958e-72, -1.4800674199368e-05, 7.073464053838017e+25, 4.324696182481524e-91, 4.146491938987089e-38, 4.3267332259441607e-91, 1.2177004328969356e-76, 1.1801467629995823e-95, 2.264919116650094e+29, -4.606234660913957e+303, 6.743499198132303e-67, 1.0842931536625856e-42, 4.0114776203166035e-57, 9.162199206889865e-72, -1.4800674199368434e-05, 1174855341)
[50, 51, 49]
14 required to align
[57, 52, 57]
16 required to align
[10, 239, 190]
15 required to align
[239, 190, 173, 222, 6, 70, 82, 65, 77, 69, 33, 222, 250, 254, 202]
1 required to align
invalid frame
(3735928559, 17926, 1162690898, 4.324696182481524e-91, 4.145346280913755e-38, 4.3297318579371393e-91, 1.2171950534543533e-76, 825241646, 741881137, -1091630579, 1174855341, -4.606234660913957e+303, 3.374238424997782e-57, 4.657003634258209e-33, 1.2439581267895145e-47, 6.004538872228693e-67, -1.480067419958831e-05, 7.073464053838017e+25, 4.324696182481524e-91, 4.143036914907047e-38, 4.327936435055115e-91, 1.2183777716584057e-76, 1.1325984903127363e-95, 2.264919116650094e+29, -4.606234660913957e+303, 7.399861133628291e-38, 4.657003634257334e-33, 2.0019030043103084e-76, 6.004538872230042e-67, -1.4800674199476855e-05, 7.073464053838017e+25, 4.324696182481524e-91, 4.1453506862115907e-38, 4.32854037130487e-91, 1.217365048949859e-76, 1.0857817267658143e-95, 2.264919116650094e+29, -4.606234660913957e+303, 1.4837315732295534e-76, 4.657003634257511e-33, 8.969028548346685e-67, 9.162199206894506e-72, -1.4800674199590045e-05, 7.073464053838017e+25, 4.3252954370549247e-91, 4.1430571109843184e-38, 4.327339439060518e-91, 1.2182084196578676e-76, 9.921524914556807e-96, 2.264919116650094e+29, -4.606234660913957e+303, 1.0394467838092804e-42, 9.339983365406478e-67, 3.886616836549777e-33, 2.5789298083778633e-57, -1.4800674200145157e-05, 7.073464053838017e+25, 4.3252954370549247e-91, 4.1459089813096996e-38, 4.324949470713145e-91, 1.2187157706150068e-76, 1.040431561705828e-95, 2.264919116650094e+29, -4.606234660913957e+303, 3.85216356747232e-57, 1.4251683601998603e-71, 1.4492254124758808e-47, 2.5789298083787327e-57, -1.4800674199257856e-05, 7.073464053838017e+25, 4.3252954370549247e-91, 4.146487463521696e-38, 4.327943375310273e-91, 1.2171930921745888e-76, 1.1806996915216048e-95, 2.264919116650094e+29, -4.606234660913957e+303, 4.905588993864958e-62, 4.6570036342566327e-33, 1.7937230013469712e-52, 2.5789298083781503e-57, -1.4800674200033706e-05, 1174855341)
[56, 46, 56]
20 required to align
[46, 48, 48]
16 required to align
[239, 190, 173, 222, 6, 70, 82, 65]
10 required to align
invalid frame
(3735928559, 17926, 1162690898, 4.3252954370549247e-91, 4.1447722389636323e-38, 4.32554175759969e-91, 1.2182064506969818e-76, 875573294, 741750070, -1091630579, 1174855341, -4.606234660913957e+303, 9.05270411185176e-43, 6.017579228004586e-67, 2.0045965564944377e-76, 1.3813351048838988e-47, -2.4297064937426608e-88, 2.0824184365937608e-148, 1.2596989557887698e-76, 7.103723206140315e-38, 5.4103726737078535e-67, 3.2519498188452566e-86, 3.2252373007990675e-245, 2.1908914045714606e+88, -1.8545561795114897e+53, 7.25906255130901e-43, 1.4844168214852926e-76, 8.602477320970151e-67, 6.525128085408797e-38, -1.188595419291684e+148, -2.6957407062311557e+145, 3.6691693402241045e-62, 2.910042313580707e-33, 3.669645932837681e-62, 1.39736856501774e-76, -7.714339466901509e+226, 1.4251205707627584e+64, 8.330084820777234e-96, 4.1430503674407267e-38, 4.3249377390905607e-91, 1.2185418295367159e-76, 1.1337007615687007e-95, 2.264919116650094e+29, -4.606234660913957e+303, 7.117458067181256e-38, 3.1245057721552617e-33, 3.5089393523194266e-33, 9.052717743367127e-43, -2.429706493742303e-88, 2.0824184365937608e-148, 3.453012753664996e-86, 4.8699564034269575e-86, 3.252704592341733e-86, 1.3035508115930868e-76, 2.964634117375238e-260, 4790299.479354604, 7.82295207061524e-69, 8.059798420924365e-96, 1.1340658170978158e-95, 1.2173663641307152e-76, 8.52435138689078e-96, 2.264919116650094e+29, -4.606234660913957e+303, 6.75942032445606e-67, 1.3141745948536923e-71, 3.695525547845944e-33, 1.382404218892952e-47, -1.1885954192916839e+148, -2.6957407062311557e+145, 4.4369014956372686e-38, 4.4403721828617054e-38, 2.737001651198677e-57, 2.57892980837873e-57, -1.480067419958788e-05, 7.073464053838017e+25, 5.2289613313170405e-67, 7.103714132254334e-38, 3.2519529471896766e-86, 1.3035508166699936e-76, 2.9646247894108956e-260, 4790299.479354604, 7.82295207061524e-69, 942551596)
[51, 55, 55]
23 required to align
[239, 190, 173, 222, 6, 70, 82, 65, 77, 69, 33]
7 required to align
invalid frame
(3735928559, 17926, 1162690898, 5.2289613313170405e-67, 7.10372320573058e-38, 3.251952875232311e-86, 1.3035508244516924e-76, 825832240, 168635444, -559038737, 1095910918, 7.82295207061524e-69, 1.0396957802939108e-95, 1.0859681933055381e-95, 1.218208440167667e-76, 8.057991128138991e-96, 2.264919116650094e+29, -4.606234660913957e+303, 2.3198193266034447e-52, 8.241654009764417e-67, 1.3132928082037632e-71, 5.055760146880938e-38, -1.1885954192916846e+148, -2.6957407062311557e+145, 6.7692985897617816e-43, 4.440372182724992e-38, 9.157794627439803e-72, 3.935134595304017e-62, -1.4800674199920524e-05, 7.073464053838017e+25, 5.2289613313170405e-67, 7.10372315338582e-38, 3.251955955494452e-86, 1.3035508269954268e-76, 2.9646278906403278e-260, 4790299.479354604, 7.82295207061524e-69, 8.988811568411805e-96, 8.992504874327852e-96, 1.2178697514584566e-76, 1.1792366676607635e-95, 2.264919116650094e+29, -4.606234660913957e+303, 9.173253536376244e-72, 4.4719044168418005e-33, 1.1765992481022447e-47, 5.638915512587506e-38, -2.4297064937426622e-88, 2.0824184365937608e-148, 3.453012753664996e-86, 4.8699563072655066e-86, 3.252704580122375e-86, 1.3035508269955446e-76, 2.9646309858834235e-260, 4790299.479354604, 7.82295207061524e-69, 8.520665224431344e-96, 8.056176747060608e-96, 1.0395171745614978e-95, 3.539155651091826e-57, 1.3845251768284206e-275, -7.000588357874052e+283, 9.157803262893762e-72, 4.6570036342566327e-33, 2.0019003687604305e-76, 2.5789298083788776e-57, -1.4800674199143368e-05, 7.073464053838017e+25, 1.2174624324117416e-76, 7.10370971823393e-38, 1.2596992188997366e-76, 3.2519375344554994e-86, 3.225694700106762e-245, 2.1908914045714606e+88, -1.8545561795114897e+53, 1.4516371691490423e-47, 3.94371767003837e-62, 1.5721265904365024e-76, 7.123107671815584e-67, -1.1885954192916847e+148, -2.6957407062311557e+145, 2.4046268188092691e-57, 741750328)
[44, 48, 46]
15 required to align
[239, 190, 173, 222, 6, 70]
12 required to align
