[82, 70, 32, 99, 111, 109, 109, 117, 110, 105, 99, 97, 116, 105, 111, 110]
14 required to align
[111, 110, 32, 112, 105, 110, 115, 32, 115, 101, 116, 222, 250, 254, 202]
13 required to align
[254, 202, 206, 250, 186, 186, 18, 91, 48, 93, 84, 86, 67, 32, 105, 110, 105, 116, 105, 97, 108, 105]
3 required to align
[0]TVC initialized
[0]testing TVC...
[0]TVC test completed
[0]sensors initialized
[0]timing set, starting PL_COUNTDOWN
invalid frame
(3735928559, 1, 240, 16.034282, 0.00376, 4.324804625008255, 0.10634765471331775, 2703, 2180, 2754, 2181, nan, 0.0, nan, 0.0, 0.0, 0.0, 0.0, 0.0, 0.0, 0.0, 0.0, 0.0, 0.0, 0.0, 9.23, -3.31, 0.1, 0.0, 0.0, 0.0, 123456.1015625, 0.0, -0.125, 0.0, 0.0, 0.0, 0.00026655741041246763, 0.001519997668815678, -5.897557666460199e-07, -0.001519997668815678, -1.4916692076073442e-154, 6.96071409207637e-72, 6.496177022112518e-54, -5.309981339056937e-217, 1.6444529788230146e+292, 1.2848333109110244e-306, -2.0245583861650645e+53, 4.034093285268481e+242, -5.1536916927349217e+247, 1.598877006e-314, 0.1576017141342163, 1.591095509e-314, -4.27942218655701e+162, 2.95158446627399e+206, -3.05805580285068e-49, 8.077149120657895e-134, -5.986460034205772e-161, -3.962653909788241e+23, 1.2019618144164324e-102, 2.7863101693402238e-260, -2.940690200594174e+257, -2.355935029775995e+58, 2.941504942514295e-46, 3.2655426080626683e+133, -2.098040389890241e+242, 9.804779022732734e-205, -2.1835882498841618e+229, 5.346928205e-315, 1.4916685038079045e-154, -1.854556293184694e+53, 0.0, 0.0, 0.0, 0.0, 0.0, 0.0, 0.0, 0.0, -4309999681536.0, 4.6673094340795975e-62, -5.164985041515253e-284, 1.35266621695e-312, 0)
[0, 0, 0, 0, 0, 0, 0, 0, 0, 0, 0, 0, 0, 0, 0, 0, 0, 0, 0]
17 required to align
[0, 0, 160, 1, 36, 254, 64, 0, 0, 0, 0, 0, 0, 192, 63, 0, 0, 0]
16 required to align
[0, 0, 0, 0, 0, 192, 63, 0, 0, 0, 0, 0, 0, 0, 0, 0, 0]
15 required to align
[0, 0, 0, 0, 0, 0, 0, 0, 0, 0, 0, 0, 0, 0, 0, 0, 105, 227]
16 required to align
[105, 227, 33, 20, 102, 181, 80, 191, 42, 97, 187, 9, 6, 187, 86, 191, 94]
15 required to align
[191, 94, 201, 67, 40, 117, 22, 73, 191, 78, 247, 45, 137, 13, 23, 91, 63]
15 required to align
[91, 63, 0, 0, 0, 0, 0, 0, 0, 0, 0, 0, 0, 0, 0, 0, 0, 0]
16 required to align
[0, 0, 0, 0, 0, 0, 0, 0, 0, 0, 187, 157, 240, 177, 13, 161, 144]
15 required to align
[161, 144, 63, 0, 186, 120, 140, 212, 96, 95, 191, 173, 160, 207, 200, 89, 2]
15 required to align
[89, 2, 240, 191, 216, 60, 101, 231, 166, 192, 213, 63, 53, 164, 155, 154, 105, 30]
16 required to align
[105, 30, 238, 63, 0, 54, 211, 203, 114, 110, 110, 63, 36, 64, 164, 40, 83]
15 required to align
[40, 83, 29, 238, 63, 222, 158, 188, 106, 229, 192, 213, 191, 165, 134, 5, 61, 122]
16 required to align
[61, 122, 78, 144, 63, 188, 45, 208, 224, 81, 98, 248, 191, 0, 0, 0, 160]
15 required to align
[0, 160, 12, 36, 46, 65, 161, 231, 119, 26, 134, 94, 248, 63, 45, 101, 68]
15 required to align
[101, 68, 166, 241, 122, 230, 63, 99, 141, 89, 16, 152, 78, 191, 191, 15, 116, 155]
16 required to align
[116, 155, 128, 112, 28, 230, 191, 172, 213, 182, 224, 70, 36, 191, 63, 59, 245]
15 required to align
[59, 245, 35, 99, 31, 137, 155, 192, 158, 162, 10, 174, 144, 178, 186, 192, 215]
15 required to align
[192, 215, 180, 193, 226, 39, 238, 227, 192, 0, 0, 0, 0, 0, 0, 0, 0, 154]
16 required to align
[0, 154, 233, 167, 3, 212, 156, 243, 191, 0, 0, 0, 0, 0, 0, 0, 0]
15 required to align
[0, 0, 188, 45, 208, 224, 81, 98, 248, 191, 78, 71, 1, 60, 124, 90, 195]
15 required to align
[90, 195, 192, 159, 78, 155, 17, 111, 63, 95, 64, 168, 64, 75, 111, 45, 3, 175]
16 required to align
[3, 175, 64, 138, 217, 103, 184, 154, 157, 185, 64, 240, 174, 156, 97, 251, 209]
15 required to align
[251, 209, 161, 192, 79, 226, 169, 66, 123, 249, 197, 64, 95, 193, 157, 186, 120, 80]
16 required to align
[120, 80, 192, 64, 129, 204, 28, 144, 68, 64, 176, 64, 159, 206, 255, 77, 230]
15 required to align
[77, 230, 206, 232, 192, 168, 207, 166, 132, 150, 7, 238, 192, 114, 102, 91, 98]
15 required to align
[91, 98, 74, 235, 195, 64, 18, 102, 67, 20, 199, 76, 9, 65, 51, 123, 138, 95]
16 required to align
[138, 95, 179, 183, 128, 64, 45, 46, 35, 143, 61, 148, 159, 192, 0, 0, 0]
15 required to align
[0, 0, 0, 0, 192, 86, 64, 0, 0, 0, 32, 71, 244, 32, 65, 222, 250, 254]
16 required to align
[250, 254, 202, 239, 190, 173, 222, 1, 44, 1, 0, 0, 125, 90, 69, 127, 104, 126, 49, 64, 255, 90]
4 required to align
[0]SD transfer started
run_18_data.csv
[421]File writing complete; code: 1 erase_flash: 1
