[0]flash started time: 172.55
[0]transferring data to SD card... time: 172.55
[0]SD transfer started time: 172.67
run_66_data.csv time: 172.85
[504]File writing complete; code: 1 erase_flash: 1 time: 173.16
[0]Erasing flash... time: 173.16
[0]SD transfer done time: 220.46
[0]telemetry initialized time: 220.46
[0]program start time: 220.46
[0]TVC initialized time: 220.46
[0]testing TVC... time: 220.46
[0]TVC test completed time: 224.46
[0]sensors initialized time: 226.17
[420]All values match time: 226.29
[0]timing set, starting PL_IDLE time: 226.29
sent: COMMAND: idle_to_standby time: 239.11
[2566]STANDBY START time: 239.19
sent: COMMAND: standby_to_countdown time: 254.09
[5534]COUNTDOWN START time: 254.19
[84138109]FREE FALL TIME: time: 254.19
[85138109]IGNITION TIME: time: 254.19
[5734]IGNITION time: 255.21
