[239, 225, 130]
30 required to align
[39, 99, 124]
15 required to align
[40, 120, 184]
15 required to align
[154, 223, 47]
16 required to align
[217, 211, 56]
15 required to align
[135, 74, 154]
15 required to align
[199, 89, 27]
16 required to align
[195, 245, 235]
15 required to align
[45, 253, 11]
16 required to align
[12, 255, 31]
15 required to align
[201, 152, 27]
15 required to align
[23, 108, 193]
16 required to align
[224, 0, 0]
15 required to align
[0, 37, 0]
16 required to align
[7, 64, 199]
15 required to align
[3, 0, 0]
15 required to align
[12, 255, 31]
16 required to align
[0, 0, 222]
15 required to align
[239, 190, 173, 222, 189, 219, 22, 0, 0, 0, 0, 0, 0, 0]
6 required to align
