[0]flash started
[0]transferring data to SD card...
[0]SD transfer started
run_40_data.csv
[510]File writing complete; code: 1 erase_flash: 1
[0]Erasing flash...
[0]SD transfer done
[0]telemetry initialized
[0]program start
[0]SPI, I2C, RF communication pins set
[0]TVC initialized
[0]testing TVC...
[0]TVC test completed
[0]sensors initialized
[0]timing set, starting PL_COUNTDOWN
[2335]Entering PL_FIRE
[10716]Entering IDLE
[0]SD transfer started
run_41_data.csv
[10716]File writing complete; code: 1 erase_flash: 1
